0:0:0:0:0:0:0:1 - - [29/Dec/2017:09:31:49 +0800] "GET /index.html?_p=f75fd4c26d73dba25f96a1b47f14209d0adfa8e19a3a4d55bfff6e70605954a34d693c83d0a22452c4a8ff207db76bcb51c53a7e37f3faafe5dc5f4e4dd98347d54dff2abb6ae6bc9e87769f9d50cae1e8ab6f0a6a820215984dedbae9cf191db9994159a71fb15c445344670c50c58b7042de4a7ef793e9cc5084168c223553bc5efe59f5dd2d98c4f70a89b19ec9cb HTTP/1.1" 200 7002
0:0:0:0:0:0:0:1 - - [29/Dec/2017:09:31:49 +0800] "GET /css/iosSelect.css HTTP/1.1" 200 7851
0:0:0:0:0:0:0:1 - - [29/Dec/2017:09:31:49 +0800] "GET /plugins/flexible.js HTTP/1.1" 200 1883
0:0:0:0:0:0:0:1 - - [29/Dec/2017:09:31:49 +0800] "GET /css/iconfont.css HTTP/1.1" 200 9580
0:0:0:0:0:0:0:1 - - [29/Dec/2017:09:31:49 +0800] "GET /js/index/style.css HTTP/1.1" 200 20727
0:0:0:0:0:0:0:1 - - [29/Dec/2017:09:31:49 +0800] "GET /js/require.js HTTP/1.1" 200 86670
0:0:0:0:0:0:0:1 - - [29/Dec/2017:09:31:49 +0800] "GET /js/config.js HTTP/1.1" 200 1773
0:0:0:0:0:0:0:1 - - [29/Dec/2017:09:31:50 +0800] "GET /js/index/index.js HTTP/1.1" 200 23353
0:0:0:0:0:0:0:1 - - [29/Dec/2017:09:31:50 +0800] "GET /images/1/dowmap.jpg HTTP/1.1" 200 72096
0:0:0:0:0:0:0:1 - - [29/Dec/2017:09:31:50 +0800] "GET /images/5/title.png HTTP/1.1" 200 791
0:0:0:0:0:0:0:1 - - [29/Dec/2017:09:31:50 +0800] "GET /component/FooterBar/footerBar.js HTTP/1.1" 200 2013
0:0:0:0:0:0:0:1 - - [29/Dec/2017:09:31:50 +0800] "GET /images/1/121-135.png HTTP/1.1" 200 46541
0:0:0:0:0:0:0:1 - - [29/Dec/2017:09:31:50 +0800] "GET /images/1/adup.jpg HTTP/1.1" 200 64767
0:0:0:0:0:0:0:1 - - [29/Dec/2017:09:31:50 +0800] "GET /plugins/lib/vue.min.js HTTP/1.1" 200 76004
0:0:0:0:0:0:0:1 - - [29/Dec/2017:09:31:50 +0800] "GET /plugins/lib/jquery.min.js HTTP/1.1" 200 85577
0:0:0:0:0:0:0:1 - - [29/Dec/2017:09:31:50 +0800] "GET /plugins/lib/echarts.min.js HTTP/1.1" 200 664016
0:0:0:0:0:0:0:1 - - [29/Dec/2017:09:31:50 +0800] "GET /plugins/funs/common.js HTTP/1.1" 200 3002
0:0:0:0:0:0:0:1 - - [29/Dec/2017:09:31:50 +0800] "GET /plugins/funs/count.js HTTP/1.1" 200 399
0:0:0:0:0:0:0:1 - - [29/Dec/2017:09:31:50 +0800] "GET /plugins/lib/html2canvas.js HTTP/1.1" 200 144491
0:0:0:0:0:0:0:1 - - [29/Dec/2017:09:31:50 +0800] "GET /favicon.ico HTTP/1.1" 404 126
0:0:0:0:0:0:0:1 - - [29/Dec/2017:09:31:50 +0800] "GET /images/1/adup.jpg HTTP/1.1" 200 64767
0:0:0:0:0:0:0:1 - - [29/Dec/2017:09:31:50 +0800] "GET /images/5/title.png HTTP/1.1" 200 791
0:0:0:0:0:0:0:1 - - [29/Dec/2017:09:31:50 +0800] "GET /images/1/121-135.png HTTP/1.1" 200 46541
0:0:0:0:0:0:0:1 - - [29/Dec/2017:09:31:50 +0800] "GET /images/1/dowmap.jpg HTTP/1.1" 200 72096
0:0:0:0:0:0:0:1 - - [29/Dec/2017:09:31:50 +0800] "POST /getAdvertising?_p=f75fd4c26d73dba25f96a1b47f14209d0adfa8e19a3a4d55bfff6e70605954a34d693c83d0a22452c4a8ff207db76bcb51c53a7e37f3faafe5dc5f4e4dd98347d54dff2abb6ae6bc9e87769f9d50cae1e8ab6f0a6a820215984dedbae9cf191db9994159a71fb15c445344670c50c58b7042de4a7ef793e9cc5084168c223553bc5efe59f5dd2d98c4f70a89b19ec9cb HTTP/1.1" 200 -
0:0:0:0:0:0:0:1 - - [29/Dec/2017:09:31:50 +0800] "GET /images/1/right.png HTTP/1.1" 200 4346
0:0:0:0:0:0:0:1 - - [29/Dec/2017:09:31:50 +0800] "GET /images/1/indexBg.png HTTP/1.1" 200 78391
0:0:0:0:0:0:0:1 - - [29/Dec/2017:09:31:50 +0800] "GET /images/tab_bar_icon/nav-tab.png HTTP/1.1" 200 9743
0:0:0:0:0:0:0:1 - - [29/Dec/2017:09:31:50 +0800] "GET /images/1/home-icon.png HTTP/1.1" 200 5940
0:0:0:0:0:0:0:1 - - [29/Dec/2017:09:31:50 +0800] "GET /images/tab_bar_icon/nav-tab-active.png HTTP/1.1" 200 8521
0:0:0:0:0:0:0:1 - - [29/Dec/2017:09:31:53 +0800] "GET /css/iosSelect.css HTTP/1.1" 200 7851
0:0:0:0:0:0:0:1 - - [29/Dec/2017:09:31:53 +0800] "GET /js/index/style.css HTTP/1.1" 200 20727
0:0:0:0:0:0:0:1 - - [29/Dec/2017:09:31:53 +0800] "GET /css/iconfont.css HTTP/1.1" 200 9580
0:0:0:0:0:0:0:1 - - [29/Dec/2017:09:31:53 +0800] "GET /js/index/style.css.map HTTP/1.1" 200 12467
0:0:0:0:0:0:0:1 - - [29/Dec/2017:09:31:54 +0800] "GET /index.html?_p=f75fd4c26d73dba25f96a1b47f14209d0adfa8e19a3a4d55bfff6e70605954a34d693c83d0a22452c4a8ff207db76bcb51c53a7e37f3faafe5dc5f4e4dd98347d54dff2abb6ae6bc9e87769f9d50cae1e8ab6f0a6a820215984dedbae9cf191db9994159a71fb15c445344670c50c58b7042de4a7ef793e9cc5084168c223553bc5efe59f5dd2d98c4f70a89b19ec9cb HTTP/1.1" 200 7002
0:0:0:0:0:0:0:1 - - [29/Dec/2017:09:31:54 +0800] "GET /css/iconfont.css HTTP/1.1" 200 9580
0:0:0:0:0:0:0:1 - - [29/Dec/2017:09:31:54 +0800] "GET /css/iosSelect.css HTTP/1.1" 200 7851
0:0:0:0:0:0:0:1 - - [29/Dec/2017:09:31:54 +0800] "GET /plugins/flexible.js HTTP/1.1" 200 1883
0:0:0:0:0:0:0:1 - - [29/Dec/2017:09:31:54 +0800] "GET /js/index/style.css HTTP/1.1" 200 20727
0:0:0:0:0:0:0:1 - - [29/Dec/2017:09:31:54 +0800] "GET /js/require.js HTTP/1.1" 200 86670
0:0:0:0:0:0:0:1 - - [29/Dec/2017:09:31:54 +0800] "GET /images/5/title.png HTTP/1.1" 200 791
0:0:0:0:0:0:0:1 - - [29/Dec/2017:09:31:54 +0800] "GET /js/index/index.js HTTP/1.1" 200 23353
0:0:0:0:0:0:0:1 - - [29/Dec/2017:09:31:54 +0800] "GET /images/1/dowmap.jpg HTTP/1.1" 200 72096
0:0:0:0:0:0:0:1 - - [29/Dec/2017:09:31:54 +0800] "GET /js/config.js HTTP/1.1" 200 1773
0:0:0:0:0:0:0:1 - - [29/Dec/2017:09:31:54 +0800] "GET /images/1/adup.jpg HTTP/1.1" 200 64767
0:0:0:0:0:0:0:1 - - [29/Dec/2017:09:31:54 +0800] "GET /images/1/121-135.png HTTP/1.1" 200 46541
0:0:0:0:0:0:0:1 - - [29/Dec/2017:09:31:54 +0800] "GET /plugins/lib/jquery.min.js HTTP/1.1" 200 85577
0:0:0:0:0:0:0:1 - - [29/Dec/2017:09:31:54 +0800] "GET /plugins/funs/common.js HTTP/1.1" 200 3002
0:0:0:0:0:0:0:1 - - [29/Dec/2017:09:31:54 +0800] "GET /plugins/lib/vue.min.js HTTP/1.1" 200 76004
0:0:0:0:0:0:0:1 - - [29/Dec/2017:09:31:54 +0800] "GET /component/FooterBar/footerBar.js HTTP/1.1" 200 2013
0:0:0:0:0:0:0:1 - - [29/Dec/2017:09:31:54 +0800] "GET /js/index/style.css.map HTTP/1.1" 200 12467
0:0:0:0:0:0:0:1 - - [29/Dec/2017:09:31:54 +0800] "GET /plugins/funs/count.js HTTP/1.1" 200 399
0:0:0:0:0:0:0:1 - - [29/Dec/2017:09:31:54 +0800] "GET /plugins/lib/echarts.min.js HTTP/1.1" 200 664016
0:0:0:0:0:0:0:1 - - [29/Dec/2017:09:31:54 +0800] "GET /plugins/lib/html2canvas.js HTTP/1.1" 200 144491
0:0:0:0:0:0:0:1 - - [29/Dec/2017:09:31:54 +0800] "GET /images/5/title.png HTTP/1.1" 200 791
0:0:0:0:0:0:0:1 - - [29/Dec/2017:09:31:54 +0800] "POST /getAdvertising?_p=f75fd4c26d73dba25f96a1b47f14209d0adfa8e19a3a4d55bfff6e70605954a34d693c83d0a22452c4a8ff207db76bcb51c53a7e37f3faafe5dc5f4e4dd98347d54dff2abb6ae6bc9e87769f9d50cae1e8ab6f0a6a820215984dedbae9cf191db9994159a71fb15c445344670c50c58b7042de4a7ef793e9cc5084168c223553bc5efe59f5dd2d98c4f70a89b19ec9cb HTTP/1.1" 200 -
0:0:0:0:0:0:0:1 - - [29/Dec/2017:09:31:54 +0800] "GET /images/1/dowmap.jpg HTTP/1.1" 200 72096
0:0:0:0:0:0:0:1 - - [29/Dec/2017:09:31:54 +0800] "GET /images/1/121-135.png HTTP/1.1" 200 46541
0:0:0:0:0:0:0:1 - - [29/Dec/2017:09:31:54 +0800] "GET /images/1/adup.jpg HTTP/1.1" 200 64767
0:0:0:0:0:0:0:1 - - [29/Dec/2017:09:31:54 +0800] "GET /images/1/right.png HTTP/1.1" 200 4346
0:0:0:0:0:0:0:1 - - [29/Dec/2017:09:31:54 +0800] "GET /images/tab_bar_icon/nav-tab-active.png HTTP/1.1" 200 8521
0:0:0:0:0:0:0:1 - - [29/Dec/2017:09:31:54 +0800] "GET /images/tab_bar_icon/nav-tab.png HTTP/1.1" 200 9743
0:0:0:0:0:0:0:1 - - [29/Dec/2017:09:31:54 +0800] "GET /images/1/indexBg.png HTTP/1.1" 200 78391
0:0:0:0:0:0:0:1 - - [29/Dec/2017:09:31:54 +0800] "GET /images/1/home-icon.png HTTP/1.1" 200 5940
0:0:0:0:0:0:0:1 - - [29/Dec/2017:09:31:55 +0800] "GET /weUserWeightList?_p=f75fd4c26d73dba25f96a1b47f14209d0adfa8e19a3a4d55bfff6e70605954a34d693c83d0a22452c4a8ff207db76bcb51c53a7e37f3faafe5dc5f4e4dd98347d54dff2abb6ae6bc9e87769f9d50cae1e8ab6f0a6a820215984dedbae9cf191db9994159a71fb15c445344670c50c58b7042de4a7ef793e9cc5084168c223553bc5efe59f5dd2d98c4f70a89b19ec9cb&type=1 HTTP/1.1" 200 380
0:0:0:0:0:0:0:1 - - [29/Dec/2017:09:32:28 +0800] "GET /index.html?_p=c1bef687d39801113480e7534d6f67d92f003817890a686059aafdeed5cd2c1abd8ee9c478e6f6c5dd7886e7ef5126eded9780c22788dcf259eaa010094cd1b55b5603a03bb589bf51f6fb2985061d3558f2db19872f525131a9282510530f8e9aa58327598a12835fc332b1ba7d442e0e886510bbf4ff7034c2b96e2a2db1f982dd8762dfda3713befdd73fb9f9d468 HTTP/1.1" 200 7003
0:0:0:0:0:0:0:1 - - [29/Dec/2017:09:32:28 +0800] "GET /css/iconfont.css HTTP/1.1" 200 9580
0:0:0:0:0:0:0:1 - - [29/Dec/2017:09:32:28 +0800] "GET /css/iosSelect.css HTTP/1.1" 200 7851
0:0:0:0:0:0:0:1 - - [29/Dec/2017:09:32:28 +0800] "GET /plugins/flexible.js HTTP/1.1" 200 1883
0:0:0:0:0:0:0:1 - - [29/Dec/2017:09:32:28 +0800] "GET /js/index/style.css HTTP/1.1" 200 20727
0:0:0:0:0:0:0:1 - - [29/Dec/2017:09:32:28 +0800] "GET /js/require.js HTTP/1.1" 200 86670
0:0:0:0:0:0:0:1 - - [29/Dec/2017:09:32:28 +0800] "GET /js/config.js HTTP/1.1" 200 1773
0:0:0:0:0:0:0:1 - - [29/Dec/2017:09:32:28 +0800] "GET /js/index/index.js HTTP/1.1" 200 23353
0:0:0:0:0:0:0:1 - - [29/Dec/2017:09:32:28 +0800] "GET /images/1/adup.jpg HTTP/1.1" 200 64767
0:0:0:0:0:0:0:1 - - [29/Dec/2017:09:32:28 +0800] "GET /images/5/title.png HTTP/1.1" 200 791
0:0:0:0:0:0:0:1 - - [29/Dec/2017:09:32:28 +0800] "GET /images/1/dowmap.jpg HTTP/1.1" 200 72096
0:0:0:0:0:0:0:1 - - [29/Dec/2017:09:32:28 +0800] "GET /images/1/121-135.png HTTP/1.1" 200 46541
0:0:0:0:0:0:0:1 - - [29/Dec/2017:09:32:28 +0800] "GET /plugins/lib/vue.min.js HTTP/1.1" 200 76004
0:0:0:0:0:0:0:1 - - [29/Dec/2017:09:32:28 +0800] "GET /plugins/funs/common.js HTTP/1.1" 200 3002
0:0:0:0:0:0:0:1 - - [29/Dec/2017:09:32:28 +0800] "GET /component/FooterBar/footerBar.js HTTP/1.1" 200 2013
0:0:0:0:0:0:0:1 - - [29/Dec/2017:09:32:28 +0800] "GET /js/index/style.css.map HTTP/1.1" 200 12467
0:0:0:0:0:0:0:1 - - [29/Dec/2017:09:32:28 +0800] "GET /plugins/funs/count.js HTTP/1.1" 200 399
0:0:0:0:0:0:0:1 - - [29/Dec/2017:09:32:28 +0800] "GET /plugins/lib/jquery.min.js HTTP/1.1" 200 85577
0:0:0:0:0:0:0:1 - - [29/Dec/2017:09:32:28 +0800] "GET /plugins/lib/html2canvas.js HTTP/1.1" 200 144491
0:0:0:0:0:0:0:1 - - [29/Dec/2017:09:32:28 +0800] "GET /plugins/lib/echarts.min.js HTTP/1.1" 200 664016
0:0:0:0:0:0:0:1 - - [29/Dec/2017:09:32:29 +0800] "POST /getAdvertising?_p=c1bef687d39801113480e7534d6f67d92f003817890a686059aafdeed5cd2c1abd8ee9c478e6f6c5dd7886e7ef5126eded9780c22788dcf259eaa010094cd1b55b5603a03bb589bf51f6fb2985061d3558f2db19872f525131a9282510530f8e9aa58327598a12835fc332b1ba7d442e0e886510bbf4ff7034c2b96e2a2db1f982dd8762dfda3713befdd73fb9f9d468 HTTP/1.1" 200 -
0:0:0:0:0:0:0:1 - - [29/Dec/2017:09:32:29 +0800] "GET /images/5/title.png HTTP/1.1" 200 791
0:0:0:0:0:0:0:1 - - [29/Dec/2017:09:32:29 +0800] "GET /images/1/121-135.png HTTP/1.1" 200 46541
0:0:0:0:0:0:0:1 - - [29/Dec/2017:09:32:29 +0800] "GET /images/1/right.png HTTP/1.1" 200 4346
0:0:0:0:0:0:0:1 - - [29/Dec/2017:09:32:29 +0800] "GET /images/1/adup.jpg HTTP/1.1" 200 64767
0:0:0:0:0:0:0:1 - - [29/Dec/2017:09:32:29 +0800] "GET /images/1/dowmap.jpg HTTP/1.1" 200 72096
0:0:0:0:0:0:0:1 - - [29/Dec/2017:09:32:29 +0800] "GET /images/tab_bar_icon/nav-tab-active.png HTTP/1.1" 200 8521
0:0:0:0:0:0:0:1 - - [29/Dec/2017:09:32:29 +0800] "GET /images/tab_bar_icon/nav-tab.png HTTP/1.1" 200 9743
0:0:0:0:0:0:0:1 - - [29/Dec/2017:09:32:29 +0800] "GET /images/1/home-icon.png HTTP/1.1" 200 5940
0:0:0:0:0:0:0:1 - - [29/Dec/2017:09:32:29 +0800] "GET /images/1/indexBg.png HTTP/1.1" 200 78391
0:0:0:0:0:0:0:1 - - [29/Dec/2017:09:32:30 +0800] "GET /weUserWeightList?_p=c1bef687d39801113480e7534d6f67d92f003817890a686059aafdeed5cd2c1abd8ee9c478e6f6c5dd7886e7ef5126eded9780c22788dcf259eaa010094cd1b55b5603a03bb589bf51f6fb2985061d3558f2db19872f525131a9282510530f8e9aa58327598a12835fc332b1ba7d442e0e886510bbf4ff7034c2b96e2a2db1f982dd8762dfda3713befdd73fb9f9d468&type=1 HTTP/1.1" 200 381
0:0:0:0:0:0:0:1 - - [29/Dec/2017:09:38:28 +0800] "GET /js/index/style.scss HTTP/1.1" 200 14978
0:0:0:0:0:0:0:1 - - [29/Dec/2017:09:42:55 +0800] "GET /index.html?_p=c1bef687d39801113480e7534d6f67d92f003817890a686059aafdeed5cd2c1abd8ee9c478e6f6c5dd7886e7ef5126eded9780c22788dcf259eaa010094cd1b55b5603a03bb589bf51f6fb2985061d3558f2db19872f525131a9282510530f8e9aa58327598a12835fc332b1ba7d442e0e886510bbf4ff7034c2b96e2a2db1f982dd8762dfda3713befdd73fb9f9d468 HTTP/1.1" 200 7003
0:0:0:0:0:0:0:1 - - [29/Dec/2017:09:42:55 +0800] "GET /css/iosSelect.css HTTP/1.1" 200 7851
0:0:0:0:0:0:0:1 - - [29/Dec/2017:09:42:55 +0800] "GET /plugins/flexible.js HTTP/1.1" 200 1883
0:0:0:0:0:0:0:1 - - [29/Dec/2017:09:42:55 +0800] "GET /js/index/style.css HTTP/1.1" 200 20727
0:0:0:0:0:0:0:1 - - [29/Dec/2017:09:42:55 +0800] "GET /css/iconfont.css HTTP/1.1" 200 9580
0:0:0:0:0:0:0:1 - - [29/Dec/2017:09:42:55 +0800] "GET /js/require.js HTTP/1.1" 200 86670
0:0:0:0:0:0:0:1 - - [29/Dec/2017:09:42:55 +0800] "GET /js/config.js HTTP/1.1" 200 1773
0:0:0:0:0:0:0:1 - - [29/Dec/2017:09:42:55 +0800] "GET /js/index/index.js HTTP/1.1" 200 23374
0:0:0:0:0:0:0:1 - - [29/Dec/2017:09:42:55 +0800] "GET /images/1/121-135.png HTTP/1.1" 200 46541
0:0:0:0:0:0:0:1 - - [29/Dec/2017:09:42:55 +0800] "GET /images/1/adup.jpg HTTP/1.1" 200 64767
0:0:0:0:0:0:0:1 - - [29/Dec/2017:09:42:55 +0800] "GET /images/1/dowmap.jpg HTTP/1.1" 200 72096
0:0:0:0:0:0:0:1 - - [29/Dec/2017:09:42:55 +0800] "GET /images/5/title.png HTTP/1.1" 200 791
0:0:0:0:0:0:0:1 - - [29/Dec/2017:09:42:55 +0800] "GET /plugins/lib/vue.min.js HTTP/1.1" 200 76004
0:0:0:0:0:0:0:1 - - [29/Dec/2017:09:42:55 +0800] "GET /component/FooterBar/footerBar.js HTTP/1.1" 200 2013
0:0:0:0:0:0:0:1 - - [29/Dec/2017:09:42:55 +0800] "GET /plugins/funs/common.js HTTP/1.1" 200 3002
0:0:0:0:0:0:0:1 - - [29/Dec/2017:09:42:55 +0800] "GET /plugins/lib/jquery.min.js HTTP/1.1" 200 85577
0:0:0:0:0:0:0:1 - - [29/Dec/2017:09:42:55 +0800] "GET /plugins/funs/count.js HTTP/1.1" 200 399
0:0:0:0:0:0:0:1 - - [29/Dec/2017:09:42:55 +0800] "GET /plugins/lib/echarts.min.js HTTP/1.1" 200 664016
0:0:0:0:0:0:0:1 - - [29/Dec/2017:09:42:55 +0800] "GET /js/index/style.css.map HTTP/1.1" 200 12467
0:0:0:0:0:0:0:1 - - [29/Dec/2017:09:42:55 +0800] "GET /plugins/lib/html2canvas.js HTTP/1.1" 200 144491
0:0:0:0:0:0:0:1 - - [29/Dec/2017:09:42:55 +0800] "GET /images/5/title.png HTTP/1.1" 200 791
0:0:0:0:0:0:0:1 - - [29/Dec/2017:09:42:55 +0800] "POST /getAdvertising?_p=c1bef687d39801113480e7534d6f67d92f003817890a686059aafdeed5cd2c1abd8ee9c478e6f6c5dd7886e7ef5126eded9780c22788dcf259eaa010094cd1b55b5603a03bb589bf51f6fb2985061d3558f2db19872f525131a9282510530f8e9aa58327598a12835fc332b1ba7d442e0e886510bbf4ff7034c2b96e2a2db1f982dd8762dfda3713befdd73fb9f9d468 HTTP/1.1" 200 -
0:0:0:0:0:0:0:1 - - [29/Dec/2017:09:42:55 +0800] "GET /images/1/adup.jpg HTTP/1.1" 200 64767
0:0:0:0:0:0:0:1 - - [29/Dec/2017:09:42:55 +0800] "GET /images/1/dowmap.jpg HTTP/1.1" 200 72096
0:0:0:0:0:0:0:1 - - [29/Dec/2017:09:42:55 +0800] "GET /images/1/121-135.png HTTP/1.1" 200 46541
0:0:0:0:0:0:0:1 - - [29/Dec/2017:09:42:55 +0800] "GET /images/1/right.png HTTP/1.1" 200 4346
0:0:0:0:0:0:0:1 - - [29/Dec/2017:09:42:55 +0800] "GET /images/1/indexBg.png HTTP/1.1" 200 78391
0:0:0:0:0:0:0:1 - - [29/Dec/2017:09:42:55 +0800] "GET /images/1/home-icon.png HTTP/1.1" 200 5940
0:0:0:0:0:0:0:1 - - [29/Dec/2017:09:42:55 +0800] "GET /images/tab_bar_icon/nav-tab-active.png HTTP/1.1" 200 8521
0:0:0:0:0:0:0:1 - - [29/Dec/2017:09:42:55 +0800] "GET /images/tab_bar_icon/nav-tab.png HTTP/1.1" 200 9743
0:0:0:0:0:0:0:1 - - [29/Dec/2017:09:42:56 +0800] "GET /weUserWeightList?_p=c1bef687d39801113480e7534d6f67d92f003817890a686059aafdeed5cd2c1abd8ee9c478e6f6c5dd7886e7ef5126eded9780c22788dcf259eaa010094cd1b55b5603a03bb589bf51f6fb2985061d3558f2db19872f525131a9282510530f8e9aa58327598a12835fc332b1ba7d442e0e886510bbf4ff7034c2b96e2a2db1f982dd8762dfda3713befdd73fb9f9d468&type=1 HTTP/1.1" 200 381
0:0:0:0:0:0:0:1 - - [29/Dec/2017:09:43:48 +0800] "GET /index.html?_p=c1bef687d39801113480e7534d6f67d92f003817890a686059aafdeed5cd2c1abd8ee9c478e6f6c5dd7886e7ef5126eded9780c22788dcf259eaa010094cd1b55b5603a03bb589bf51f6fb2985061d3558f2db19872f525131a9282510530f8e9aa58327598a12835fc332b1ba7d442e0e886510bbf4ff7034c2b96e2a2db1f982dd8762dfda3713befdd73fb9f9d468 HTTP/1.1" 200 7003
0:0:0:0:0:0:0:1 - - [29/Dec/2017:09:43:48 +0800] "GET /css/iosSelect.css HTTP/1.1" 200 7851
0:0:0:0:0:0:0:1 - - [29/Dec/2017:09:43:48 +0800] "GET /plugins/flexible.js HTTP/1.1" 200 1883
0:0:0:0:0:0:0:1 - - [29/Dec/2017:09:43:48 +0800] "GET /css/iconfont.css HTTP/1.1" 200 9580
0:0:0:0:0:0:0:1 - - [29/Dec/2017:09:43:48 +0800] "GET /js/require.js HTTP/1.1" 200 86670
0:0:0:0:0:0:0:1 - - [29/Dec/2017:09:43:48 +0800] "GET /js/index/style.css HTTP/1.1" 200 20727
0:0:0:0:0:0:0:1 - - [29/Dec/2017:09:43:48 +0800] "GET /js/config.js HTTP/1.1" 200 1773
0:0:0:0:0:0:0:1 - - [29/Dec/2017:09:43:48 +0800] "GET /js/index/index.js HTTP/1.1" 200 23183
0:0:0:0:0:0:0:1 - - [29/Dec/2017:09:43:48 +0800] "GET /images/1/adup.jpg HTTP/1.1" 200 64767
0:0:0:0:0:0:0:1 - - [29/Dec/2017:09:43:48 +0800] "GET /images/5/title.png HTTP/1.1" 200 791
0:0:0:0:0:0:0:1 - - [29/Dec/2017:09:43:48 +0800] "GET /images/1/dowmap.jpg HTTP/1.1" 200 72096
0:0:0:0:0:0:0:1 - - [29/Dec/2017:09:43:48 +0800] "GET /images/1/121-135.png HTTP/1.1" 200 46541
0:0:0:0:0:0:0:1 - - [29/Dec/2017:09:43:48 +0800] "GET /plugins/lib/vue.min.js HTTP/1.1" 200 76004
0:0:0:0:0:0:0:1 - - [29/Dec/2017:09:43:48 +0800] "GET /component/FooterBar/footerBar.js HTTP/1.1" 200 2013
0:0:0:0:0:0:0:1 - - [29/Dec/2017:09:43:48 +0800] "GET /plugins/funs/common.js HTTP/1.1" 200 3002
0:0:0:0:0:0:0:1 - - [29/Dec/2017:09:43:48 +0800] "GET /plugins/lib/jquery.min.js HTTP/1.1" 200 85577
0:0:0:0:0:0:0:1 - - [29/Dec/2017:09:43:48 +0800] "GET /plugins/funs/count.js HTTP/1.1" 200 399
0:0:0:0:0:0:0:1 - - [29/Dec/2017:09:43:48 +0800] "GET /plugins/lib/html2canvas.js HTTP/1.1" 200 144491
0:0:0:0:0:0:0:1 - - [29/Dec/2017:09:43:48 +0800] "GET /plugins/lib/echarts.min.js HTTP/1.1" 200 664016
0:0:0:0:0:0:0:1 - - [29/Dec/2017:09:43:48 +0800] "GET /js/index/style.css.map HTTP/1.1" 200 12467
0:0:0:0:0:0:0:1 - - [29/Dec/2017:09:43:48 +0800] "POST /getAdvertising?_p=c1bef687d39801113480e7534d6f67d92f003817890a686059aafdeed5cd2c1abd8ee9c478e6f6c5dd7886e7ef5126eded9780c22788dcf259eaa010094cd1b55b5603a03bb589bf51f6fb2985061d3558f2db19872f525131a9282510530f8e9aa58327598a12835fc332b1ba7d442e0e886510bbf4ff7034c2b96e2a2db1f982dd8762dfda3713befdd73fb9f9d468 HTTP/1.1" 200 -
0:0:0:0:0:0:0:1 - - [29/Dec/2017:09:43:48 +0800] "GET /images/5/title.png HTTP/1.1" 200 791
0:0:0:0:0:0:0:1 - - [29/Dec/2017:09:43:48 +0800] "GET /images/1/adup.jpg HTTP/1.1" 200 64767
0:0:0:0:0:0:0:1 - - [29/Dec/2017:09:43:48 +0800] "GET /images/1/dowmap.jpg HTTP/1.1" 200 72096
0:0:0:0:0:0:0:1 - - [29/Dec/2017:09:43:48 +0800] "GET /images/1/121-135.png HTTP/1.1" 200 46541
0:0:0:0:0:0:0:1 - - [29/Dec/2017:09:43:48 +0800] "GET /images/1/indexBg.png HTTP/1.1" 200 78391
0:0:0:0:0:0:0:1 - - [29/Dec/2017:09:43:48 +0800] "GET /images/1/home-icon.png HTTP/1.1" 200 5940
0:0:0:0:0:0:0:1 - - [29/Dec/2017:09:43:48 +0800] "GET /images/tab_bar_icon/nav-tab-active.png HTTP/1.1" 200 8521
0:0:0:0:0:0:0:1 - - [29/Dec/2017:09:43:48 +0800] "GET /images/1/right.png HTTP/1.1" 200 4346
0:0:0:0:0:0:0:1 - - [29/Dec/2017:09:43:48 +0800] "GET /images/tab_bar_icon/nav-tab.png HTTP/1.1" 200 9743
0:0:0:0:0:0:0:1 - - [29/Dec/2017:09:43:49 +0800] "GET /weUserWeightList?_p=c1bef687d39801113480e7534d6f67d92f003817890a686059aafdeed5cd2c1abd8ee9c478e6f6c5dd7886e7ef5126eded9780c22788dcf259eaa010094cd1b55b5603a03bb589bf51f6fb2985061d3558f2db19872f525131a9282510530f8e9aa58327598a12835fc332b1ba7d442e0e886510bbf4ff7034c2b96e2a2db1f982dd8762dfda3713befdd73fb9f9d468&type=1 HTTP/1.1" 200 381
0:0:0:0:0:0:0:1 - - [29/Dec/2017:09:44:06 +0800] "GET /weUserWeightList?_p=c1bef687d39801113480e7534d6f67d92f003817890a686059aafdeed5cd2c1abd8ee9c478e6f6c5dd7886e7ef5126eded9780c22788dcf259eaa010094cd1b55b5603a03bb589bf51f6fb2985061d3558f2db19872f525131a9282510530f8e9aa58327598a12835fc332b1ba7d442e0e886510bbf4ff7034c2b96e2a2db1f982dd8762dfda3713befdd73fb9f9d468&type=2 HTTP/1.1" 200 381
0:0:0:0:0:0:0:1 - - [29/Dec/2017:09:44:07 +0800] "GET /weUserWeightList?_p=c1bef687d39801113480e7534d6f67d92f003817890a686059aafdeed5cd2c1abd8ee9c478e6f6c5dd7886e7ef5126eded9780c22788dcf259eaa010094cd1b55b5603a03bb589bf51f6fb2985061d3558f2db19872f525131a9282510530f8e9aa58327598a12835fc332b1ba7d442e0e886510bbf4ff7034c2b96e2a2db1f982dd8762dfda3713befdd73fb9f9d468&type=3 HTTP/1.1" 200 381
0:0:0:0:0:0:0:1 - - [29/Dec/2017:09:47:34 +0800] "GET /index.html?_p=c1bef687d39801113480e7534d6f67d92f003817890a686059aafdeed5cd2c1abd8ee9c478e6f6c5dd7886e7ef5126eded9780c22788dcf259eaa010094cd1b55b5603a03bb589bf51f6fb2985061d3558f2db19872f525131a9282510530f8e9aa58327598a12835fc332b1ba7d442e0e886510bbf4ff7034c2b96e2a2db1f982dd8762dfda3713befdd73fb9f9d468 HTTP/1.1" 200 7003
0:0:0:0:0:0:0:1 - - [29/Dec/2017:09:47:34 +0800] "GET /css/iconfont.css HTTP/1.1" 200 9580
0:0:0:0:0:0:0:1 - - [29/Dec/2017:09:47:34 +0800] "GET /css/iosSelect.css HTTP/1.1" 200 7851
0:0:0:0:0:0:0:1 - - [29/Dec/2017:09:47:34 +0800] "GET /plugins/flexible.js HTTP/1.1" 200 1883
0:0:0:0:0:0:0:1 - - [29/Dec/2017:09:47:34 +0800] "GET /js/index/style.css HTTP/1.1" 200 20727
0:0:0:0:0:0:0:1 - - [29/Dec/2017:09:47:34 +0800] "GET /js/require.js HTTP/1.1" 200 86670
0:0:0:0:0:0:0:1 - - [29/Dec/2017:09:47:34 +0800] "GET /js/config.js HTTP/1.1" 200 1773
0:0:0:0:0:0:0:1 - - [29/Dec/2017:09:47:34 +0800] "GET /js/index/index.js HTTP/1.1" 200 24069
0:0:0:0:0:0:0:1 - - [29/Dec/2017:09:47:34 +0800] "GET /images/5/title.png HTTP/1.1" 200 791
0:0:0:0:0:0:0:1 - - [29/Dec/2017:09:47:34 +0800] "GET /images/1/121-135.png HTTP/1.1" 200 46541
0:0:0:0:0:0:0:1 - - [29/Dec/2017:09:47:34 +0800] "GET /images/1/dowmap.jpg HTTP/1.1" 200 72096
0:0:0:0:0:0:0:1 - - [29/Dec/2017:09:47:34 +0800] "GET /images/1/adup.jpg HTTP/1.1" 200 64767
0:0:0:0:0:0:0:1 - - [29/Dec/2017:09:47:34 +0800] "GET /component/FooterBar/footerBar.js HTTP/1.1" 200 2013
0:0:0:0:0:0:0:1 - - [29/Dec/2017:09:47:34 +0800] "GET /plugins/funs/common.js HTTP/1.1" 200 3002
0:0:0:0:0:0:0:1 - - [29/Dec/2017:09:47:34 +0800] "GET /plugins/lib/jquery.min.js HTTP/1.1" 200 85577
0:0:0:0:0:0:0:1 - - [29/Dec/2017:09:47:34 +0800] "GET /plugins/lib/vue.min.js HTTP/1.1" 200 76004
0:0:0:0:0:0:0:1 - - [29/Dec/2017:09:47:34 +0800] "GET /plugins/funs/count.js HTTP/1.1" 200 399
0:0:0:0:0:0:0:1 - - [29/Dec/2017:09:47:34 +0800] "GET /plugins/lib/echarts.min.js HTTP/1.1" 200 664016
0:0:0:0:0:0:0:1 - - [29/Dec/2017:09:47:34 +0800] "GET /plugins/lib/html2canvas.js HTTP/1.1" 200 144491
0:0:0:0:0:0:0:1 - - [29/Dec/2017:09:47:34 +0800] "GET /js/index/style.css.map HTTP/1.1" 200 12467
0:0:0:0:0:0:0:1 - - [29/Dec/2017:09:47:35 +0800] "POST /getAdvertising?_p=c1bef687d39801113480e7534d6f67d92f003817890a686059aafdeed5cd2c1abd8ee9c478e6f6c5dd7886e7ef5126eded9780c22788dcf259eaa010094cd1b55b5603a03bb589bf51f6fb2985061d3558f2db19872f525131a9282510530f8e9aa58327598a12835fc332b1ba7d442e0e886510bbf4ff7034c2b96e2a2db1f982dd8762dfda3713befdd73fb9f9d468 HTTP/1.1" 200 -
0:0:0:0:0:0:0:1 - - [29/Dec/2017:09:47:35 +0800] "GET /images/5/title.png HTTP/1.1" 200 791
0:0:0:0:0:0:0:1 - - [29/Dec/2017:09:47:35 +0800] "GET /images/1/adup.jpg HTTP/1.1" 200 64767
0:0:0:0:0:0:0:1 - - [29/Dec/2017:09:47:35 +0800] "GET /images/1/dowmap.jpg HTTP/1.1" 200 72096
0:0:0:0:0:0:0:1 - - [29/Dec/2017:09:47:35 +0800] "GET /images/1/121-135.png HTTP/1.1" 200 46541
0:0:0:0:0:0:0:1 - - [29/Dec/2017:09:47:35 +0800] "GET /images/tab_bar_icon/nav-tab-active.png HTTP/1.1" 200 8521
0:0:0:0:0:0:0:1 - - [29/Dec/2017:09:47:35 +0800] "GET /images/1/indexBg.png HTTP/1.1" 200 78391
0:0:0:0:0:0:0:1 - - [29/Dec/2017:09:47:35 +0800] "GET /images/tab_bar_icon/nav-tab.png HTTP/1.1" 200 9743
0:0:0:0:0:0:0:1 - - [29/Dec/2017:09:47:35 +0800] "GET /images/1/home-icon.png HTTP/1.1" 200 5940
0:0:0:0:0:0:0:1 - - [29/Dec/2017:09:47:35 +0800] "GET /images/1/right.png HTTP/1.1" 200 4346
0:0:0:0:0:0:0:1 - - [29/Dec/2017:09:47:35 +0800] "GET /weUserWeightList?_p=c1bef687d39801113480e7534d6f67d92f003817890a686059aafdeed5cd2c1abd8ee9c478e6f6c5dd7886e7ef5126eded9780c22788dcf259eaa010094cd1b55b5603a03bb589bf51f6fb2985061d3558f2db19872f525131a9282510530f8e9aa58327598a12835fc332b1ba7d442e0e886510bbf4ff7034c2b96e2a2db1f982dd8762dfda3713befdd73fb9f9d468&type=1 HTTP/1.1" 200 381
0:0:0:0:0:0:0:1 - - [29/Dec/2017:11:39:12 +0800] "GET /index.html?_p=4489b7c2bc6b389118a2a033d7733762d3fb15ae263d77107cb1d6951b33f1126b3df9f2082cc7efb5b7beb7acddf8130afd31fb9e7f01553c246a6f42a606969d44b128b6d14b0ef7c35e5541256ed8bea65e2488a198cba619968cbaa4dc523f7c56216bb3a8462361eeb512be3226b693439681e9e33efb5e4942eb115e4ded94fc1ab866c4179cdd2d3bb73f5e57bc9b6756753e50ade56f7ab71450855aab99062a7d20567c4514b5eced3fff82 HTTP/1.1" 200 47755
0:0:0:0:0:0:0:1 - - [29/Dec/2017:11:39:12 +0800] "GET /css/iconfont.css HTTP/1.1" 200 9580
0:0:0:0:0:0:0:1 - - [29/Dec/2017:11:39:12 +0800] "GET /css/iosSelect.css HTTP/1.1" 200 7851
0:0:0:0:0:0:0:1 - - [29/Dec/2017:11:39:12 +0800] "GET /plugins/flexible.js HTTP/1.1" 200 1883
0:0:0:0:0:0:0:1 - - [29/Dec/2017:11:39:12 +0800] "GET /js/index/style.css HTTP/1.1" 200 20727
0:0:0:0:0:0:0:1 - - [29/Dec/2017:11:39:12 +0800] "GET /js/require.js HTTP/1.1" 200 86670
0:0:0:0:0:0:0:1 - - [29/Dec/2017:11:39:12 +0800] "GET /js/config.js HTTP/1.1" 200 1773
0:0:0:0:0:0:0:1 - - [29/Dec/2017:11:39:12 +0800] "GET /images/5/title.png HTTP/1.1" 200 791
0:0:0:0:0:0:0:1 - - [29/Dec/2017:11:39:12 +0800] "GET /images/1/dowmap.jpg HTTP/1.1" 200 72096
0:0:0:0:0:0:0:1 - - [29/Dec/2017:11:39:12 +0800] "GET /images/1/adup.jpg HTTP/1.1" 200 64767
0:0:0:0:0:0:0:1 - - [29/Dec/2017:11:39:12 +0800] "GET /js/index/style.css.map HTTP/1.1" 200 12467
0:0:0:0:0:0:0:1 - - [29/Dec/2017:11:39:12 +0800] "GET /images/1/80-90.png HTTP/1.1" 200 31983
0:0:0:0:0:0:0:1 - - [29/Dec/2017:11:39:12 +0800] "GET /js/index/index.js HTTP/1.1" 200 23222
0:0:0:0:0:0:0:1 - - [29/Dec/2017:11:39:12 +0800] "GET /plugins/lib/vue.min.js HTTP/1.1" 200 76004
0:0:0:0:0:0:0:1 - - [29/Dec/2017:11:39:12 +0800] "GET /plugins/funs/common.js HTTP/1.1" 200 3002
0:0:0:0:0:0:0:1 - - [29/Dec/2017:11:39:12 +0800] "GET /component/FooterBar/footerBar.js HTTP/1.1" 200 2013
0:0:0:0:0:0:0:1 - - [29/Dec/2017:11:39:12 +0800] "GET /plugins/lib/jquery.min.js HTTP/1.1" 200 85577
0:0:0:0:0:0:0:1 - - [29/Dec/2017:11:39:12 +0800] "GET /plugins/funs/count.js HTTP/1.1" 200 399
0:0:0:0:0:0:0:1 - - [29/Dec/2017:11:39:12 +0800] "GET /plugins/lib/echarts.min.js HTTP/1.1" 200 664016
0:0:0:0:0:0:0:1 - - [29/Dec/2017:11:39:12 +0800] "GET /plugins/lib/html2canvas.js HTTP/1.1" 200 144491
0:0:0:0:0:0:0:1 - - [29/Dec/2017:11:39:13 +0800] "POST /getAdvertising?_p=4489b7c2bc6b389118a2a033d7733762d3fb15ae263d77107cb1d6951b33f1126b3df9f2082cc7efb5b7beb7acddf8130afd31fb9e7f01553c246a6f42a606969d44b128b6d14b0ef7c35e5541256ed8bea65e2488a198cba619968cbaa4dc523f7c56216bb3a8462361eeb512be3226b693439681e9e33efb5e4942eb115e4ded94fc1ab866c4179cdd2d3bb73f5e57bc9b6756753e50ade56f7ab71450855aab99062a7d20567c4514b5eced3fff82 HTTP/1.1" 200 -
0:0:0:0:0:0:0:1 - - [29/Dec/2017:11:39:13 +0800] "GET /images/5/title.png HTTP/1.1" 200 791
0:0:0:0:0:0:0:1 - - [29/Dec/2017:11:39:13 +0800] "GET /images/1/80-90.png HTTP/1.1" 200 31983
0:0:0:0:0:0:0:1 - - [29/Dec/2017:11:39:13 +0800] "GET /images/1/dowmap.jpg HTTP/1.1" 200 72096
0:0:0:0:0:0:0:1 - - [29/Dec/2017:11:39:13 +0800] "GET /images/1/adup.jpg HTTP/1.1" 200 64767
0:0:0:0:0:0:0:1 - - [29/Dec/2017:11:39:13 +0800] "GET /images/tab_bar_icon/nav-tab-active.png HTTP/1.1" 200 8521
0:0:0:0:0:0:0:1 - - [29/Dec/2017:11:39:13 +0800] "GET /images/tab_bar_icon/nav-tab.png HTTP/1.1" 200 9743
0:0:0:0:0:0:0:1 - - [29/Dec/2017:11:39:13 +0800] "GET /images/1/home-icon.png HTTP/1.1" 200 5940
0:0:0:0:0:0:0:1 - - [29/Dec/2017:11:39:13 +0800] "GET /images/1/right.png HTTP/1.1" 200 4346
0:0:0:0:0:0:0:1 - - [29/Dec/2017:11:39:13 +0800] "GET /images/1/indexBg.png HTTP/1.1" 200 78391
0:0:0:0:0:0:0:1 - - [29/Dec/2017:11:39:13 +0800] "GET /images/1/up-down.png HTTP/1.1" 200 3564
0:0:0:0:0:0:0:1 - - [29/Dec/2017:11:39:14 +0800] "GET /weUserWeightList?_p=4489b7c2bc6b389118a2a033d7733762d3fb15ae263d77107cb1d6951b33f1126b3df9f2082cc7efb5b7beb7acddf8130afd31fb9e7f01553c246a6f42a606969d44b128b6d14b0ef7c35e5541256ed8bea65e2488a198cba619968cbaa4dc523f7c56216bb3a8462361eeb512be3226b693439681e9e33efb5e4942eb115e4ded94fc1ab866c4179cdd2d3bb73f5e57bc9b6756753e50ade56f7ab71450855aab99062a7d20567c4514b5eced3fff82&type=1 HTTP/1.1" 200 380
0:0:0:0:0:0:0:1 - - [29/Dec/2017:11:40:56 +0800] "GET /index.html?_p=4489b7c2bc6b389118a2a033d7733762d3fb15ae263d77107cb1d6951b33f1126b3df9f2082cc7efb5b7beb7acddf8130afd31fb9e7f01553c246a6f42a606969d44b128b6d14b0ef7c35e5541256ed8bea65e2488a198cba619968cbaa4dc523f7c56216bb3a8462361eeb512be3226b693439681e9e33efb5e4942eb115e4ded94fc1ab866c4179cdd2d3bb73f5e57bc9b6756753e50ade56f7ab71450855aab99062a7d20567c4514b5eced3fff82 HTTP/1.1" 200 47755
0:0:0:0:0:0:0:1 - - [29/Dec/2017:11:40:56 +0800] "GET /css/iconfont.css HTTP/1.1" 200 9580
0:0:0:0:0:0:0:1 - - [29/Dec/2017:11:40:56 +0800] "GET /plugins/flexible.js HTTP/1.1" 200 1883
0:0:0:0:0:0:0:1 - - [29/Dec/2017:11:40:56 +0800] "GET /css/iosSelect.css HTTP/1.1" 200 7851
0:0:0:0:0:0:0:1 - - [29/Dec/2017:11:40:56 +0800] "GET /js/index/style.css HTTP/1.1" 200 20727
0:0:0:0:0:0:0:1 - - [29/Dec/2017:11:40:56 +0800] "GET /js/require.js HTTP/1.1" 200 86670
0:0:0:0:0:0:0:1 - - [29/Dec/2017:11:40:56 +0800] "GET /js/config.js HTTP/1.1" 200 1773
0:0:0:0:0:0:0:1 - - [29/Dec/2017:11:40:56 +0800] "GET /images/1/80-90.png HTTP/1.1" 200 31983
0:0:0:0:0:0:0:1 - - [29/Dec/2017:11:40:56 +0800] "GET /images/1/dowmap.jpg HTTP/1.1" 200 72096
0:0:0:0:0:0:0:1 - - [29/Dec/2017:11:40:56 +0800] "GET /images/1/adup.jpg HTTP/1.1" 200 64767
0:0:0:0:0:0:0:1 - - [29/Dec/2017:11:40:56 +0800] "GET /images/5/title.png HTTP/1.1" 200 791
0:0:0:0:0:0:0:1 - - [29/Dec/2017:11:40:56 +0800] "GET /js/index/index.js HTTP/1.1" 200 23222
0:0:0:0:0:0:0:1 - - [29/Dec/2017:11:40:56 +0800] "GET /js/index/style.css.map HTTP/1.1" 200 12467
0:0:0:0:0:0:0:1 - - [29/Dec/2017:11:40:56 +0800] "GET /plugins/funs/common.js HTTP/1.1" 200 3002
0:0:0:0:0:0:0:1 - - [29/Dec/2017:11:40:56 +0800] "GET /component/FooterBar/footerBar.js HTTP/1.1" 200 2013
0:0:0:0:0:0:0:1 - - [29/Dec/2017:11:40:56 +0800] "GET /plugins/lib/jquery.min.js HTTP/1.1" 200 85577
0:0:0:0:0:0:0:1 - - [29/Dec/2017:11:40:56 +0800] "GET /plugins/lib/vue.min.js HTTP/1.1" 200 76004
0:0:0:0:0:0:0:1 - - [29/Dec/2017:11:40:56 +0800] "GET /plugins/funs/count.js HTTP/1.1" 200 399
0:0:0:0:0:0:0:1 - - [29/Dec/2017:11:40:56 +0800] "GET /plugins/lib/echarts.min.js HTTP/1.1" 200 664016
0:0:0:0:0:0:0:1 - - [29/Dec/2017:11:40:56 +0800] "GET /plugins/lib/html2canvas.js HTTP/1.1" 200 144491
0:0:0:0:0:0:0:1 - - [29/Dec/2017:11:40:57 +0800] "GET /images/5/title.png HTTP/1.1" 200 791
0:0:0:0:0:0:0:1 - - [29/Dec/2017:11:40:57 +0800] "GET /images/1/80-90.png HTTP/1.1" 200 31983
0:0:0:0:0:0:0:1 - - [29/Dec/2017:11:40:57 +0800] "POST /getAdvertising?_p=4489b7c2bc6b389118a2a033d7733762d3fb15ae263d77107cb1d6951b33f1126b3df9f2082cc7efb5b7beb7acddf8130afd31fb9e7f01553c246a6f42a606969d44b128b6d14b0ef7c35e5541256ed8bea65e2488a198cba619968cbaa4dc523f7c56216bb3a8462361eeb512be3226b693439681e9e33efb5e4942eb115e4ded94fc1ab866c4179cdd2d3bb73f5e57bc9b6756753e50ade56f7ab71450855aab99062a7d20567c4514b5eced3fff82 HTTP/1.1" 200 -
0:0:0:0:0:0:0:1 - - [29/Dec/2017:11:40:57 +0800] "GET /images/1/dowmap.jpg HTTP/1.1" 200 72096
0:0:0:0:0:0:0:1 - - [29/Dec/2017:11:40:57 +0800] "GET /images/1/home-icon.png HTTP/1.1" 200 5940
0:0:0:0:0:0:0:1 - - [29/Dec/2017:11:40:57 +0800] "GET /images/tab_bar_icon/nav-tab.png HTTP/1.1" 200 9743
0:0:0:0:0:0:0:1 - - [29/Dec/2017:11:40:57 +0800] "GET /images/1/indexBg.png HTTP/1.1" 200 78391
0:0:0:0:0:0:0:1 - - [29/Dec/2017:11:40:57 +0800] "GET /images/1/up-down.png HTTP/1.1" 200 3564
0:0:0:0:0:0:0:1 - - [29/Dec/2017:11:40:57 +0800] "GET /images/1/right.png HTTP/1.1" 200 4346
0:0:0:0:0:0:0:1 - - [29/Dec/2017:11:40:57 +0800] "GET /images/1/adup.jpg HTTP/1.1" 200 64767
0:0:0:0:0:0:0:1 - - [29/Dec/2017:11:40:57 +0800] "GET /images/tab_bar_icon/nav-tab-active.png HTTP/1.1" 200 8521
0:0:0:0:0:0:0:1 - - [29/Dec/2017:11:40:58 +0800] "GET /weUserWeightList?_p=4489b7c2bc6b389118a2a033d7733762d3fb15ae263d77107cb1d6951b33f1126b3df9f2082cc7efb5b7beb7acddf8130afd31fb9e7f01553c246a6f42a606969d44b128b6d14b0ef7c35e5541256ed8bea65e2488a198cba619968cbaa4dc523f7c56216bb3a8462361eeb512be3226b693439681e9e33efb5e4942eb115e4ded94fc1ab866c4179cdd2d3bb73f5e57bc9b6756753e50ade56f7ab71450855aab99062a7d20567c4514b5eced3fff82&type=1 HTTP/1.1" 200 380
0:0:0:0:0:0:0:1 - - [29/Dec/2017:11:41:25 +0800] "GET /index.html?_p=4489b7c2bc6b389118a2a033d7733762d3fb15ae263d77107cb1d6951b33f1126b3df9f2082cc7efb5b7beb7acddf8130afd31fb9e7f01553c246a6f42a606969d44b128b6d14b0ef7c35e5541256ed8bea65e2488a198cba619968cbaa4dc523f7c56216bb3a8462361eeb512be3226b693439681e9e33efb5e4942eb115e4ded94fc1ab866c4179cdd2d3bb73f5e57bc9b6756753e50ade56f7ab71450855aab99062a7d20567c4514b5eced3fff82 HTTP/1.1" 200 47755
0:0:0:0:0:0:0:1 - - [29/Dec/2017:11:41:25 +0800] "GET /css/iconfont.css HTTP/1.1" 200 9580
0:0:0:0:0:0:0:1 - - [29/Dec/2017:11:41:25 +0800] "GET /plugins/flexible.js HTTP/1.1" 200 1883
0:0:0:0:0:0:0:1 - - [29/Dec/2017:11:41:25 +0800] "GET /js/index/style.css HTTP/1.1" 200 20727
0:0:0:0:0:0:0:1 - - [29/Dec/2017:11:41:25 +0800] "GET /css/iosSelect.css HTTP/1.1" 200 7851
0:0:0:0:0:0:0:1 - - [29/Dec/2017:11:41:25 +0800] "GET /js/config.js HTTP/1.1" 200 1773
0:0:0:0:0:0:0:1 - - [29/Dec/2017:11:41:25 +0800] "GET /js/index/index.js HTTP/1.1" 200 23222
0:0:0:0:0:0:0:1 - - [29/Dec/2017:11:41:25 +0800] "GET /images/1/dowmap.jpg HTTP/1.1" 200 72096
0:0:0:0:0:0:0:1 - - [29/Dec/2017:11:41:25 +0800] "GET /images/5/title.png HTTP/1.1" 200 791
0:0:0:0:0:0:0:1 - - [29/Dec/2017:11:41:25 +0800] "GET /js/require.js HTTP/1.1" 200 86670
0:0:0:0:0:0:0:1 - - [29/Dec/2017:11:41:25 +0800] "GET /images/1/80-90.png HTTP/1.1" 200 31983
0:0:0:0:0:0:0:1 - - [29/Dec/2017:11:41:25 +0800] "GET /images/1/adup.jpg HTTP/1.1" 200 64767
0:0:0:0:0:0:0:1 - - [29/Dec/2017:11:41:25 +0800] "GET /js/index/style.css.map HTTP/1.1" 200 12467
0:0:0:0:0:0:0:1 - - [29/Dec/2017:11:41:25 +0800] "GET /plugins/lib/jquery.min.js HTTP/1.1" 200 85577
0:0:0:0:0:0:0:1 - - [29/Dec/2017:11:41:25 +0800] "GET /plugins/funs/common.js HTTP/1.1" 200 3002
0:0:0:0:0:0:0:1 - - [29/Dec/2017:11:41:25 +0800] "GET /plugins/lib/vue.min.js HTTP/1.1" 200 76004
0:0:0:0:0:0:0:1 - - [29/Dec/2017:11:41:25 +0800] "GET /component/FooterBar/footerBar.js HTTP/1.1" 200 2013
0:0:0:0:0:0:0:1 - - [29/Dec/2017:11:41:25 +0800] "GET /plugins/funs/count.js HTTP/1.1" 200 399
0:0:0:0:0:0:0:1 - - [29/Dec/2017:11:41:25 +0800] "GET /plugins/lib/echarts.min.js HTTP/1.1" 200 664016
0:0:0:0:0:0:0:1 - - [29/Dec/2017:11:41:25 +0800] "GET /plugins/lib/html2canvas.js HTTP/1.1" 200 144491
0:0:0:0:0:0:0:1 - - [29/Dec/2017:11:41:25 +0800] "POST /getAdvertising?_p=4489b7c2bc6b389118a2a033d7733762d3fb15ae263d77107cb1d6951b33f1126b3df9f2082cc7efb5b7beb7acddf8130afd31fb9e7f01553c246a6f42a606969d44b128b6d14b0ef7c35e5541256ed8bea65e2488a198cba619968cbaa4dc523f7c56216bb3a8462361eeb512be3226b693439681e9e33efb5e4942eb115e4ded94fc1ab866c4179cdd2d3bb73f5e57bc9b6756753e50ade56f7ab71450855aab99062a7d20567c4514b5eced3fff82 HTTP/1.1" 200 -
0:0:0:0:0:0:0:1 - - [29/Dec/2017:11:41:25 +0800] "GET /images/5/title.png HTTP/1.1" 200 791
0:0:0:0:0:0:0:1 - - [29/Dec/2017:11:41:25 +0800] "GET /images/1/80-90.png HTTP/1.1" 200 31983
0:0:0:0:0:0:0:1 - - [29/Dec/2017:11:41:25 +0800] "GET /images/1/adup.jpg HTTP/1.1" 200 64767
0:0:0:0:0:0:0:1 - - [29/Dec/2017:11:41:25 +0800] "GET /images/1/dowmap.jpg HTTP/1.1" 200 72096
0:0:0:0:0:0:0:1 - - [29/Dec/2017:11:41:25 +0800] "GET /images/tab_bar_icon/nav-tab-active.png HTTP/1.1" 200 8521
0:0:0:0:0:0:0:1 - - [29/Dec/2017:11:41:25 +0800] "GET /images/tab_bar_icon/nav-tab.png HTTP/1.1" 200 9743
0:0:0:0:0:0:0:1 - - [29/Dec/2017:11:41:25 +0800] "GET /images/1/up-down.png HTTP/1.1" 200 3564
0:0:0:0:0:0:0:1 - - [29/Dec/2017:11:41:25 +0800] "GET /images/1/home-icon.png HTTP/1.1" 200 5940
0:0:0:0:0:0:0:1 - - [29/Dec/2017:11:41:25 +0800] "GET /images/1/right.png HTTP/1.1" 200 4346
0:0:0:0:0:0:0:1 - - [29/Dec/2017:11:41:25 +0800] "GET /images/1/indexBg.png HTTP/1.1" 200 78391
0:0:0:0:0:0:0:1 - - [29/Dec/2017:11:41:27 +0800] "GET /weUserWeightList?_p=4489b7c2bc6b389118a2a033d7733762d3fb15ae263d77107cb1d6951b33f1126b3df9f2082cc7efb5b7beb7acddf8130afd31fb9e7f01553c246a6f42a606969d44b128b6d14b0ef7c35e5541256ed8bea65e2488a198cba619968cbaa4dc523f7c56216bb3a8462361eeb512be3226b693439681e9e33efb5e4942eb115e4ded94fc1ab866c4179cdd2d3bb73f5e57bc9b6756753e50ade56f7ab71450855aab99062a7d20567c4514b5eced3fff82&type=1 HTTP/1.1" 200 380
0:0:0:0:0:0:0:1 - - [29/Dec/2017:11:41:34 +0800] "GET /weUserWeightList?_p=4489b7c2bc6b389118a2a033d7733762d3fb15ae263d77107cb1d6951b33f1126b3df9f2082cc7efb5b7beb7acddf8130afd31fb9e7f01553c246a6f42a606969d44b128b6d14b0ef7c35e5541256ed8bea65e2488a198cba619968cbaa4dc523f7c56216bb3a8462361eeb512be3226b693439681e9e33efb5e4942eb115e4ded94fc1ab866c4179cdd2d3bb73f5e57bc9b6756753e50ade56f7ab71450855aab99062a7d20567c4514b5eced3fff82&type=2 HTTP/1.1" 200 380
0:0:0:0:0:0:0:1 - - [29/Dec/2017:11:41:35 +0800] "GET /weUserWeightList?_p=4489b7c2bc6b389118a2a033d7733762d3fb15ae263d77107cb1d6951b33f1126b3df9f2082cc7efb5b7beb7acddf8130afd31fb9e7f01553c246a6f42a606969d44b128b6d14b0ef7c35e5541256ed8bea65e2488a198cba619968cbaa4dc523f7c56216bb3a8462361eeb512be3226b693439681e9e33efb5e4942eb115e4ded94fc1ab866c4179cdd2d3bb73f5e57bc9b6756753e50ade56f7ab71450855aab99062a7d20567c4514b5eced3fff82&type=3 HTTP/1.1" 200 380
0:0:0:0:0:0:0:1 - - [29/Dec/2017:14:06:25 +0800] "GET /index.html?_p=4489b7c2bc6b389118a2a033d7733762d3fb15ae263d77107cb1d6951b33f1126b3df9f2082cc7efb5b7beb7acddf8130afd31fb9e7f01553c246a6f42a606969d44b128b6d14b0ef7c35e5541256ed8bea65e2488a198cba619968cbaa4dc523f7c56216bb3a8462361eeb512be3226b693439681e9e33efb5e4942eb115e4ded94fc1ab866c4179cdd2d3bb73f5e57bc9b6756753e50ade56f7ab71450855aab99062a7d20567c4514b5eced3fff82 HTTP/1.1" 200 47755
0:0:0:0:0:0:0:1 - - [29/Dec/2017:14:06:25 +0800] "GET /css/iconfont.css HTTP/1.1" 200 9580
0:0:0:0:0:0:0:1 - - [29/Dec/2017:14:06:25 +0800] "GET /plugins/flexible.js HTTP/1.1" 200 1883
0:0:0:0:0:0:0:1 - - [29/Dec/2017:14:06:25 +0800] "GET /js/index/style.css HTTP/1.1" 200 20727
0:0:0:0:0:0:0:1 - - [29/Dec/2017:14:06:25 +0800] "GET /css/iosSelect.css HTTP/1.1" 200 7851
0:0:0:0:0:0:0:1 - - [29/Dec/2017:14:06:25 +0800] "GET /js/require.js HTTP/1.1" 200 86670
0:0:0:0:0:0:0:1 - - [29/Dec/2017:14:06:25 +0800] "GET /js/config.js HTTP/1.1" 200 1773
0:0:0:0:0:0:0:1 - - [29/Dec/2017:14:06:25 +0800] "GET /images/5/title.png HTTP/1.1" 200 791
0:0:0:0:0:0:0:1 - - [29/Dec/2017:14:06:25 +0800] "GET /images/1/80-90.png HTTP/1.1" 200 31983
0:0:0:0:0:0:0:1 - - [29/Dec/2017:14:06:25 +0800] "GET /images/1/dowmap.jpg HTTP/1.1" 200 72096
0:0:0:0:0:0:0:1 - - [29/Dec/2017:14:06:25 +0800] "GET /images/1/adup.jpg HTTP/1.1" 200 64767
0:0:0:0:0:0:0:1 - - [29/Dec/2017:14:06:25 +0800] "GET /js/index/index.js HTTP/1.1" 200 23222
0:0:0:0:0:0:0:1 - - [29/Dec/2017:14:06:25 +0800] "GET /plugins/funs/common.js HTTP/1.1" 200 3002
0:0:0:0:0:0:0:1 - - [29/Dec/2017:14:06:25 +0800] "GET /component/FooterBar/footerBar.js HTTP/1.1" 200 2013
0:0:0:0:0:0:0:1 - - [29/Dec/2017:14:06:25 +0800] "GET /plugins/lib/jquery.min.js HTTP/1.1" 200 85577
0:0:0:0:0:0:0:1 - - [29/Dec/2017:14:06:26 +0800] "GET /plugins/funs/count.js HTTP/1.1" 200 399
0:0:0:0:0:0:0:1 - - [29/Dec/2017:14:06:26 +0800] "GET /plugins/lib/vue.min.js HTTP/1.1" 200 76004
0:0:0:0:0:0:0:1 - - [29/Dec/2017:14:06:26 +0800] "GET /plugins/lib/echarts.min.js HTTP/1.1" 200 664016
0:0:0:0:0:0:0:1 - - [29/Dec/2017:14:06:26 +0800] "GET /js/index/style.css.map HTTP/1.1" 200 12467
0:0:0:0:0:0:0:1 - - [29/Dec/2017:14:06:26 +0800] "GET /plugins/lib/html2canvas.js HTTP/1.1" 200 144491
0:0:0:0:0:0:0:1 - - [29/Dec/2017:14:06:26 +0800] "GET /images/1/dowmap.jpg HTTP/1.1" 200 72096
0:0:0:0:0:0:0:1 - - [29/Dec/2017:14:06:26 +0800] "GET /images/5/title.png HTTP/1.1" 200 791
0:0:0:0:0:0:0:1 - - [29/Dec/2017:14:06:26 +0800] "GET /images/1/80-90.png HTTP/1.1" 200 31983
0:0:0:0:0:0:0:1 - - [29/Dec/2017:14:06:26 +0800] "POST /getAdvertising?_p=4489b7c2bc6b389118a2a033d7733762d3fb15ae263d77107cb1d6951b33f1126b3df9f2082cc7efb5b7beb7acddf8130afd31fb9e7f01553c246a6f42a606969d44b128b6d14b0ef7c35e5541256ed8bea65e2488a198cba619968cbaa4dc523f7c56216bb3a8462361eeb512be3226b693439681e9e33efb5e4942eb115e4ded94fc1ab866c4179cdd2d3bb73f5e57bc9b6756753e50ade56f7ab71450855aab99062a7d20567c4514b5eced3fff82 HTTP/1.1" 200 -
0:0:0:0:0:0:0:1 - - [29/Dec/2017:14:06:26 +0800] "GET /images/1/adup.jpg HTTP/1.1" 200 64767
0:0:0:0:0:0:0:1 - - [29/Dec/2017:14:06:26 +0800] "GET /images/1/indexBg.png HTTP/1.1" 200 78391
0:0:0:0:0:0:0:1 - - [29/Dec/2017:14:06:26 +0800] "GET /images/1/up-down.png HTTP/1.1" 200 3564
0:0:0:0:0:0:0:1 - - [29/Dec/2017:14:06:26 +0800] "GET /images/tab_bar_icon/nav-tab.png HTTP/1.1" 200 9743
0:0:0:0:0:0:0:1 - - [29/Dec/2017:14:06:26 +0800] "GET /images/1/home-icon.png HTTP/1.1" 200 5940
0:0:0:0:0:0:0:1 - - [29/Dec/2017:14:06:26 +0800] "GET /images/tab_bar_icon/nav-tab-active.png HTTP/1.1" 200 8521
0:0:0:0:0:0:0:1 - - [29/Dec/2017:14:06:26 +0800] "GET /images/1/right.png HTTP/1.1" 200 4346
0:0:0:0:0:0:0:1 - - [29/Dec/2017:14:06:27 +0800] "GET /weUserWeightList?_p=4489b7c2bc6b389118a2a033d7733762d3fb15ae263d77107cb1d6951b33f1126b3df9f2082cc7efb5b7beb7acddf8130afd31fb9e7f01553c246a6f42a606969d44b128b6d14b0ef7c35e5541256ed8bea65e2488a198cba619968cbaa4dc523f7c56216bb3a8462361eeb512be3226b693439681e9e33efb5e4942eb115e4ded94fc1ab866c4179cdd2d3bb73f5e57bc9b6756753e50ade56f7ab71450855aab99062a7d20567c4514b5eced3fff82&type=1 HTTP/1.1" 500 684
0:0:0:0:0:0:0:1 - - [29/Dec/2017:14:06:43 +0800] "GET /weUserWeightList?_p=4489b7c2bc6b389118a2a033d7733762d3fb15ae263d77107cb1d6951b33f1126b3df9f2082cc7efb5b7beb7acddf8130afd31fb9e7f01553c246a6f42a606969d44b128b6d14b0ef7c35e5541256ed8bea65e2488a198cba619968cbaa4dc523f7c56216bb3a8462361eeb512be3226b693439681e9e33efb5e4942eb115e4ded94fc1ab866c4179cdd2d3bb73f5e57bc9b6756753e50ade56f7ab71450855aab99062a7d20567c4514b5eced3fff82&type=2 HTTP/1.1" 500 683
0:0:0:0:0:0:0:1 - - [29/Dec/2017:14:06:43 +0800] "GET /weUserWeightList?_p=4489b7c2bc6b389118a2a033d7733762d3fb15ae263d77107cb1d6951b33f1126b3df9f2082cc7efb5b7beb7acddf8130afd31fb9e7f01553c246a6f42a606969d44b128b6d14b0ef7c35e5541256ed8bea65e2488a198cba619968cbaa4dc523f7c56216bb3a8462361eeb512be3226b693439681e9e33efb5e4942eb115e4ded94fc1ab866c4179cdd2d3bb73f5e57bc9b6756753e50ade56f7ab71450855aab99062a7d20567c4514b5eced3fff82&type=3 HTTP/1.1" 500 683
0:0:0:0:0:0:0:1 - - [29/Dec/2017:14:06:44 +0800] "GET /weUserWeightList?_p=4489b7c2bc6b389118a2a033d7733762d3fb15ae263d77107cb1d6951b33f1126b3df9f2082cc7efb5b7beb7acddf8130afd31fb9e7f01553c246a6f42a606969d44b128b6d14b0ef7c35e5541256ed8bea65e2488a198cba619968cbaa4dc523f7c56216bb3a8462361eeb512be3226b693439681e9e33efb5e4942eb115e4ded94fc1ab866c4179cdd2d3bb73f5e57bc9b6756753e50ade56f7ab71450855aab99062a7d20567c4514b5eced3fff82&type=2 HTTP/1.1" 500 683
0:0:0:0:0:0:0:1 - - [29/Dec/2017:14:06:45 +0800] "GET /weUserWeightList?_p=4489b7c2bc6b389118a2a033d7733762d3fb15ae263d77107cb1d6951b33f1126b3df9f2082cc7efb5b7beb7acddf8130afd31fb9e7f01553c246a6f42a606969d44b128b6d14b0ef7c35e5541256ed8bea65e2488a198cba619968cbaa4dc523f7c56216bb3a8462361eeb512be3226b693439681e9e33efb5e4942eb115e4ded94fc1ab866c4179cdd2d3bb73f5e57bc9b6756753e50ade56f7ab71450855aab99062a7d20567c4514b5eced3fff82&type=1 HTTP/1.1" 500 684
0:0:0:0:0:0:0:1 - - [29/Dec/2017:14:06:45 +0800] "GET /weUserWeightList?_p=4489b7c2bc6b389118a2a033d7733762d3fb15ae263d77107cb1d6951b33f1126b3df9f2082cc7efb5b7beb7acddf8130afd31fb9e7f01553c246a6f42a606969d44b128b6d14b0ef7c35e5541256ed8bea65e2488a198cba619968cbaa4dc523f7c56216bb3a8462361eeb512be3226b693439681e9e33efb5e4942eb115e4ded94fc1ab866c4179cdd2d3bb73f5e57bc9b6756753e50ade56f7ab71450855aab99062a7d20567c4514b5eced3fff82&type=2 HTTP/1.1" 500 683
0:0:0:0:0:0:0:1 - - [29/Dec/2017:14:06:46 +0800] "GET /weUserWeightList?_p=4489b7c2bc6b389118a2a033d7733762d3fb15ae263d77107cb1d6951b33f1126b3df9f2082cc7efb5b7beb7acddf8130afd31fb9e7f01553c246a6f42a606969d44b128b6d14b0ef7c35e5541256ed8bea65e2488a198cba619968cbaa4dc523f7c56216bb3a8462361eeb512be3226b693439681e9e33efb5e4942eb115e4ded94fc1ab866c4179cdd2d3bb73f5e57bc9b6756753e50ade56f7ab71450855aab99062a7d20567c4514b5eced3fff82&type=3 HTTP/1.1" 500 683
0:0:0:0:0:0:0:1 - - [29/Dec/2017:14:06:46 +0800] "GET /weUserWeightList?_p=4489b7c2bc6b389118a2a033d7733762d3fb15ae263d77107cb1d6951b33f1126b3df9f2082cc7efb5b7beb7acddf8130afd31fb9e7f01553c246a6f42a606969d44b128b6d14b0ef7c35e5541256ed8bea65e2488a198cba619968cbaa4dc523f7c56216bb3a8462361eeb512be3226b693439681e9e33efb5e4942eb115e4ded94fc1ab866c4179cdd2d3bb73f5e57bc9b6756753e50ade56f7ab71450855aab99062a7d20567c4514b5eced3fff82&type=2 HTTP/1.1" 500 683
0:0:0:0:0:0:0:1 - - [29/Dec/2017:14:06:47 +0800] "GET /weUserWeightList?_p=4489b7c2bc6b389118a2a033d7733762d3fb15ae263d77107cb1d6951b33f1126b3df9f2082cc7efb5b7beb7acddf8130afd31fb9e7f01553c246a6f42a606969d44b128b6d14b0ef7c35e5541256ed8bea65e2488a198cba619968cbaa4dc523f7c56216bb3a8462361eeb512be3226b693439681e9e33efb5e4942eb115e4ded94fc1ab866c4179cdd2d3bb73f5e57bc9b6756753e50ade56f7ab71450855aab99062a7d20567c4514b5eced3fff82&type=1 HTTP/1.1" 500 684
0:0:0:0:0:0:0:1 - - [29/Dec/2017:14:06:47 +0800] "GET /weUserWeightList?_p=4489b7c2bc6b389118a2a033d7733762d3fb15ae263d77107cb1d6951b33f1126b3df9f2082cc7efb5b7beb7acddf8130afd31fb9e7f01553c246a6f42a606969d44b128b6d14b0ef7c35e5541256ed8bea65e2488a198cba619968cbaa4dc523f7c56216bb3a8462361eeb512be3226b693439681e9e33efb5e4942eb115e4ded94fc1ab866c4179cdd2d3bb73f5e57bc9b6756753e50ade56f7ab71450855aab99062a7d20567c4514b5eced3fff82&type=2 HTTP/1.1" 500 683
0:0:0:0:0:0:0:1 - - [29/Dec/2017:14:06:48 +0800] "GET /weUserWeightList?_p=4489b7c2bc6b389118a2a033d7733762d3fb15ae263d77107cb1d6951b33f1126b3df9f2082cc7efb5b7beb7acddf8130afd31fb9e7f01553c246a6f42a606969d44b128b6d14b0ef7c35e5541256ed8bea65e2488a198cba619968cbaa4dc523f7c56216bb3a8462361eeb512be3226b693439681e9e33efb5e4942eb115e4ded94fc1ab866c4179cdd2d3bb73f5e57bc9b6756753e50ade56f7ab71450855aab99062a7d20567c4514b5eced3fff82&type=3 HTTP/1.1" 500 683
0:0:0:0:0:0:0:1 - - [29/Dec/2017:14:06:48 +0800] "GET /weUserWeightList?_p=4489b7c2bc6b389118a2a033d7733762d3fb15ae263d77107cb1d6951b33f1126b3df9f2082cc7efb5b7beb7acddf8130afd31fb9e7f01553c246a6f42a606969d44b128b6d14b0ef7c35e5541256ed8bea65e2488a198cba619968cbaa4dc523f7c56216bb3a8462361eeb512be3226b693439681e9e33efb5e4942eb115e4ded94fc1ab866c4179cdd2d3bb73f5e57bc9b6756753e50ade56f7ab71450855aab99062a7d20567c4514b5eced3fff82&type=2 HTTP/1.1" 500 683
0:0:0:0:0:0:0:1 - - [29/Dec/2017:14:06:49 +0800] "GET /weUserWeightList?_p=4489b7c2bc6b389118a2a033d7733762d3fb15ae263d77107cb1d6951b33f1126b3df9f2082cc7efb5b7beb7acddf8130afd31fb9e7f01553c246a6f42a606969d44b128b6d14b0ef7c35e5541256ed8bea65e2488a198cba619968cbaa4dc523f7c56216bb3a8462361eeb512be3226b693439681e9e33efb5e4942eb115e4ded94fc1ab866c4179cdd2d3bb73f5e57bc9b6756753e50ade56f7ab71450855aab99062a7d20567c4514b5eced3fff82&type=1 HTTP/1.1" 500 684
0:0:0:0:0:0:0:1 - - [29/Dec/2017:14:06:49 +0800] "GET /weUserWeightList?_p=4489b7c2bc6b389118a2a033d7733762d3fb15ae263d77107cb1d6951b33f1126b3df9f2082cc7efb5b7beb7acddf8130afd31fb9e7f01553c246a6f42a606969d44b128b6d14b0ef7c35e5541256ed8bea65e2488a198cba619968cbaa4dc523f7c56216bb3a8462361eeb512be3226b693439681e9e33efb5e4942eb115e4ded94fc1ab866c4179cdd2d3bb73f5e57bc9b6756753e50ade56f7ab71450855aab99062a7d20567c4514b5eced3fff82&type=2 HTTP/1.1" 500 683
0:0:0:0:0:0:0:1 - - [29/Dec/2017:14:06:50 +0800] "GET /weUserWeightList?_p=4489b7c2bc6b389118a2a033d7733762d3fb15ae263d77107cb1d6951b33f1126b3df9f2082cc7efb5b7beb7acddf8130afd31fb9e7f01553c246a6f42a606969d44b128b6d14b0ef7c35e5541256ed8bea65e2488a198cba619968cbaa4dc523f7c56216bb3a8462361eeb512be3226b693439681e9e33efb5e4942eb115e4ded94fc1ab866c4179cdd2d3bb73f5e57bc9b6756753e50ade56f7ab71450855aab99062a7d20567c4514b5eced3fff82&type=3 HTTP/1.1" 500 683
0:0:0:0:0:0:0:1 - - [29/Dec/2017:14:06:50 +0800] "GET /weUserWeightList?_p=4489b7c2bc6b389118a2a033d7733762d3fb15ae263d77107cb1d6951b33f1126b3df9f2082cc7efb5b7beb7acddf8130afd31fb9e7f01553c246a6f42a606969d44b128b6d14b0ef7c35e5541256ed8bea65e2488a198cba619968cbaa4dc523f7c56216bb3a8462361eeb512be3226b693439681e9e33efb5e4942eb115e4ded94fc1ab866c4179cdd2d3bb73f5e57bc9b6756753e50ade56f7ab71450855aab99062a7d20567c4514b5eced3fff82&type=2 HTTP/1.1" 500 683
0:0:0:0:0:0:0:1 - - [29/Dec/2017:14:06:51 +0800] "GET /weUserWeightList?_p=4489b7c2bc6b389118a2a033d7733762d3fb15ae263d77107cb1d6951b33f1126b3df9f2082cc7efb5b7beb7acddf8130afd31fb9e7f01553c246a6f42a606969d44b128b6d14b0ef7c35e5541256ed8bea65e2488a198cba619968cbaa4dc523f7c56216bb3a8462361eeb512be3226b693439681e9e33efb5e4942eb115e4ded94fc1ab866c4179cdd2d3bb73f5e57bc9b6756753e50ade56f7ab71450855aab99062a7d20567c4514b5eced3fff82&type=1 HTTP/1.1" 500 684
0:0:0:0:0:0:0:1 - - [29/Dec/2017:14:06:51 +0800] "GET /weUserWeightList?_p=4489b7c2bc6b389118a2a033d7733762d3fb15ae263d77107cb1d6951b33f1126b3df9f2082cc7efb5b7beb7acddf8130afd31fb9e7f01553c246a6f42a606969d44b128b6d14b0ef7c35e5541256ed8bea65e2488a198cba619968cbaa4dc523f7c56216bb3a8462361eeb512be3226b693439681e9e33efb5e4942eb115e4ded94fc1ab866c4179cdd2d3bb73f5e57bc9b6756753e50ade56f7ab71450855aab99062a7d20567c4514b5eced3fff82&type=2 HTTP/1.1" 500 683
0:0:0:0:0:0:0:1 - - [29/Dec/2017:14:06:51 +0800] "GET /weUserWeightList?_p=4489b7c2bc6b389118a2a033d7733762d3fb15ae263d77107cb1d6951b33f1126b3df9f2082cc7efb5b7beb7acddf8130afd31fb9e7f01553c246a6f42a606969d44b128b6d14b0ef7c35e5541256ed8bea65e2488a198cba619968cbaa4dc523f7c56216bb3a8462361eeb512be3226b693439681e9e33efb5e4942eb115e4ded94fc1ab866c4179cdd2d3bb73f5e57bc9b6756753e50ade56f7ab71450855aab99062a7d20567c4514b5eced3fff82&type=3 HTTP/1.1" 500 683
0:0:0:0:0:0:0:1 - - [29/Dec/2017:14:06:52 +0800] "GET /weUserWeightList?_p=4489b7c2bc6b389118a2a033d7733762d3fb15ae263d77107cb1d6951b33f1126b3df9f2082cc7efb5b7beb7acddf8130afd31fb9e7f01553c246a6f42a606969d44b128b6d14b0ef7c35e5541256ed8bea65e2488a198cba619968cbaa4dc523f7c56216bb3a8462361eeb512be3226b693439681e9e33efb5e4942eb115e4ded94fc1ab866c4179cdd2d3bb73f5e57bc9b6756753e50ade56f7ab71450855aab99062a7d20567c4514b5eced3fff82&type=2 HTTP/1.1" 500 683
0:0:0:0:0:0:0:1 - - [29/Dec/2017:14:06:52 +0800] "GET /weUserWeightList?_p=4489b7c2bc6b389118a2a033d7733762d3fb15ae263d77107cb1d6951b33f1126b3df9f2082cc7efb5b7beb7acddf8130afd31fb9e7f01553c246a6f42a606969d44b128b6d14b0ef7c35e5541256ed8bea65e2488a198cba619968cbaa4dc523f7c56216bb3a8462361eeb512be3226b693439681e9e33efb5e4942eb115e4ded94fc1ab866c4179cdd2d3bb73f5e57bc9b6756753e50ade56f7ab71450855aab99062a7d20567c4514b5eced3fff82&type=1 HTTP/1.1" 500 684
0:0:0:0:0:0:0:1 - - [29/Dec/2017:14:06:52 +0800] "GET /weUserWeightList?_p=4489b7c2bc6b389118a2a033d7733762d3fb15ae263d77107cb1d6951b33f1126b3df9f2082cc7efb5b7beb7acddf8130afd31fb9e7f01553c246a6f42a606969d44b128b6d14b0ef7c35e5541256ed8bea65e2488a198cba619968cbaa4dc523f7c56216bb3a8462361eeb512be3226b693439681e9e33efb5e4942eb115e4ded94fc1ab866c4179cdd2d3bb73f5e57bc9b6756753e50ade56f7ab71450855aab99062a7d20567c4514b5eced3fff82&type=2 HTTP/1.1" 500 683
0:0:0:0:0:0:0:1 - - [29/Dec/2017:14:06:53 +0800] "GET /weUserWeightList?_p=4489b7c2bc6b389118a2a033d7733762d3fb15ae263d77107cb1d6951b33f1126b3df9f2082cc7efb5b7beb7acddf8130afd31fb9e7f01553c246a6f42a606969d44b128b6d14b0ef7c35e5541256ed8bea65e2488a198cba619968cbaa4dc523f7c56216bb3a8462361eeb512be3226b693439681e9e33efb5e4942eb115e4ded94fc1ab866c4179cdd2d3bb73f5e57bc9b6756753e50ade56f7ab71450855aab99062a7d20567c4514b5eced3fff82&type=3 HTTP/1.1" 500 693
0:0:0:0:0:0:0:1 - - [29/Dec/2017:14:06:53 +0800] "GET /weUserWeightList?_p=4489b7c2bc6b389118a2a033d7733762d3fb15ae263d77107cb1d6951b33f1126b3df9f2082cc7efb5b7beb7acddf8130afd31fb9e7f01553c246a6f42a606969d44b128b6d14b0ef7c35e5541256ed8bea65e2488a198cba619968cbaa4dc523f7c56216bb3a8462361eeb512be3226b693439681e9e33efb5e4942eb115e4ded94fc1ab866c4179cdd2d3bb73f5e57bc9b6756753e50ade56f7ab71450855aab99062a7d20567c4514b5eced3fff82&type=2 HTTP/1.1" 500 693
0:0:0:0:0:0:0:1 - - [29/Dec/2017:14:06:53 +0800] "GET /weUserWeightList?_p=4489b7c2bc6b389118a2a033d7733762d3fb15ae263d77107cb1d6951b33f1126b3df9f2082cc7efb5b7beb7acddf8130afd31fb9e7f01553c246a6f42a606969d44b128b6d14b0ef7c35e5541256ed8bea65e2488a198cba619968cbaa4dc523f7c56216bb3a8462361eeb512be3226b693439681e9e33efb5e4942eb115e4ded94fc1ab866c4179cdd2d3bb73f5e57bc9b6756753e50ade56f7ab71450855aab99062a7d20567c4514b5eced3fff82&type=1 HTTP/1.1" 500 694
0:0:0:0:0:0:0:1 - - [29/Dec/2017:14:06:54 +0800] "GET /weUserWeightList?_p=4489b7c2bc6b389118a2a033d7733762d3fb15ae263d77107cb1d6951b33f1126b3df9f2082cc7efb5b7beb7acddf8130afd31fb9e7f01553c246a6f42a606969d44b128b6d14b0ef7c35e5541256ed8bea65e2488a198cba619968cbaa4dc523f7c56216bb3a8462361eeb512be3226b693439681e9e33efb5e4942eb115e4ded94fc1ab866c4179cdd2d3bb73f5e57bc9b6756753e50ade56f7ab71450855aab99062a7d20567c4514b5eced3fff82&type=2 HTTP/1.1" 500 693
0:0:0:0:0:0:0:1 - - [29/Dec/2017:14:06:54 +0800] "GET /weUserWeightList?_p=4489b7c2bc6b389118a2a033d7733762d3fb15ae263d77107cb1d6951b33f1126b3df9f2082cc7efb5b7beb7acddf8130afd31fb9e7f01553c246a6f42a606969d44b128b6d14b0ef7c35e5541256ed8bea65e2488a198cba619968cbaa4dc523f7c56216bb3a8462361eeb512be3226b693439681e9e33efb5e4942eb115e4ded94fc1ab866c4179cdd2d3bb73f5e57bc9b6756753e50ade56f7ab71450855aab99062a7d20567c4514b5eced3fff82&type=3 HTTP/1.1" 500 693
0:0:0:0:0:0:0:1 - - [29/Dec/2017:14:06:54 +0800] "GET /weUserWeightList?_p=4489b7c2bc6b389118a2a033d7733762d3fb15ae263d77107cb1d6951b33f1126b3df9f2082cc7efb5b7beb7acddf8130afd31fb9e7f01553c246a6f42a606969d44b128b6d14b0ef7c35e5541256ed8bea65e2488a198cba619968cbaa4dc523f7c56216bb3a8462361eeb512be3226b693439681e9e33efb5e4942eb115e4ded94fc1ab866c4179cdd2d3bb73f5e57bc9b6756753e50ade56f7ab71450855aab99062a7d20567c4514b5eced3fff82&type=2 HTTP/1.1" 500 693
0:0:0:0:0:0:0:1 - - [29/Dec/2017:14:06:55 +0800] "GET /weUserWeightList?_p=4489b7c2bc6b389118a2a033d7733762d3fb15ae263d77107cb1d6951b33f1126b3df9f2082cc7efb5b7beb7acddf8130afd31fb9e7f01553c246a6f42a606969d44b128b6d14b0ef7c35e5541256ed8bea65e2488a198cba619968cbaa4dc523f7c56216bb3a8462361eeb512be3226b693439681e9e33efb5e4942eb115e4ded94fc1ab866c4179cdd2d3bb73f5e57bc9b6756753e50ade56f7ab71450855aab99062a7d20567c4514b5eced3fff82&type=1 HTTP/1.1" 500 694
0:0:0:0:0:0:0:1 - - [29/Dec/2017:14:06:55 +0800] "GET /weUserWeightList?_p=4489b7c2bc6b389118a2a033d7733762d3fb15ae263d77107cb1d6951b33f1126b3df9f2082cc7efb5b7beb7acddf8130afd31fb9e7f01553c246a6f42a606969d44b128b6d14b0ef7c35e5541256ed8bea65e2488a198cba619968cbaa4dc523f7c56216bb3a8462361eeb512be3226b693439681e9e33efb5e4942eb115e4ded94fc1ab866c4179cdd2d3bb73f5e57bc9b6756753e50ade56f7ab71450855aab99062a7d20567c4514b5eced3fff82&type=2 HTTP/1.1" 500 693
0:0:0:0:0:0:0:1 - - [29/Dec/2017:14:06:56 +0800] "GET /weUserWeightList?_p=4489b7c2bc6b389118a2a033d7733762d3fb15ae263d77107cb1d6951b33f1126b3df9f2082cc7efb5b7beb7acddf8130afd31fb9e7f01553c246a6f42a606969d44b128b6d14b0ef7c35e5541256ed8bea65e2488a198cba619968cbaa4dc523f7c56216bb3a8462361eeb512be3226b693439681e9e33efb5e4942eb115e4ded94fc1ab866c4179cdd2d3bb73f5e57bc9b6756753e50ade56f7ab71450855aab99062a7d20567c4514b5eced3fff82&type=3 HTTP/1.1" 500 693
0:0:0:0:0:0:0:1 - - [29/Dec/2017:14:14:42 +0800] "GET /index.html?_p=4489b7c2bc6b389118a2a033d7733762d3fb15ae263d77107cb1d6951b33f1126b3df9f2082cc7efb5b7beb7acddf8130afd31fb9e7f01553c246a6f42a606969d44b128b6d14b0ef7c35e5541256ed8bea65e2488a198cba619968cbaa4dc523f7c56216bb3a8462361eeb512be3226b693439681e9e33efb5e4942eb115e4ded94fc1ab866c4179cdd2d3bb73f5e57bc9b6756753e50ade56f7ab71450855aab99062a7d20567c4514b5eced3fff82 HTTP/1.1" 200 47755
0:0:0:0:0:0:0:1 - - [29/Dec/2017:14:14:42 +0800] "GET /css/iconfont.css HTTP/1.1" 200 9580
0:0:0:0:0:0:0:1 - - [29/Dec/2017:14:14:42 +0800] "GET /js/index/style.css HTTP/1.1" 200 20727
0:0:0:0:0:0:0:1 - - [29/Dec/2017:14:14:42 +0800] "GET /css/iosSelect.css HTTP/1.1" 200 7851
0:0:0:0:0:0:0:1 - - [29/Dec/2017:14:14:42 +0800] "GET /plugins/flexible.js HTTP/1.1" 200 1883
0:0:0:0:0:0:0:1 - - [29/Dec/2017:14:14:42 +0800] "GET /js/require.js HTTP/1.1" 200 86670
0:0:0:0:0:0:0:1 - - [29/Dec/2017:14:14:42 +0800] "GET /images/5/title.png HTTP/1.1" 200 791
0:0:0:0:0:0:0:1 - - [29/Dec/2017:14:14:42 +0800] "GET /js/index/index.js HTTP/1.1" 200 23036
0:0:0:0:0:0:0:1 - - [29/Dec/2017:14:14:42 +0800] "GET /images/1/adup.jpg HTTP/1.1" 200 64767
0:0:0:0:0:0:0:1 - - [29/Dec/2017:14:14:42 +0800] "GET /images/1/80-90.png HTTP/1.1" 200 31983
0:0:0:0:0:0:0:1 - - [29/Dec/2017:14:14:42 +0800] "GET /images/1/dowmap.jpg HTTP/1.1" 200 72096
0:0:0:0:0:0:0:1 - - [29/Dec/2017:14:14:42 +0800] "GET /js/config.js HTTP/1.1" 200 1773
0:0:0:0:0:0:0:1 - - [29/Dec/2017:14:14:42 +0800] "GET /plugins/funs/common.js HTTP/1.1" 200 3002
0:0:0:0:0:0:0:1 - - [29/Dec/2017:14:14:42 +0800] "GET /plugins/lib/vue.min.js HTTP/1.1" 200 76004
0:0:0:0:0:0:0:1 - - [29/Dec/2017:14:14:42 +0800] "GET /component/FooterBar/footerBar.js HTTP/1.1" 200 2013
0:0:0:0:0:0:0:1 - - [29/Dec/2017:14:14:42 +0800] "GET /plugins/lib/jquery.min.js HTTP/1.1" 200 85577
0:0:0:0:0:0:0:1 - - [29/Dec/2017:14:14:42 +0800] "GET /js/index/style.css.map HTTP/1.1" 200 12467
0:0:0:0:0:0:0:1 - - [29/Dec/2017:14:14:42 +0800] "GET /plugins/funs/count.js HTTP/1.1" 200 399
0:0:0:0:0:0:0:1 - - [29/Dec/2017:14:14:42 +0800] "GET /plugins/lib/echarts.min.js HTTP/1.1" 200 664016
0:0:0:0:0:0:0:1 - - [29/Dec/2017:14:14:42 +0800] "GET /plugins/lib/html2canvas.js HTTP/1.1" 200 144491
0:0:0:0:0:0:0:1 - - [29/Dec/2017:14:14:42 +0800] "GET /images/5/title.png HTTP/1.1" 200 791
0:0:0:0:0:0:0:1 - - [29/Dec/2017:14:14:42 +0800] "GET /images/1/adup.jpg HTTP/1.1" 200 64767
0:0:0:0:0:0:0:1 - - [29/Dec/2017:14:14:42 +0800] "POST /getAdvertising?_p=4489b7c2bc6b389118a2a033d7733762d3fb15ae263d77107cb1d6951b33f1126b3df9f2082cc7efb5b7beb7acddf8130afd31fb9e7f01553c246a6f42a606969d44b128b6d14b0ef7c35e5541256ed8bea65e2488a198cba619968cbaa4dc523f7c56216bb3a8462361eeb512be3226b693439681e9e33efb5e4942eb115e4ded94fc1ab866c4179cdd2d3bb73f5e57bc9b6756753e50ade56f7ab71450855aab99062a7d20567c4514b5eced3fff82 HTTP/1.1" 200 -
0:0:0:0:0:0:0:1 - - [29/Dec/2017:14:14:42 +0800] "GET /images/1/dowmap.jpg HTTP/1.1" 200 72096
0:0:0:0:0:0:0:1 - - [29/Dec/2017:14:14:42 +0800] "GET /images/1/80-90.png HTTP/1.1" 200 31983
0:0:0:0:0:0:0:1 - - [29/Dec/2017:14:14:42 +0800] "GET /images/1/up-down.png HTTP/1.1" 200 3564
0:0:0:0:0:0:0:1 - - [29/Dec/2017:14:14:42 +0800] "GET /images/1/home-icon.png HTTP/1.1" 200 5940
0:0:0:0:0:0:0:1 - - [29/Dec/2017:14:14:42 +0800] "GET /images/1/right.png HTTP/1.1" 200 4346
0:0:0:0:0:0:0:1 - - [29/Dec/2017:14:14:42 +0800] "GET /images/tab_bar_icon/nav-tab-active.png HTTP/1.1" 200 8521
0:0:0:0:0:0:0:1 - - [29/Dec/2017:14:14:42 +0800] "GET /images/tab_bar_icon/nav-tab.png HTTP/1.1" 200 9743
0:0:0:0:0:0:0:1 - - [29/Dec/2017:14:14:42 +0800] "GET /images/1/indexBg.png HTTP/1.1" 200 78391
0:0:0:0:0:0:0:1 - - [29/Dec/2017:14:14:42 +0800] "GET /weUserWeightList?_p=4489b7c2bc6b389118a2a033d7733762d3fb15ae263d77107cb1d6951b33f1126b3df9f2082cc7efb5b7beb7acddf8130afd31fb9e7f01553c246a6f42a606969d44b128b6d14b0ef7c35e5541256ed8bea65e2488a198cba619968cbaa4dc523f7c56216bb3a8462361eeb512be3226b693439681e9e33efb5e4942eb115e4ded94fc1ab866c4179cdd2d3bb73f5e57bc9b6756753e50ade56f7ab71450855aab99062a7d20567c4514b5eced3fff82&type=1 HTTP/1.1" 500 684
0:0:0:0:0:0:0:1 - - [29/Dec/2017:14:14:46 +0800] "GET /weUserWeightList?_p=4489b7c2bc6b389118a2a033d7733762d3fb15ae263d77107cb1d6951b33f1126b3df9f2082cc7efb5b7beb7acddf8130afd31fb9e7f01553c246a6f42a606969d44b128b6d14b0ef7c35e5541256ed8bea65e2488a198cba619968cbaa4dc523f7c56216bb3a8462361eeb512be3226b693439681e9e33efb5e4942eb115e4ded94fc1ab866c4179cdd2d3bb73f5e57bc9b6756753e50ade56f7ab71450855aab99062a7d20567c4514b5eced3fff82&type=2 HTTP/1.1" 500 693
0:0:0:0:0:0:0:1 - - [29/Dec/2017:14:14:47 +0800] "GET /weUserWeightList?_p=4489b7c2bc6b389118a2a033d7733762d3fb15ae263d77107cb1d6951b33f1126b3df9f2082cc7efb5b7beb7acddf8130afd31fb9e7f01553c246a6f42a606969d44b128b6d14b0ef7c35e5541256ed8bea65e2488a198cba619968cbaa4dc523f7c56216bb3a8462361eeb512be3226b693439681e9e33efb5e4942eb115e4ded94fc1ab866c4179cdd2d3bb73f5e57bc9b6756753e50ade56f7ab71450855aab99062a7d20567c4514b5eced3fff82&type=3 HTTP/1.1" 500 693
0:0:0:0:0:0:0:1 - - [29/Dec/2017:14:33:30 +0800] "GET /index.html?_p=4489b7c2bc6b389118a2a033d7733762d3fb15ae263d77107cb1d6951b33f1126b3df9f2082cc7efb5b7beb7acddf8130afd31fb9e7f01553c246a6f42a606969d44b128b6d14b0ef7c35e5541256ed8bea65e2488a198cba619968cbaa4dc523f7c56216bb3a8462361eeb512be3226e737191ff95a00d2bd63a32fe8dfe72f368959a3fdd4ecb8ed1f3c0a54f99da6f1d2a5097bbedf36d6ded365fb7ea1c2dbf50a6a57e590663f94e0de60da527a HTTP/1.1" 200 47755
0:0:0:0:0:0:0:1 - - [29/Dec/2017:14:33:30 +0800] "GET /css/iconfont.css HTTP/1.1" 200 9580
0:0:0:0:0:0:0:1 - - [29/Dec/2017:14:33:30 +0800] "GET /js/index/style.css HTTP/1.1" 200 20727
0:0:0:0:0:0:0:1 - - [29/Dec/2017:14:33:30 +0800] "GET /css/iosSelect.css HTTP/1.1" 200 7851
0:0:0:0:0:0:0:1 - - [29/Dec/2017:14:33:30 +0800] "GET /plugins/flexible.js HTTP/1.1" 200 1883
0:0:0:0:0:0:0:1 - - [29/Dec/2017:14:33:30 +0800] "GET /js/require.js HTTP/1.1" 200 86670
0:0:0:0:0:0:0:1 - - [29/Dec/2017:14:33:30 +0800] "GET /js/config.js HTTP/1.1" 200 1773
0:0:0:0:0:0:0:1 - - [29/Dec/2017:14:33:30 +0800] "GET /js/index/index.js HTTP/1.1" 200 23036
0:0:0:0:0:0:0:1 - - [29/Dec/2017:14:33:30 +0800] "GET /images/5/title.png HTTP/1.1" 200 791
0:0:0:0:0:0:0:1 - - [29/Dec/2017:14:33:30 +0800] "GET /images/1/adup.jpg HTTP/1.1" 200 64767
0:0:0:0:0:0:0:1 - - [29/Dec/2017:14:33:30 +0800] "GET /images/1/dowmap.jpg HTTP/1.1" 200 72096
0:0:0:0:0:0:0:1 - - [29/Dec/2017:14:33:30 +0800] "GET /images/1/80-90.png HTTP/1.1" 200 31983
0:0:0:0:0:0:0:1 - - [29/Dec/2017:14:33:30 +0800] "GET /component/FooterBar/footerBar.js HTTP/1.1" 200 2013
0:0:0:0:0:0:0:1 - - [29/Dec/2017:14:33:30 +0800] "GET /plugins/funs/common.js HTTP/1.1" 200 3002
0:0:0:0:0:0:0:1 - - [29/Dec/2017:14:33:30 +0800] "GET /plugins/lib/jquery.min.js HTTP/1.1" 200 85577
0:0:0:0:0:0:0:1 - - [29/Dec/2017:14:33:30 +0800] "GET /plugins/lib/vue.min.js HTTP/1.1" 200 76004
0:0:0:0:0:0:0:1 - - [29/Dec/2017:14:33:30 +0800] "GET /plugins/funs/count.js HTTP/1.1" 200 399
0:0:0:0:0:0:0:1 - - [29/Dec/2017:14:33:30 +0800] "GET /plugins/lib/echarts.min.js HTTP/1.1" 200 664016
0:0:0:0:0:0:0:1 - - [29/Dec/2017:14:33:30 +0800] "GET /plugins/lib/html2canvas.js HTTP/1.1" 200 144491
0:0:0:0:0:0:0:1 - - [29/Dec/2017:14:33:31 +0800] "GET /images/5/title.png HTTP/1.1" 200 791
0:0:0:0:0:0:0:1 - - [29/Dec/2017:14:33:31 +0800] "GET /images/1/80-90.png HTTP/1.1" 200 31983
0:0:0:0:0:0:0:1 - - [29/Dec/2017:14:33:31 +0800] "GET /images/1/adup.jpg HTTP/1.1" 200 64767
0:0:0:0:0:0:0:1 - - [29/Dec/2017:14:33:31 +0800] "GET /images/1/dowmap.jpg HTTP/1.1" 200 72096
0:0:0:0:0:0:0:1 - - [29/Dec/2017:14:33:31 +0800] "POST /getAdvertising?_p=4489b7c2bc6b389118a2a033d7733762d3fb15ae263d77107cb1d6951b33f1126b3df9f2082cc7efb5b7beb7acddf8130afd31fb9e7f01553c246a6f42a606969d44b128b6d14b0ef7c35e5541256ed8bea65e2488a198cba619968cbaa4dc523f7c56216bb3a8462361eeb512be3226e737191ff95a00d2bd63a32fe8dfe72f368959a3fdd4ecb8ed1f3c0a54f99da6f1d2a5097bbedf36d6ded365fb7ea1c2dbf50a6a57e590663f94e0de60da527a HTTP/1.1" 200 -
0:0:0:0:0:0:0:1 - - [29/Dec/2017:14:33:31 +0800] "GET /images/tab_bar_icon/nav-tab-active.png HTTP/1.1" 200 8521
0:0:0:0:0:0:0:1 - - [29/Dec/2017:14:33:31 +0800] "GET /images/1/indexBg.png HTTP/1.1" 200 78391
0:0:0:0:0:0:0:1 - - [29/Dec/2017:14:33:31 +0800] "GET /images/1/up-down.png HTTP/1.1" 200 3564
0:0:0:0:0:0:0:1 - - [29/Dec/2017:14:33:31 +0800] "GET /images/1/right.png HTTP/1.1" 200 4346
0:0:0:0:0:0:0:1 - - [29/Dec/2017:14:33:31 +0800] "GET /images/tab_bar_icon/nav-tab.png HTTP/1.1" 200 9743
0:0:0:0:0:0:0:1 - - [29/Dec/2017:14:33:31 +0800] "GET /images/1/home-icon.png HTTP/1.1" 200 5940
0:0:0:0:0:0:0:1 - - [29/Dec/2017:14:33:31 +0800] "GET /weUserWeightList?_p=4489b7c2bc6b389118a2a033d7733762d3fb15ae263d77107cb1d6951b33f1126b3df9f2082cc7efb5b7beb7acddf8130afd31fb9e7f01553c246a6f42a606969d44b128b6d14b0ef7c35e5541256ed8bea65e2488a198cba619968cbaa4dc523f7c56216bb3a8462361eeb512be3226e737191ff95a00d2bd63a32fe8dfe72f368959a3fdd4ecb8ed1f3c0a54f99da6f1d2a5097bbedf36d6ded365fb7ea1c2dbf50a6a57e590663f94e0de60da527a&type=1 HTTP/1.1" 200 380
0:0:0:0:0:0:0:1 - - [29/Dec/2017:14:33:41 +0800] "GET /css/iosSelect.css HTTP/1.1" 200 7851
0:0:0:0:0:0:0:1 - - [29/Dec/2017:14:33:41 +0800] "GET /css/iconfont.css HTTP/1.1" 200 9580
0:0:0:0:0:0:0:1 - - [29/Dec/2017:14:33:41 +0800] "GET /js/index/style.css HTTP/1.1" 200 20727
0:0:0:0:0:0:0:1 - - [29/Dec/2017:14:33:41 +0800] "GET /js/index/style.css.map HTTP/1.1" 200 12467
0:0:0:0:0:0:0:1 - - [29/Dec/2017:14:33:45 +0800] "GET /index.html?_p=4489b7c2bc6b389118a2a033d7733762d3fb15ae263d77107cb1d6951b33f1126b3df9f2082cc7efb5b7beb7acddf8130afd31fb9e7f01553c246a6f42a606969d44b128b6d14b0ef7c35e5541256ed8bea65e2488a198cba619968cbaa4dc523f7c56216bb3a8462361eeb512be3226e737191ff95a00d2bd63a32fe8dfe72f368959a3fdd4ecb8ed1f3c0a54f99da6f1d2a5097bbedf36d6ded365fb7ea1c2dbf50a6a57e590663f94e0de60da527a HTTP/1.1" 200 47755
0:0:0:0:0:0:0:1 - - [29/Dec/2017:14:33:45 +0800] "GET /css/iconfont.css HTTP/1.1" 200 9580
0:0:0:0:0:0:0:1 - - [29/Dec/2017:14:33:45 +0800] "GET /css/iosSelect.css HTTP/1.1" 200 7851
0:0:0:0:0:0:0:1 - - [29/Dec/2017:14:33:45 +0800] "GET /plugins/flexible.js HTTP/1.1" 200 1883
0:0:0:0:0:0:0:1 - - [29/Dec/2017:14:33:45 +0800] "GET /js/index/style.css HTTP/1.1" 200 20727
0:0:0:0:0:0:0:1 - - [29/Dec/2017:14:33:45 +0800] "GET /js/require.js HTTP/1.1" 200 86670
0:0:0:0:0:0:0:1 - - [29/Dec/2017:14:33:45 +0800] "GET /js/config.js HTTP/1.1" 200 1773
0:0:0:0:0:0:0:1 - - [29/Dec/2017:14:33:45 +0800] "GET /js/index/index.js HTTP/1.1" 200 23036
0:0:0:0:0:0:0:1 - - [29/Dec/2017:14:33:45 +0800] "GET /images/1/80-90.png HTTP/1.1" 200 31983
0:0:0:0:0:0:0:1 - - [29/Dec/2017:14:33:45 +0800] "GET /images/1/dowmap.jpg HTTP/1.1" 200 72096
0:0:0:0:0:0:0:1 - - [29/Dec/2017:14:33:45 +0800] "GET /images/5/title.png HTTP/1.1" 200 791
0:0:0:0:0:0:0:1 - - [29/Dec/2017:14:33:45 +0800] "GET /images/1/adup.jpg HTTP/1.1" 200 64767
0:0:0:0:0:0:0:1 - - [29/Dec/2017:14:33:46 +0800] "GET /plugins/funs/common.js HTTP/1.1" 200 3002
0:0:0:0:0:0:0:1 - - [29/Dec/2017:14:33:46 +0800] "GET /component/FooterBar/footerBar.js HTTP/1.1" 200 2013
0:0:0:0:0:0:0:1 - - [29/Dec/2017:14:33:46 +0800] "GET /plugins/lib/jquery.min.js HTTP/1.1" 200 85577
0:0:0:0:0:0:0:1 - - [29/Dec/2017:14:33:46 +0800] "GET /plugins/lib/vue.min.js HTTP/1.1" 200 76004
0:0:0:0:0:0:0:1 - - [29/Dec/2017:14:33:46 +0800] "GET /plugins/funs/count.js HTTP/1.1" 200 399
0:0:0:0:0:0:0:1 - - [29/Dec/2017:14:33:46 +0800] "GET /plugins/lib/echarts.min.js HTTP/1.1" 200 664016
0:0:0:0:0:0:0:1 - - [29/Dec/2017:14:33:46 +0800] "GET /plugins/lib/html2canvas.js HTTP/1.1" 200 144491
0:0:0:0:0:0:0:1 - - [29/Dec/2017:14:33:46 +0800] "GET /js/index/style.css.map HTTP/1.1" 200 12467
0:0:0:0:0:0:0:1 - - [29/Dec/2017:14:33:46 +0800] "POST /getAdvertising?_p=4489b7c2bc6b389118a2a033d7733762d3fb15ae263d77107cb1d6951b33f1126b3df9f2082cc7efb5b7beb7acddf8130afd31fb9e7f01553c246a6f42a606969d44b128b6d14b0ef7c35e5541256ed8bea65e2488a198cba619968cbaa4dc523f7c56216bb3a8462361eeb512be3226e737191ff95a00d2bd63a32fe8dfe72f368959a3fdd4ecb8ed1f3c0a54f99da6f1d2a5097bbedf36d6ded365fb7ea1c2dbf50a6a57e590663f94e0de60da527a HTTP/1.1" 200 -
0:0:0:0:0:0:0:1 - - [29/Dec/2017:14:33:46 +0800] "GET /images/1/adup.jpg HTTP/1.1" 200 64767
0:0:0:0:0:0:0:1 - - [29/Dec/2017:14:33:46 +0800] "GET /images/5/title.png HTTP/1.1" 200 791
0:0:0:0:0:0:0:1 - - [29/Dec/2017:14:33:46 +0800] "GET /images/1/80-90.png HTTP/1.1" 200 31983
0:0:0:0:0:0:0:1 - - [29/Dec/2017:14:33:46 +0800] "GET /images/1/dowmap.jpg HTTP/1.1" 200 72096
0:0:0:0:0:0:0:1 - - [29/Dec/2017:14:33:46 +0800] "GET /images/1/up-down.png HTTP/1.1" 200 3564
0:0:0:0:0:0:0:1 - - [29/Dec/2017:14:33:46 +0800] "GET /images/1/right.png HTTP/1.1" 200 4346
0:0:0:0:0:0:0:1 - - [29/Dec/2017:14:33:46 +0800] "GET /images/1/home-icon.png HTTP/1.1" 200 5940
0:0:0:0:0:0:0:1 - - [29/Dec/2017:14:33:46 +0800] "GET /weUserWeightList?_p=4489b7c2bc6b389118a2a033d7733762d3fb15ae263d77107cb1d6951b33f1126b3df9f2082cc7efb5b7beb7acddf8130afd31fb9e7f01553c246a6f42a606969d44b128b6d14b0ef7c35e5541256ed8bea65e2488a198cba619968cbaa4dc523f7c56216bb3a8462361eeb512be3226e737191ff95a00d2bd63a32fe8dfe72f368959a3fdd4ecb8ed1f3c0a54f99da6f1d2a5097bbedf36d6ded365fb7ea1c2dbf50a6a57e590663f94e0de60da527a&type=1 HTTP/1.1" 200 380
0:0:0:0:0:0:0:1 - - [29/Dec/2017:14:33:46 +0800] "GET /images/tab_bar_icon/nav-tab-active.png HTTP/1.1" 200 8521
0:0:0:0:0:0:0:1 - - [29/Dec/2017:14:33:46 +0800] "GET /images/1/indexBg.png HTTP/1.1" 200 78391
0:0:0:0:0:0:0:1 - - [29/Dec/2017:14:33:46 +0800] "GET /images/tab_bar_icon/nav-tab.png HTTP/1.1" 200 9743
0:0:0:0:0:0:0:1 - - [29/Dec/2017:14:33:53 +0800] "GET /weUserWeightList?_p=4489b7c2bc6b389118a2a033d7733762d3fb15ae263d77107cb1d6951b33f1126b3df9f2082cc7efb5b7beb7acddf8130afd31fb9e7f01553c246a6f42a606969d44b128b6d14b0ef7c35e5541256ed8bea65e2488a198cba619968cbaa4dc523f7c56216bb3a8462361eeb512be3226e737191ff95a00d2bd63a32fe8dfe72f368959a3fdd4ecb8ed1f3c0a54f99da6f1d2a5097bbedf36d6ded365fb7ea1c2dbf50a6a57e590663f94e0de60da527a&type=2 HTTP/1.1" 200 380
0:0:0:0:0:0:0:1 - - [29/Dec/2017:14:33:54 +0800] "GET /weUserWeightList?_p=4489b7c2bc6b389118a2a033d7733762d3fb15ae263d77107cb1d6951b33f1126b3df9f2082cc7efb5b7beb7acddf8130afd31fb9e7f01553c246a6f42a606969d44b128b6d14b0ef7c35e5541256ed8bea65e2488a198cba619968cbaa4dc523f7c56216bb3a8462361eeb512be3226e737191ff95a00d2bd63a32fe8dfe72f368959a3fdd4ecb8ed1f3c0a54f99da6f1d2a5097bbedf36d6ded365fb7ea1c2dbf50a6a57e590663f94e0de60da527a&type=3 HTTP/1.1" 200 380
0:0:0:0:0:0:0:1 - - [29/Dec/2017:14:34:34 +0800] "GET /index.html?_p=4489b7c2bc6b389118a2a033d7733762d3fb15ae263d77107cb1d6951b33f1126b3df9f2082cc7efb5b7beb7acddf8130afd31fb9e7f01553c246a6f42a606969d44b128b6d14b0ef7c35e5541256ed8bea65e2488a198cba619968cbaa4dc523f7c56216bb3a8462361eeb512be3226e737191ff95a00d2bd63a32fe8dfe72f368959a3fdd4ecb8ed1f3c0a54f99da6f1d2a5097bbedf36d6ded365fb7ea1c2dbf50a6a57e590663f94e0de60da527a HTTP/1.1" 200 47755
0:0:0:0:0:0:0:1 - - [29/Dec/2017:14:34:34 +0800] "GET /plugins/flexible.js HTTP/1.1" 200 1883
0:0:0:0:0:0:0:1 - - [29/Dec/2017:14:34:34 +0800] "GET /css/iosSelect.css HTTP/1.1" 200 7851
0:0:0:0:0:0:0:1 - - [29/Dec/2017:14:34:34 +0800] "GET /css/iconfont.css HTTP/1.1" 200 9580
0:0:0:0:0:0:0:1 - - [29/Dec/2017:14:34:34 +0800] "GET /js/index/style.css HTTP/1.1" 200 20727
0:0:0:0:0:0:0:1 - - [29/Dec/2017:14:34:34 +0800] "GET /js/require.js HTTP/1.1" 200 86670
0:0:0:0:0:0:0:1 - - [29/Dec/2017:14:34:34 +0800] "GET /images/5/title.png HTTP/1.1" 200 791
0:0:0:0:0:0:0:1 - - [29/Dec/2017:14:34:34 +0800] "GET /images/1/adup.jpg HTTP/1.1" 200 64767
0:0:0:0:0:0:0:1 - - [29/Dec/2017:14:34:34 +0800] "GET /js/config.js HTTP/1.1" 200 1773
0:0:0:0:0:0:0:1 - - [29/Dec/2017:14:34:34 +0800] "GET /js/index/index.js HTTP/1.1" 200 23036
0:0:0:0:0:0:0:1 - - [29/Dec/2017:14:34:34 +0800] "GET /images/1/dowmap.jpg HTTP/1.1" 200 72096
0:0:0:0:0:0:0:1 - - [29/Dec/2017:14:34:34 +0800] "GET /images/1/80-90.png HTTP/1.1" 200 31983
0:0:0:0:0:0:0:1 - - [29/Dec/2017:14:34:34 +0800] "GET /component/FooterBar/footerBar.js HTTP/1.1" 200 2013
0:0:0:0:0:0:0:1 - - [29/Dec/2017:14:34:34 +0800] "GET /plugins/funs/common.js HTTP/1.1" 200 3002
0:0:0:0:0:0:0:1 - - [29/Dec/2017:14:34:34 +0800] "GET /plugins/lib/vue.min.js HTTP/1.1" 200 76004
0:0:0:0:0:0:0:1 - - [29/Dec/2017:14:34:34 +0800] "GET /plugins/lib/jquery.min.js HTTP/1.1" 200 85577
0:0:0:0:0:0:0:1 - - [29/Dec/2017:14:34:34 +0800] "GET /plugins/lib/echarts.min.js HTTP/1.1" 200 664016
0:0:0:0:0:0:0:1 - - [29/Dec/2017:14:34:34 +0800] "GET /plugins/funs/count.js HTTP/1.1" 200 399
0:0:0:0:0:0:0:1 - - [29/Dec/2017:14:34:34 +0800] "GET /plugins/lib/html2canvas.js HTTP/1.1" 200 144491
0:0:0:0:0:0:0:1 - - [29/Dec/2017:14:34:34 +0800] "GET /js/index/style.css.map HTTP/1.1" 200 12467
0:0:0:0:0:0:0:1 - - [29/Dec/2017:14:34:34 +0800] "POST /getAdvertising?_p=4489b7c2bc6b389118a2a033d7733762d3fb15ae263d77107cb1d6951b33f1126b3df9f2082cc7efb5b7beb7acddf8130afd31fb9e7f01553c246a6f42a606969d44b128b6d14b0ef7c35e5541256ed8bea65e2488a198cba619968cbaa4dc523f7c56216bb3a8462361eeb512be3226e737191ff95a00d2bd63a32fe8dfe72f368959a3fdd4ecb8ed1f3c0a54f99da6f1d2a5097bbedf36d6ded365fb7ea1c2dbf50a6a57e590663f94e0de60da527a HTTP/1.1" 200 -
0:0:0:0:0:0:0:1 - - [29/Dec/2017:14:34:34 +0800] "GET /images/5/title.png HTTP/1.1" 200 791
0:0:0:0:0:0:0:1 - - [29/Dec/2017:14:34:34 +0800] "GET /images/1/80-90.png HTTP/1.1" 200 31983
0:0:0:0:0:0:0:1 - - [29/Dec/2017:14:34:34 +0800] "GET /images/1/adup.jpg HTTP/1.1" 200 64767
0:0:0:0:0:0:0:1 - - [29/Dec/2017:14:34:34 +0800] "GET /images/1/dowmap.jpg HTTP/1.1" 200 72096
0:0:0:0:0:0:0:1 - - [29/Dec/2017:14:34:49 +0800] "GET /images/1/right.png HTTP/1.1" 200 4346
0:0:0:0:0:0:0:1 - - [29/Dec/2017:14:34:49 +0800] "GET /images/1/indexBg.png HTTP/1.1" 200 78391
0:0:0:0:0:0:0:1 - - [29/Dec/2017:14:34:49 +0800] "GET /images/tab_bar_icon/nav-tab-active.png HTTP/1.1" 200 8521
0:0:0:0:0:0:0:1 - - [29/Dec/2017:14:34:49 +0800] "GET /images/1/home-icon.png HTTP/1.1" 200 5940
0:0:0:0:0:0:0:1 - - [29/Dec/2017:14:34:49 +0800] "GET /images/1/up-down.png HTTP/1.1" 200 3564
0:0:0:0:0:0:0:1 - - [29/Dec/2017:14:34:49 +0800] "GET /images/tab_bar_icon/nav-tab.png HTTP/1.1" 200 9743
0:0:0:0:0:0:0:1 - - [29/Dec/2017:14:35:07 +0800] "GET /weUserWeightList?_p=4489b7c2bc6b389118a2a033d7733762d3fb15ae263d77107cb1d6951b33f1126b3df9f2082cc7efb5b7beb7acddf8130afd31fb9e7f01553c246a6f42a606969d44b128b6d14b0ef7c35e5541256ed8bea65e2488a198cba619968cbaa4dc523f7c56216bb3a8462361eeb512be3226e737191ff95a00d2bd63a32fe8dfe72f368959a3fdd4ecb8ed1f3c0a54f99da6f1d2a5097bbedf36d6ded365fb7ea1c2dbf50a6a57e590663f94e0de60da527a&type=1 HTTP/1.1" 200 380
0:0:0:0:0:0:0:1 - - [29/Dec/2017:14:35:18 +0800] "GET /index.html?_p=4489b7c2bc6b389118a2a033d7733762d3fb15ae263d77107cb1d6951b33f1126b3df9f2082cc7efb5b7beb7acddf8130afd31fb9e7f01553c246a6f42a606969d44b128b6d14b0ef7c35e5541256ed8bea65e2488a198cba619968cbaa4dc523f7c56216bb3a8462361eeb512be3226e737191ff95a00d2bd63a32fe8dfe72f368959a3fdd4ecb8ed1f3c0a54f99da6f1d2a5097bbedf36d6ded365fb7ea1c2dbf50a6a57e590663f94e0de60da527a HTTP/1.1" 200 47755
0:0:0:0:0:0:0:1 - - [29/Dec/2017:14:35:18 +0800] "GET /css/iconfont.css HTTP/1.1" 200 9580
0:0:0:0:0:0:0:1 - - [29/Dec/2017:14:35:18 +0800] "GET /css/iosSelect.css HTTP/1.1" 200 7851
0:0:0:0:0:0:0:1 - - [29/Dec/2017:14:35:18 +0800] "GET /js/index/style.css HTTP/1.1" 200 20727
0:0:0:0:0:0:0:1 - - [29/Dec/2017:14:35:18 +0800] "GET /plugins/flexible.js HTTP/1.1" 200 1883
0:0:0:0:0:0:0:1 - - [29/Dec/2017:14:35:18 +0800] "GET /js/require.js HTTP/1.1" 200 86670
0:0:0:0:0:0:0:1 - - [29/Dec/2017:14:35:18 +0800] "GET /js/config.js HTTP/1.1" 200 1773
0:0:0:0:0:0:0:1 - - [29/Dec/2017:14:35:18 +0800] "GET /js/index/index.js HTTP/1.1" 200 23036
0:0:0:0:0:0:0:1 - - [29/Dec/2017:14:35:18 +0800] "GET /images/1/adup.jpg HTTP/1.1" 200 64767
0:0:0:0:0:0:0:1 - - [29/Dec/2017:14:35:18 +0800] "GET /images/1/dowmap.jpg HTTP/1.1" 200 72096
0:0:0:0:0:0:0:1 - - [29/Dec/2017:14:35:18 +0800] "GET /images/1/80-90.png HTTP/1.1" 200 31983
0:0:0:0:0:0:0:1 - - [29/Dec/2017:14:35:18 +0800] "GET /images/5/title.png HTTP/1.1" 200 791
0:0:0:0:0:0:0:1 - - [29/Dec/2017:14:35:18 +0800] "GET /plugins/lib/jquery.min.js HTTP/1.1" 200 85577
0:0:0:0:0:0:0:1 - - [29/Dec/2017:14:35:18 +0800] "GET /plugins/funs/common.js HTTP/1.1" 200 3002
0:0:0:0:0:0:0:1 - - [29/Dec/2017:14:35:18 +0800] "GET /plugins/lib/vue.min.js HTTP/1.1" 200 76004
0:0:0:0:0:0:0:1 - - [29/Dec/2017:14:35:18 +0800] "GET /component/FooterBar/footerBar.js HTTP/1.1" 200 2013
0:0:0:0:0:0:0:1 - - [29/Dec/2017:14:35:18 +0800] "GET /plugins/funs/count.js HTTP/1.1" 200 399
0:0:0:0:0:0:0:1 - - [29/Dec/2017:14:35:18 +0800] "GET /js/index/style.css.map HTTP/1.1" 200 12467
0:0:0:0:0:0:0:1 - - [29/Dec/2017:14:35:18 +0800] "GET /plugins/lib/echarts.min.js HTTP/1.1" 200 664016
0:0:0:0:0:0:0:1 - - [29/Dec/2017:14:35:18 +0800] "GET /plugins/lib/html2canvas.js HTTP/1.1" 200 144491
0:0:0:0:0:0:0:1 - - [29/Dec/2017:14:35:19 +0800] "POST /getAdvertising?_p=4489b7c2bc6b389118a2a033d7733762d3fb15ae263d77107cb1d6951b33f1126b3df9f2082cc7efb5b7beb7acddf8130afd31fb9e7f01553c246a6f42a606969d44b128b6d14b0ef7c35e5541256ed8bea65e2488a198cba619968cbaa4dc523f7c56216bb3a8462361eeb512be3226e737191ff95a00d2bd63a32fe8dfe72f368959a3fdd4ecb8ed1f3c0a54f99da6f1d2a5097bbedf36d6ded365fb7ea1c2dbf50a6a57e590663f94e0de60da527a HTTP/1.1" 200 -
0:0:0:0:0:0:0:1 - - [29/Dec/2017:14:35:19 +0800] "GET /images/1/adup.jpg HTTP/1.1" 200 64767
0:0:0:0:0:0:0:1 - - [29/Dec/2017:14:35:19 +0800] "GET /images/5/title.png HTTP/1.1" 200 791
0:0:0:0:0:0:0:1 - - [29/Dec/2017:14:35:19 +0800] "GET /images/1/dowmap.jpg HTTP/1.1" 200 72096
0:0:0:0:0:0:0:1 - - [29/Dec/2017:14:35:19 +0800] "GET /images/1/80-90.png HTTP/1.1" 200 31983
0:0:0:0:0:0:0:1 - - [29/Dec/2017:14:35:19 +0800] "GET /images/tab_bar_icon/nav-tab-active.png HTTP/1.1" 200 8521
0:0:0:0:0:0:0:1 - - [29/Dec/2017:14:35:19 +0800] "GET /images/1/indexBg.png HTTP/1.1" 200 78391
0:0:0:0:0:0:0:1 - - [29/Dec/2017:14:35:19 +0800] "GET /images/tab_bar_icon/nav-tab.png HTTP/1.1" 200 9743
0:0:0:0:0:0:0:1 - - [29/Dec/2017:14:35:19 +0800] "GET /images/1/up-down.png HTTP/1.1" 200 3564
0:0:0:0:0:0:0:1 - - [29/Dec/2017:14:35:19 +0800] "GET /images/1/right.png HTTP/1.1" 200 4346
0:0:0:0:0:0:0:1 - - [29/Dec/2017:14:35:19 +0800] "GET /images/1/home-icon.png HTTP/1.1" 200 5940
0:0:0:0:0:0:0:1 - - [29/Dec/2017:14:35:19 +0800] "GET /weUserWeightList?_p=4489b7c2bc6b389118a2a033d7733762d3fb15ae263d77107cb1d6951b33f1126b3df9f2082cc7efb5b7beb7acddf8130afd31fb9e7f01553c246a6f42a606969d44b128b6d14b0ef7c35e5541256ed8bea65e2488a198cba619968cbaa4dc523f7c56216bb3a8462361eeb512be3226e737191ff95a00d2bd63a32fe8dfe72f368959a3fdd4ecb8ed1f3c0a54f99da6f1d2a5097bbedf36d6ded365fb7ea1c2dbf50a6a57e590663f94e0de60da527a&type=1 HTTP/1.1" 200 380
0:0:0:0:0:0:0:1 - - [29/Dec/2017:14:35:26 +0800] "GET /weUserWeightList?_p=4489b7c2bc6b389118a2a033d7733762d3fb15ae263d77107cb1d6951b33f1126b3df9f2082cc7efb5b7beb7acddf8130afd31fb9e7f01553c246a6f42a606969d44b128b6d14b0ef7c35e5541256ed8bea65e2488a198cba619968cbaa4dc523f7c56216bb3a8462361eeb512be3226e737191ff95a00d2bd63a32fe8dfe72f368959a3fdd4ecb8ed1f3c0a54f99da6f1d2a5097bbedf36d6ded365fb7ea1c2dbf50a6a57e590663f94e0de60da527a&type=2 HTTP/1.1" 200 380
0:0:0:0:0:0:0:1 - - [29/Dec/2017:14:35:33 +0800] "GET /weUserWeightList?_p=4489b7c2bc6b389118a2a033d7733762d3fb15ae263d77107cb1d6951b33f1126b3df9f2082cc7efb5b7beb7acddf8130afd31fb9e7f01553c246a6f42a606969d44b128b6d14b0ef7c35e5541256ed8bea65e2488a198cba619968cbaa4dc523f7c56216bb3a8462361eeb512be3226e737191ff95a00d2bd63a32fe8dfe72f368959a3fdd4ecb8ed1f3c0a54f99da6f1d2a5097bbedf36d6ded365fb7ea1c2dbf50a6a57e590663f94e0de60da527a&type=3 HTTP/1.1" 200 380
0:0:0:0:0:0:0:1 - - [29/Dec/2017:14:36:18 +0800] "GET /index.html?_p=4489b7c2bc6b389118a2a033d7733762d3fb15ae263d77107cb1d6951b33f1126b3df9f2082cc7efb5b7beb7acddf8130afd31fb9e7f01553c246a6f42a606969d44b128b6d14b0ef7c35e5541256ed8bea65e2488a198cba619968cbaa4dc523f7c56216bb3a8462361eeb512be3226e737191ff95a00d2bd63a32fe8dfe72f368959a3fdd4ecb8ed1f3c0a54f99da6f1d2a5097bbedf36d6ded365fb7ea1c2dbf50a6a57e590663f94e0de60da527a HTTP/1.1" 200 47755
0:0:0:0:0:0:0:1 - - [29/Dec/2017:14:36:18 +0800] "GET /js/index/style.css HTTP/1.1" 200 20727
0:0:0:0:0:0:0:1 - - [29/Dec/2017:14:36:18 +0800] "GET /css/iosSelect.css HTTP/1.1" 200 7851
0:0:0:0:0:0:0:1 - - [29/Dec/2017:14:36:18 +0800] "GET /css/iconfont.css HTTP/1.1" 200 9580
0:0:0:0:0:0:0:1 - - [29/Dec/2017:14:36:18 +0800] "GET /plugins/flexible.js HTTP/1.1" 200 1883
0:0:0:0:0:0:0:1 - - [29/Dec/2017:14:36:18 +0800] "GET /js/require.js HTTP/1.1" 200 86670
0:0:0:0:0:0:0:1 - - [29/Dec/2017:14:36:18 +0800] "GET /js/config.js HTTP/1.1" 200 1773
0:0:0:0:0:0:0:1 - - [29/Dec/2017:14:36:18 +0800] "GET /images/1/adup.jpg HTTP/1.1" 200 64767
0:0:0:0:0:0:0:1 - - [29/Dec/2017:14:36:18 +0800] "GET /images/5/title.png HTTP/1.1" 200 791
0:0:0:0:0:0:0:1 - - [29/Dec/2017:14:36:18 +0800] "GET /images/1/80-90.png HTTP/1.1" 200 31983
0:0:0:0:0:0:0:1 - - [29/Dec/2017:14:36:18 +0800] "GET /js/index/index.js HTTP/1.1" 200 23036
0:0:0:0:0:0:0:1 - - [29/Dec/2017:14:36:18 +0800] "GET /images/1/dowmap.jpg HTTP/1.1" 200 72096
0:0:0:0:0:0:0:1 - - [29/Dec/2017:14:36:18 +0800] "GET /plugins/lib/jquery.min.js HTTP/1.1" 200 85577
0:0:0:0:0:0:0:1 - - [29/Dec/2017:14:36:18 +0800] "GET /plugins/funs/common.js HTTP/1.1" 200 3002
0:0:0:0:0:0:0:1 - - [29/Dec/2017:14:36:18 +0800] "GET /component/FooterBar/footerBar.js HTTP/1.1" 200 2013
0:0:0:0:0:0:0:1 - - [29/Dec/2017:14:36:18 +0800] "GET /plugins/lib/vue.min.js HTTP/1.1" 200 76004
0:0:0:0:0:0:0:1 - - [29/Dec/2017:14:36:18 +0800] "GET /js/index/style.css.map HTTP/1.1" 200 12467
0:0:0:0:0:0:0:1 - - [29/Dec/2017:14:36:18 +0800] "GET /plugins/funs/count.js HTTP/1.1" 200 399
0:0:0:0:0:0:0:1 - - [29/Dec/2017:14:36:18 +0800] "GET /plugins/lib/echarts.min.js HTTP/1.1" 200 664016
0:0:0:0:0:0:0:1 - - [29/Dec/2017:14:36:18 +0800] "GET /plugins/lib/html2canvas.js HTTP/1.1" 200 144491
0:0:0:0:0:0:0:1 - - [29/Dec/2017:14:36:19 +0800] "GET /images/5/title.png HTTP/1.1" 200 791
0:0:0:0:0:0:0:1 - - [29/Dec/2017:14:36:19 +0800] "POST /getAdvertising?_p=4489b7c2bc6b389118a2a033d7733762d3fb15ae263d77107cb1d6951b33f1126b3df9f2082cc7efb5b7beb7acddf8130afd31fb9e7f01553c246a6f42a606969d44b128b6d14b0ef7c35e5541256ed8bea65e2488a198cba619968cbaa4dc523f7c56216bb3a8462361eeb512be3226e737191ff95a00d2bd63a32fe8dfe72f368959a3fdd4ecb8ed1f3c0a54f99da6f1d2a5097bbedf36d6ded365fb7ea1c2dbf50a6a57e590663f94e0de60da527a HTTP/1.1" 200 -
0:0:0:0:0:0:0:1 - - [29/Dec/2017:14:36:19 +0800] "GET /images/1/dowmap.jpg HTTP/1.1" 200 72096
0:0:0:0:0:0:0:1 - - [29/Dec/2017:14:36:19 +0800] "GET /images/1/adup.jpg HTTP/1.1" 200 64767
0:0:0:0:0:0:0:1 - - [29/Dec/2017:14:36:19 +0800] "GET /images/1/80-90.png HTTP/1.1" 200 31983
0:0:0:0:0:0:0:1 - - [29/Dec/2017:14:36:19 +0800] "GET /images/1/right.png HTTP/1.1" 200 4346
0:0:0:0:0:0:0:1 - - [29/Dec/2017:14:36:19 +0800] "GET /images/tab_bar_icon/nav-tab-active.png HTTP/1.1" 200 8521
0:0:0:0:0:0:0:1 - - [29/Dec/2017:14:36:19 +0800] "GET /images/1/up-down.png HTTP/1.1" 200 3564
0:0:0:0:0:0:0:1 - - [29/Dec/2017:14:36:19 +0800] "GET /images/1/home-icon.png HTTP/1.1" 200 5940
0:0:0:0:0:0:0:1 - - [29/Dec/2017:14:36:19 +0800] "GET /images/tab_bar_icon/nav-tab.png HTTP/1.1" 200 9743
0:0:0:0:0:0:0:1 - - [29/Dec/2017:14:36:19 +0800] "GET /images/1/indexBg.png HTTP/1.1" 200 78391
0:0:0:0:0:0:0:1 - - [29/Dec/2017:14:36:19 +0800] "GET /weUserWeightList?_p=4489b7c2bc6b389118a2a033d7733762d3fb15ae263d77107cb1d6951b33f1126b3df9f2082cc7efb5b7beb7acddf8130afd31fb9e7f01553c246a6f42a606969d44b128b6d14b0ef7c35e5541256ed8bea65e2488a198cba619968cbaa4dc523f7c56216bb3a8462361eeb512be3226e737191ff95a00d2bd63a32fe8dfe72f368959a3fdd4ecb8ed1f3c0a54f99da6f1d2a5097bbedf36d6ded365fb7ea1c2dbf50a6a57e590663f94e0de60da527a&type=1 HTTP/1.1" 200 380
0:0:0:0:0:0:0:1 - - [29/Dec/2017:14:36:28 +0800] "GET /weUserWeightList?_p=4489b7c2bc6b389118a2a033d7733762d3fb15ae263d77107cb1d6951b33f1126b3df9f2082cc7efb5b7beb7acddf8130afd31fb9e7f01553c246a6f42a606969d44b128b6d14b0ef7c35e5541256ed8bea65e2488a198cba619968cbaa4dc523f7c56216bb3a8462361eeb512be3226e737191ff95a00d2bd63a32fe8dfe72f368959a3fdd4ecb8ed1f3c0a54f99da6f1d2a5097bbedf36d6ded365fb7ea1c2dbf50a6a57e590663f94e0de60da527a&type=2 HTTP/1.1" 200 380
0:0:0:0:0:0:0:1 - - [29/Dec/2017:14:36:28 +0800] "GET /weUserWeightList?_p=4489b7c2bc6b389118a2a033d7733762d3fb15ae263d77107cb1d6951b33f1126b3df9f2082cc7efb5b7beb7acddf8130afd31fb9e7f01553c246a6f42a606969d44b128b6d14b0ef7c35e5541256ed8bea65e2488a198cba619968cbaa4dc523f7c56216bb3a8462361eeb512be3226e737191ff95a00d2bd63a32fe8dfe72f368959a3fdd4ecb8ed1f3c0a54f99da6f1d2a5097bbedf36d6ded365fb7ea1c2dbf50a6a57e590663f94e0de60da527a&type=3 HTTP/1.1" 200 380
0:0:0:0:0:0:0:1 - - [29/Dec/2017:14:39:27 +0800] "GET /index.html?_p=4489b7c2bc6b389118a2a033d7733762d3fb15ae263d77107cb1d6951b33f1126b3df9f2082cc7efb5b7beb7acddf8130afd31fb9e7f01553c246a6f42a606969d44b128b6d14b0ef7c35e5541256ed8bea65e2488a198cba619968cbaa4dc523f7c56216bb3a8462361eeb512be3226e737191ff95a00d2bd63a32fe8dfe72f368959a3fdd4ecb8ed1f3c0a54f99da6f1d2a5097bbedf36d6ded365fb7ea1c2dbf50a6a57e590663f94e0de60da527a HTTP/1.1" 200 47755
0:0:0:0:0:0:0:1 - - [29/Dec/2017:14:39:27 +0800] "GET /plugins/flexible.js HTTP/1.1" 200 1883
0:0:0:0:0:0:0:1 - - [29/Dec/2017:14:39:27 +0800] "GET /css/iosSelect.css HTTP/1.1" 200 7851
0:0:0:0:0:0:0:1 - - [29/Dec/2017:14:39:27 +0800] "GET /js/index/style.css HTTP/1.1" 200 20727
0:0:0:0:0:0:0:1 - - [29/Dec/2017:14:39:27 +0800] "GET /css/iconfont.css HTTP/1.1" 200 9580
0:0:0:0:0:0:0:1 - - [29/Dec/2017:14:39:27 +0800] "GET /js/require.js HTTP/1.1" 200 86670
0:0:0:0:0:0:0:1 - - [29/Dec/2017:14:39:27 +0800] "GET /images/5/title.png HTTP/1.1" 200 791
0:0:0:0:0:0:0:1 - - [29/Dec/2017:14:39:27 +0800] "GET /images/1/80-90.png HTTP/1.1" 200 31983
0:0:0:0:0:0:0:1 - - [29/Dec/2017:14:39:27 +0800] "GET /images/1/dowmap.jpg HTTP/1.1" 200 72096
0:0:0:0:0:0:0:1 - - [29/Dec/2017:14:39:27 +0800] "GET /js/index/index.js HTTP/1.1" 200 23036
0:0:0:0:0:0:0:1 - - [29/Dec/2017:14:39:27 +0800] "GET /js/config.js HTTP/1.1" 200 1773
0:0:0:0:0:0:0:1 - - [29/Dec/2017:14:39:27 +0800] "GET /images/1/adup.jpg HTTP/1.1" 200 64767
0:0:0:0:0:0:0:1 - - [29/Dec/2017:14:39:27 +0800] "GET /component/FooterBar/footerBar.js HTTP/1.1" 200 2013
0:0:0:0:0:0:0:1 - - [29/Dec/2017:14:39:27 +0800] "GET /plugins/funs/common.js HTTP/1.1" 200 3002
0:0:0:0:0:0:0:1 - - [29/Dec/2017:14:39:27 +0800] "GET /plugins/lib/vue.min.js HTTP/1.1" 200 76004
0:0:0:0:0:0:0:1 - - [29/Dec/2017:14:39:27 +0800] "GET /plugins/funs/count.js HTTP/1.1" 200 399
0:0:0:0:0:0:0:1 - - [29/Dec/2017:14:39:27 +0800] "GET /plugins/lib/jquery.min.js HTTP/1.1" 200 85577
0:0:0:0:0:0:0:1 - - [29/Dec/2017:14:39:27 +0800] "GET /plugins/lib/echarts.min.js HTTP/1.1" 200 664016
0:0:0:0:0:0:0:1 - - [29/Dec/2017:14:39:27 +0800] "GET /js/index/style.css.map HTTP/1.1" 200 12467
0:0:0:0:0:0:0:1 - - [29/Dec/2017:14:39:27 +0800] "GET /plugins/lib/html2canvas.js HTTP/1.1" 200 144491
0:0:0:0:0:0:0:1 - - [29/Dec/2017:14:39:27 +0800] "GET /images/5/title.png HTTP/1.1" 200 791
0:0:0:0:0:0:0:1 - - [29/Dec/2017:14:39:27 +0800] "GET /images/1/80-90.png HTTP/1.1" 200 31983
0:0:0:0:0:0:0:1 - - [29/Dec/2017:14:39:27 +0800] "GET /images/1/dowmap.jpg HTTP/1.1" 200 72096
0:0:0:0:0:0:0:1 - - [29/Dec/2017:14:39:27 +0800] "GET /images/1/right.png HTTP/1.1" 200 4346
0:0:0:0:0:0:0:1 - - [29/Dec/2017:14:39:27 +0800] "GET /images/1/indexBg.png HTTP/1.1" 200 78391
0:0:0:0:0:0:0:1 - - [29/Dec/2017:14:39:27 +0800] "GET /images/tab_bar_icon/nav-tab-active.png HTTP/1.1" 200 8521
0:0:0:0:0:0:0:1 - - [29/Dec/2017:14:39:27 +0800] "GET /images/tab_bar_icon/nav-tab.png HTTP/1.1" 200 9743
0:0:0:0:0:0:0:1 - - [29/Dec/2017:14:39:27 +0800] "POST /getAdvertising?_p=4489b7c2bc6b389118a2a033d7733762d3fb15ae263d77107cb1d6951b33f1126b3df9f2082cc7efb5b7beb7acddf8130afd31fb9e7f01553c246a6f42a606969d44b128b6d14b0ef7c35e5541256ed8bea65e2488a198cba619968cbaa4dc523f7c56216bb3a8462361eeb512be3226e737191ff95a00d2bd63a32fe8dfe72f368959a3fdd4ecb8ed1f3c0a54f99da6f1d2a5097bbedf36d6ded365fb7ea1c2dbf50a6a57e590663f94e0de60da527a HTTP/1.1" 200 -
0:0:0:0:0:0:0:1 - - [29/Dec/2017:14:39:27 +0800] "GET /images/1/adup.jpg HTTP/1.1" 200 64767
0:0:0:0:0:0:0:1 - - [29/Dec/2017:14:39:27 +0800] "GET /images/1/home-icon.png HTTP/1.1" 200 5940
0:0:0:0:0:0:0:1 - - [29/Dec/2017:14:39:27 +0800] "GET /images/1/up-down.png HTTP/1.1" 200 3564
0:0:0:0:0:0:0:1 - - [29/Dec/2017:14:39:27 +0800] "GET /weUserWeightList?_p=4489b7c2bc6b389118a2a033d7733762d3fb15ae263d77107cb1d6951b33f1126b3df9f2082cc7efb5b7beb7acddf8130afd31fb9e7f01553c246a6f42a606969d44b128b6d14b0ef7c35e5541256ed8bea65e2488a198cba619968cbaa4dc523f7c56216bb3a8462361eeb512be3226e737191ff95a00d2bd63a32fe8dfe72f368959a3fdd4ecb8ed1f3c0a54f99da6f1d2a5097bbedf36d6ded365fb7ea1c2dbf50a6a57e590663f94e0de60da527a&type=1 HTTP/1.1" 200 380
0:0:0:0:0:0:0:1 - - [29/Dec/2017:14:39:35 +0800] "GET /weUserWeightList?_p=4489b7c2bc6b389118a2a033d7733762d3fb15ae263d77107cb1d6951b33f1126b3df9f2082cc7efb5b7beb7acddf8130afd31fb9e7f01553c246a6f42a606969d44b128b6d14b0ef7c35e5541256ed8bea65e2488a198cba619968cbaa4dc523f7c56216bb3a8462361eeb512be3226e737191ff95a00d2bd63a32fe8dfe72f368959a3fdd4ecb8ed1f3c0a54f99da6f1d2a5097bbedf36d6ded365fb7ea1c2dbf50a6a57e590663f94e0de60da527a&type=2 HTTP/1.1" 200 380
0:0:0:0:0:0:0:1 - - [29/Dec/2017:14:39:35 +0800] "GET /weUserWeightList?_p=4489b7c2bc6b389118a2a033d7733762d3fb15ae263d77107cb1d6951b33f1126b3df9f2082cc7efb5b7beb7acddf8130afd31fb9e7f01553c246a6f42a606969d44b128b6d14b0ef7c35e5541256ed8bea65e2488a198cba619968cbaa4dc523f7c56216bb3a8462361eeb512be3226e737191ff95a00d2bd63a32fe8dfe72f368959a3fdd4ecb8ed1f3c0a54f99da6f1d2a5097bbedf36d6ded365fb7ea1c2dbf50a6a57e590663f94e0de60da527a&type=3 HTTP/1.1" 200 380
