0:0:0:0:0:0:0:1 - - [14/Dec/2017:09:40:15 +0800] "GET /shop.html?devicename=%E5%90%83%E8%B4%A7%E7%A0%81%E5%A4%B4&distance=36.12&appstatu=1&address=-3%E4%B8%AD%E5%B1%B1%E5%B8%82%E8%A5%BF%E5%8C%BA%E5%AF%8C%E5%8D%8E%E9%81%93%E5%A4%A9%E6%82%A6%E5%9F%8E5%E6%A5%BC&logImgArr=&serviceTime=00%3A00%3A00-null&tel=13824309537&introduce=null&latitude=23.142651&longitude=113.32386 HTTP/1.1" 200 3238
0:0:0:0:0:0:0:1 - - [14/Dec/2017:09:40:15 +0800] "GET /css/iconfont.css?v=time HTTP/1.1" 200 9580
0:0:0:0:0:0:0:1 - - [14/Dec/2017:09:40:15 +0800] "GET /css/normalize.css?v=time HTTP/1.1" 200 8052
0:0:0:0:0:0:0:1 - - [14/Dec/2017:09:40:15 +0800] "GET /css/swiper-3.4.2.min.css?v=time HTTP/1.1" 200 17759
0:0:0:0:0:0:0:1 - - [14/Dec/2017:09:40:15 +0800] "GET /plugins/flexible.js?v=time HTTP/1.1" 200 1883
0:0:0:0:0:0:0:1 - - [14/Dec/2017:09:40:15 +0800] "GET /js/map/shop.css?v=time HTTP/1.1" 200 7049
0:0:0:0:0:0:0:1 - - [14/Dec/2017:09:40:15 +0800] "GET /js/config.js?v=time HTTP/1.1" 200 1634
0:0:0:0:0:0:0:1 - - [14/Dec/2017:09:40:15 +0800] "GET /images/dot_tal.png HTTP/1.1" 200 1719
0:0:0:0:0:0:0:1 - - [14/Dec/2017:09:40:15 +0800] "GET /js/require.js?v=time HTTP/1.1" 200 86670
0:0:0:0:0:0:0:1 - - [14/Dec/2017:09:40:15 +0800] "GET /images/dot_location.png HTTP/1.1" 200 1774
0:0:0:0:0:0:0:1 - - [14/Dec/2017:09:40:15 +0800] "GET /js/map/shop.js?v=time HTTP/1.1" 200 7521
0:0:0:0:0:0:0:1 - - [14/Dec/2017:09:40:15 +0800] "GET /images/dot_time.png HTTP/1.1" 200 1590
0:0:0:0:0:0:0:1 - - [14/Dec/2017:09:40:15 +0800] "GET /plugins/lib/async.js HTTP/1.1" 200 1384
0:0:0:0:0:0:0:1 - - [14/Dec/2017:09:40:15 +0800] "GET /plugins/lib/jquery.min.js HTTP/1.1" 200 85577
0:0:0:0:0:0:0:1 - - [14/Dec/2017:09:40:15 +0800] "GET /plugins/lib/vue.min.js HTTP/1.1" 200 76004
0:0:0:0:0:0:0:1 - - [14/Dec/2017:09:40:15 +0800] "GET /component/Loading/loading.js HTTP/1.1" 200 794
0:0:0:0:0:0:0:1 - - [14/Dec/2017:09:40:15 +0800] "GET /plugins/funs/common.js HTTP/1.1" 200 2812
0:0:0:0:0:0:0:1 - - [14/Dec/2017:09:40:15 +0800] "GET /plugins/funs/count.js HTTP/1.1" 200 399
0:0:0:0:0:0:0:1 - - [14/Dec/2017:09:40:16 +0800] "GET /plugins/lib/swiper-3.4.2.jquery.min.js HTTP/1.1" 200 86954
0:0:0:0:0:0:0:1 - - [14/Dec/2017:09:40:16 +0800] "GET /favicon.ico HTTP/1.1" 404 126
0:0:0:0:0:0:0:1 - - [14/Dec/2017:09:40:16 +0800] "GET /favicon.ico HTTP/1.1" 404 126
0:0:0:0:0:0:0:1 - - [14/Dec/2017:09:40:16 +0800] "GET /images/dot_location.png HTTP/1.1" 200 1774
0:0:0:0:0:0:0:1 - - [14/Dec/2017:09:40:16 +0800] "GET /images/dot_time.png HTTP/1.1" 200 1590
0:0:0:0:0:0:0:1 - - [14/Dec/2017:09:40:16 +0800] "GET /images/dot_tal.png HTTP/1.1" 200 1719
0:0:0:0:0:0:0:1 - - [14/Dec/2017:09:40:16 +0800] "GET /undefined HTTP/1.1" 404 124
0:0:0:0:0:0:0:1 - - [14/Dec/2017:09:40:39 +0800] "GET /shop.html?_p=c1bef687d39801113480e7534d6f67d9fc6023bb59540fc9c36fbc53915e0d44fdb944be391a4ed46aa740c24da7db33cf7758a5a3d12b8fc5ccfff0ee924858772f0a25e65a1a9a5f87693fda03f229474e611613932e1060e02dfcc9f7d26d4c0e1a71480e5986fb0c375cdbb19560086dbb6cd629aa497c5b386f9a15d2d661522d4eb652ec20ec837457ad76c496 HTTP/1.1" 200 3238
0:0:0:0:0:0:0:1 - - [14/Dec/2017:09:40:39 +0800] "GET /css/normalize.css?v=time HTTP/1.1" 200 8052
0:0:0:0:0:0:0:1 - - [14/Dec/2017:09:40:39 +0800] "GET /css/iconfont.css?v=time HTTP/1.1" 200 9580
0:0:0:0:0:0:0:1 - - [14/Dec/2017:09:40:39 +0800] "GET /css/swiper-3.4.2.min.css?v=time HTTP/1.1" 200 17759
0:0:0:0:0:0:0:1 - - [14/Dec/2017:09:40:39 +0800] "GET /js/map/shop.css?v=time HTTP/1.1" 200 7049
0:0:0:0:0:0:0:1 - - [14/Dec/2017:09:40:39 +0800] "GET /plugins/flexible.js?v=time HTTP/1.1" 200 1883
0:0:0:0:0:0:0:1 - - [14/Dec/2017:09:40:39 +0800] "GET /images/dot_time.png HTTP/1.1" 200 1590
0:0:0:0:0:0:0:1 - - [14/Dec/2017:09:40:39 +0800] "GET /js/config.js?v=time HTTP/1.1" 200 1634
0:0:0:0:0:0:0:1 - - [14/Dec/2017:09:40:39 +0800] "GET /images/dot_location.png HTTP/1.1" 200 1774
0:0:0:0:0:0:0:1 - - [14/Dec/2017:09:40:39 +0800] "GET /js/map/shop.js?v=time HTTP/1.1" 200 7521
0:0:0:0:0:0:0:1 - - [14/Dec/2017:09:40:39 +0800] "GET /images/dot_tal.png HTTP/1.1" 200 1719
0:0:0:0:0:0:0:1 - - [14/Dec/2017:09:40:39 +0800] "GET /js/require.js?v=time HTTP/1.1" 200 86670
0:0:0:0:0:0:0:1 - - [14/Dec/2017:09:40:39 +0800] "GET /plugins/funs/common.js HTTP/1.1" 200 2812
0:0:0:0:0:0:0:1 - - [14/Dec/2017:09:40:39 +0800] "GET /component/Loading/loading.js HTTP/1.1" 200 794
0:0:0:0:0:0:0:1 - - [14/Dec/2017:09:40:39 +0800] "GET /plugins/funs/count.js HTTP/1.1" 200 399
0:0:0:0:0:0:0:1 - - [14/Dec/2017:09:40:39 +0800] "GET /plugins/lib/vue.min.js HTTP/1.1" 200 76004
0:0:0:0:0:0:0:1 - - [14/Dec/2017:09:40:39 +0800] "GET /plugins/lib/async.js HTTP/1.1" 200 1384
0:0:0:0:0:0:0:1 - - [14/Dec/2017:09:40:39 +0800] "GET /plugins/lib/jquery.min.js HTTP/1.1" 200 85577
0:0:0:0:0:0:0:1 - - [14/Dec/2017:09:40:39 +0800] "GET /plugins/lib/swiper-3.4.2.jquery.min.js HTTP/1.1" 200 86954
0:0:0:0:0:0:0:1 - - [14/Dec/2017:09:40:39 +0800] "GET /images/dot_location.png HTTP/1.1" 200 1774
0:0:0:0:0:0:0:1 - - [14/Dec/2017:09:40:39 +0800] "GET /images/dot_tal.png HTTP/1.1" 200 1719
0:0:0:0:0:0:0:1 - - [14/Dec/2017:09:40:39 +0800] "GET /images/dot_time.png HTTP/1.1" 200 1590
0:0:0:0:0:0:0:1 - - [14/Dec/2017:09:40:39 +0800] "GET /undefined HTTP/1.1" 404 124
