0:0:0:0:0:0:0:1 - - [18/Dec/2017:09:31:52 +0800] "GET /shop.html?devicename=%E5%90%83%E8%B4%A7%E7%A0%81%E5%A4%B4&distance=36.12&appstatu=1&address=-3%E4%B8%AD%E5%B1%B1%E5%B8%82%E8%A5%BF%E5%8C%BA%E5%AF%8C%E5%8D%8E%E9%81%93%E5%A4%A9%E6%82%A6%E5%9F%8E5%E6%A5%BC&logImgArr=&serviceTime=00%3A00%3A00-null&tel=13824309537&introduce=null&latitude=23.142651&longitude=113.32386 HTTP/1.1" 200 3358
0:0:0:0:0:0:0:1 - - [18/Dec/2017:09:31:52 +0800] "GET /css/normalize.css HTTP/1.1" 200 8052
0:0:0:0:0:0:0:1 - - [18/Dec/2017:09:31:52 +0800] "GET /plugins/flexible.js HTTP/1.1" 200 1883
0:0:0:0:0:0:0:1 - - [18/Dec/2017:09:31:52 +0800] "GET /css/iconfont.css HTTP/1.1" 200 9580
0:0:0:0:0:0:0:1 - - [18/Dec/2017:09:31:52 +0800] "GET /js/map/shop.css HTTP/1.1" 200 7049
0:0:0:0:0:0:0:1 - - [18/Dec/2017:09:31:52 +0800] "GET /js/require.js HTTP/1.1" 200 86670
0:0:0:0:0:0:0:1 - - [18/Dec/2017:09:31:52 +0800] "GET /css/swiper-3.4.2.min.css HTTP/1.1" 200 17759
0:0:0:0:0:0:0:1 - - [18/Dec/2017:09:31:52 +0800] "GET /js/config.js HTTP/1.1" 200 1773
0:0:0:0:0:0:0:1 - - [18/Dec/2017:09:31:52 +0800] "GET /images/dot_location.png HTTP/1.1" 200 1774
0:0:0:0:0:0:0:1 - - [18/Dec/2017:09:31:52 +0800] "GET /images/dot_time.png HTTP/1.1" 200 1590
0:0:0:0:0:0:0:1 - - [18/Dec/2017:09:31:52 +0800] "GET /js/map/shop.js HTTP/1.1" 200 7521
0:0:0:0:0:0:0:1 - - [18/Dec/2017:09:31:52 +0800] "GET /images/dot_tal.png HTTP/1.1" 200 1719
0:0:0:0:0:0:0:1 - - [18/Dec/2017:09:31:52 +0800] "GET /common.js HTTP/1.1" 404 124
0:0:0:0:0:0:0:1 - - [18/Dec/2017:09:31:52 +0800] "GET /jquery.js HTTP/1.1" 404 124
0:0:0:0:0:0:0:1 - - [18/Dec/2017:09:31:52 +0800] "GET /Loading.js HTTP/1.1" 404 125
0:0:0:0:0:0:0:1 - - [18/Dec/2017:09:31:52 +0800] "GET /Vue.js HTTP/1.1" 404 121
0:0:0:0:0:0:0:1 - - [18/Dec/2017:09:31:52 +0800] "GET /async.js HTTP/1.1" 404 123
0:0:0:0:0:0:0:1 - - [18/Dec/2017:09:31:52 +0800] "GET /Swiper.js HTTP/1.1" 404 124
0:0:0:0:0:0:0:1 - - [18/Dec/2017:09:31:52 +0800] "GET /favicon.ico HTTP/1.1" 404 126
0:0:0:0:0:0:0:1 - - [18/Dec/2017:09:32:11 +0800] "GET /shop.html?_p=f5367ad805014a4f36bda84a80acbe0877b11619135771967b74516d5584710ad8dcc118a792f16576653b93bf1bec2d9525085db81bcef1987858f745cddf776c42104d9c496992c67e5b9064f2af55c6fe259af9d24894215e4145d2e43e442603bbd5711002dc84e84686cd3db3f47ee894503d7ab1f65cd6df4126a1af2816fbc385cad733af3d36cbd1d5928ccb0650069a43cdb8ab33b9c6fedff5c124919a2191ab0a22aadd0705f5f957dc01 HTTP/1.1" 200 3358
0:0:0:0:0:0:0:1 - - [18/Dec/2017:09:32:11 +0800] "GET /css/normalize.css HTTP/1.1" 200 8052
0:0:0:0:0:0:0:1 - - [18/Dec/2017:09:32:11 +0800] "GET /plugins/flexible.js HTTP/1.1" 200 1883
0:0:0:0:0:0:0:1 - - [18/Dec/2017:09:32:11 +0800] "GET /css/iconfont.css HTTP/1.1" 200 9580
0:0:0:0:0:0:0:1 - - [18/Dec/2017:09:32:11 +0800] "GET /js/map/shop.css HTTP/1.1" 200 7049
0:0:0:0:0:0:0:1 - - [18/Dec/2017:09:32:11 +0800] "GET /css/swiper-3.4.2.min.css HTTP/1.1" 200 17759
0:0:0:0:0:0:0:1 - - [18/Dec/2017:09:32:11 +0800] "GET /js/require.js HTTP/1.1" 200 86670
0:0:0:0:0:0:0:1 - - [18/Dec/2017:09:32:11 +0800] "GET /js/config.js HTTP/1.1" 200 1773
0:0:0:0:0:0:0:1 - - [18/Dec/2017:09:32:11 +0800] "GET /images/dot_time.png HTTP/1.1" 200 1590
0:0:0:0:0:0:0:1 - - [18/Dec/2017:09:32:11 +0800] "GET /images/dot_location.png HTTP/1.1" 200 1774
0:0:0:0:0:0:0:1 - - [18/Dec/2017:09:32:11 +0800] "GET /js/map/shop.js HTTP/1.1" 200 7521
0:0:0:0:0:0:0:1 - - [18/Dec/2017:09:32:11 +0800] "GET /images/dot_tal.png HTTP/1.1" 200 1719
0:0:0:0:0:0:0:1 - - [18/Dec/2017:09:32:11 +0800] "GET /Vue.js HTTP/1.1" 404 121
0:0:0:0:0:0:0:1 - - [18/Dec/2017:09:32:11 +0800] "GET /common.js HTTP/1.1" 404 124
0:0:0:0:0:0:0:1 - - [18/Dec/2017:09:32:11 +0800] "GET /Loading.js HTTP/1.1" 404 125
0:0:0:0:0:0:0:1 - - [18/Dec/2017:09:32:11 +0800] "GET /async.js HTTP/1.1" 404 123
0:0:0:0:0:0:0:1 - - [18/Dec/2017:09:32:11 +0800] "GET /Swiper.js HTTP/1.1" 404 124
0:0:0:0:0:0:0:1 - - [18/Dec/2017:09:32:11 +0800] "GET /jquery.js HTTP/1.1" 404 124
0:0:0:0:0:0:0:1 - - [18/Dec/2017:09:39:12 +0800] "GET /index.html?_p=f75fd4c26d73dba25f96a1b47f14209d0adfa8e19a3a4d55bfff6e70605954a34d693c83d0a22452c4a8ff207db76bcb51c53a7e37f3faafe5dc5f4e4dd98347d54dff2abb6ae6bc9e87769f9d50cae1e8ab6f0a6a820215984dedbae9cf191db9994159a71fb15c445344670c50c58b7042de4a7ef793e9cc5084168c223553bc5efe59f5dd2d98c4f70a89b19ec9cb HTTP/1.1" 200 7091
0:0:0:0:0:0:0:1 - - [18/Dec/2017:09:39:12 +0800] "GET /css/iconfont.css HTTP/1.1" 200 9580
0:0:0:0:0:0:0:1 - - [18/Dec/2017:09:39:12 +0800] "GET /css/iosSelect.css HTTP/1.1" 200 7851
0:0:0:0:0:0:0:1 - - [18/Dec/2017:09:39:12 +0800] "GET /images/5/title.png HTTP/1.1" 200 791
0:0:0:0:0:0:0:1 - - [18/Dec/2017:09:39:12 +0800] "GET /plugins/flexible.js HTTP/1.1" 200 1883
0:0:0:0:0:0:0:1 - - [18/Dec/2017:09:39:12 +0800] "GET /js/index/style.css HTTP/1.1" 200 20727
0:0:0:0:0:0:0:1 - - [18/Dec/2017:09:39:12 +0800] "GET /js/require.js HTTP/1.1" 200 86670
0:0:0:0:0:0:0:1 - - [18/Dec/2017:09:39:12 +0800] "GET /images/1/121-135.png HTTP/1.1" 200 46541
0:0:0:0:0:0:0:1 - - [18/Dec/2017:09:39:12 +0800] "GET /images/1/adup.jpg HTTP/1.1" 200 64767
0:0:0:0:0:0:0:1 - - [18/Dec/2017:09:39:12 +0800] "GET /images/1/dowmap.jpg HTTP/1.1" 200 72096
0:0:0:0:0:0:0:1 - - [18/Dec/2017:09:39:12 +0800] "GET /js/index/index.js HTTP/1.1" 200 23236
0:0:0:0:0:0:0:1 - - [18/Dec/2017:09:39:12 +0800] "GET /js/config.js HTTP/1.1" 200 1773
0:0:0:0:0:0:0:1 - - [18/Dec/2017:09:39:12 +0800] "GET /plugins/lib/jquery.min.js HTTP/1.1" 200 85577
0:0:0:0:0:0:0:1 - - [18/Dec/2017:09:39:12 +0800] "GET /plugins/lib/vue.min.js HTTP/1.1" 200 76004
0:0:0:0:0:0:0:1 - - [18/Dec/2017:09:39:12 +0800] "GET /plugins/funs/common.js HTTP/1.1" 200 3002
0:0:0:0:0:0:0:1 - - [18/Dec/2017:09:39:12 +0800] "GET /component/FooterBar/footerBar.js HTTP/1.1" 200 2013
0:0:0:0:0:0:0:1 - - [18/Dec/2017:09:39:13 +0800] "GET /plugins/lib/echarts.min.js HTTP/1.1" 200 664016
0:0:0:0:0:0:0:1 - - [18/Dec/2017:09:39:13 +0800] "GET /plugins/lib/html2canvas.js HTTP/1.1" 200 144491
0:0:0:0:0:0:0:1 - - [18/Dec/2017:09:39:13 +0800] "GET /plugins/funs/count.js HTTP/1.1" 200 399
0:0:0:0:0:0:0:1 - - [18/Dec/2017:09:39:13 +0800] "GET /images/1/adup.jpg HTTP/1.1" 200 64767
0:0:0:0:0:0:0:1 - - [18/Dec/2017:09:39:13 +0800] "GET /images/5/title.png HTTP/1.1" 200 791
0:0:0:0:0:0:0:1 - - [18/Dec/2017:09:39:13 +0800] "GET /images/1/dowmap.jpg HTTP/1.1" 200 72096
0:0:0:0:0:0:0:1 - - [18/Dec/2017:09:39:13 +0800] "GET /images/1/121-135.png HTTP/1.1" 200 46541
0:0:0:0:0:0:0:1 - - [18/Dec/2017:09:39:13 +0800] "GET /images/1/indexBg.png HTTP/1.1" 200 78391
0:0:0:0:0:0:0:1 - - [18/Dec/2017:09:39:13 +0800] "GET /images/1/right.png HTTP/1.1" 200 4346
0:0:0:0:0:0:0:1 - - [18/Dec/2017:09:39:13 +0800] "GET /images/1/home-icon.png HTTP/1.1" 200 5940
0:0:0:0:0:0:0:1 - - [18/Dec/2017:09:39:13 +0800] "GET /images/tab_bar_icon/nav-tab-active.png HTTP/1.1" 200 8521
0:0:0:0:0:0:0:1 - - [18/Dec/2017:09:39:13 +0800] "GET /images/tab_bar_icon/nav-tab.png HTTP/1.1" 200 9743
0:0:0:0:0:0:0:1 - - [18/Dec/2017:09:39:13 +0800] "POST /getAdvertising?_p=f75fd4c26d73dba25f96a1b47f14209d0adfa8e19a3a4d55bfff6e70605954a34d693c83d0a22452c4a8ff207db76bcb51c53a7e37f3faafe5dc5f4e4dd98347d54dff2abb6ae6bc9e87769f9d50cae1e8ab6f0a6a820215984dedbae9cf191db9994159a71fb15c445344670c50c58b7042de4a7ef793e9cc5084168c223553bc5efe59f5dd2d98c4f70a89b19ec9cb HTTP/1.1" 200 -
0:0:0:0:0:0:0:1 - - [18/Dec/2017:09:39:14 +0800] "GET /weUserWeightList?_p=f75fd4c26d73dba25f96a1b47f14209d0adfa8e19a3a4d55bfff6e70605954a34d693c83d0a22452c4a8ff207db76bcb51c53a7e37f3faafe5dc5f4e4dd98347d54dff2abb6ae6bc9e87769f9d50cae1e8ab6f0a6a820215984dedbae9cf191db9994159a71fb15c445344670c50c58b7042de4a7ef793e9cc5084168c223553bc5efe59f5dd2d98c4f70a89b19ec9cb&type=1 HTTP/1.1" 200 380
0:0:0:0:0:0:0:1 - - [18/Dec/2017:09:39:15 +0800] "GET /css/iosSelect.css HTTP/1.1" 200 7851
0:0:0:0:0:0:0:1 - - [18/Dec/2017:09:39:15 +0800] "GET /js/index/style.css HTTP/1.1" 200 20727
0:0:0:0:0:0:0:1 - - [18/Dec/2017:09:39:15 +0800] "GET /css/iconfont.css HTTP/1.1" 200 9580
0:0:0:0:0:0:0:1 - - [18/Dec/2017:09:39:15 +0800] "GET /js/index/style.css.map HTTP/1.1" 200 12467
0:0:0:0:0:0:0:1 - - [18/Dec/2017:09:39:23 +0800] "GET /index.html?_p=f75fd4c26d73dba25f96a1b47f14209d0adfa8e19a3a4d55bfff6e70605954a34d693c83d0a22452c4a8ff207db76bcb51c53a7e37f3faafe5dc5f4e4dd98347d54dff2abb6ae6bc9e87769f9d50cae1e8ab6f0a6a820215984dedbae9cf191db9994159a71fb15c445344670c50c58b7042de4a7ef793e9cc5084168c223553bc5efe59f5dd2d98c4f70a89b19ec9cb HTTP/1.1" 200 7091
0:0:0:0:0:0:0:1 - - [18/Dec/2017:09:39:23 +0800] "GET /css/iosSelect.css HTTP/1.1" 200 7851
0:0:0:0:0:0:0:1 - - [18/Dec/2017:09:39:23 +0800] "GET /css/iconfont.css HTTP/1.1" 200 9580
0:0:0:0:0:0:0:1 - - [18/Dec/2017:09:39:23 +0800] "GET /js/index/style.css HTTP/1.1" 200 20727
0:0:0:0:0:0:0:1 - - [18/Dec/2017:09:39:23 +0800] "GET /plugins/flexible.js HTTP/1.1" 200 1883
0:0:0:0:0:0:0:1 - - [18/Dec/2017:09:39:23 +0800] "GET /js/require.js HTTP/1.1" 200 86670
0:0:0:0:0:0:0:1 - - [18/Dec/2017:09:39:23 +0800] "GET /js/config.js HTTP/1.1" 200 1773
0:0:0:0:0:0:0:1 - - [18/Dec/2017:09:39:23 +0800] "GET /images/5/title.png HTTP/1.1" 200 791
0:0:0:0:0:0:0:1 - - [18/Dec/2017:09:39:23 +0800] "GET /images/1/dowmap.jpg HTTP/1.1" 200 72096
0:0:0:0:0:0:0:1 - - [18/Dec/2017:09:39:23 +0800] "GET /images/1/adup.jpg HTTP/1.1" 200 64767
0:0:0:0:0:0:0:1 - - [18/Dec/2017:09:39:23 +0800] "GET /images/1/121-135.png HTTP/1.1" 200 46541
0:0:0:0:0:0:0:1 - - [18/Dec/2017:09:39:23 +0800] "GET /js/index/index.js HTTP/1.1" 200 23236
0:0:0:0:0:0:0:1 - - [18/Dec/2017:09:39:23 +0800] "GET /js/index/style.css.map HTTP/1.1" 200 12467
0:0:0:0:0:0:0:1 - - [18/Dec/2017:09:39:23 +0800] "GET /plugins/lib/vue.min.js HTTP/1.1" 200 76004
0:0:0:0:0:0:0:1 - - [18/Dec/2017:09:39:23 +0800] "GET /component/FooterBar/footerBar.js HTTP/1.1" 200 2013
0:0:0:0:0:0:0:1 - - [18/Dec/2017:09:39:23 +0800] "GET /plugins/funs/common.js HTTP/1.1" 200 3002
0:0:0:0:0:0:0:1 - - [18/Dec/2017:09:39:23 +0800] "GET /plugins/lib/jquery.min.js HTTP/1.1" 200 85577
0:0:0:0:0:0:0:1 - - [18/Dec/2017:09:39:23 +0800] "GET /plugins/funs/count.js HTTP/1.1" 200 399
0:0:0:0:0:0:0:1 - - [18/Dec/2017:09:39:23 +0800] "GET /plugins/lib/echarts.min.js HTTP/1.1" 200 664016
0:0:0:0:0:0:0:1 - - [18/Dec/2017:09:39:23 +0800] "GET /plugins/lib/html2canvas.js HTTP/1.1" 200 144491
0:0:0:0:0:0:0:1 - - [18/Dec/2017:09:39:23 +0800] "GET /images/5/title.png HTTP/1.1" 200 791
0:0:0:0:0:0:0:1 - - [18/Dec/2017:09:39:23 +0800] "POST /getAdvertising?_p=f75fd4c26d73dba25f96a1b47f14209d0adfa8e19a3a4d55bfff6e70605954a34d693c83d0a22452c4a8ff207db76bcb51c53a7e37f3faafe5dc5f4e4dd98347d54dff2abb6ae6bc9e87769f9d50cae1e8ab6f0a6a820215984dedbae9cf191db9994159a71fb15c445344670c50c58b7042de4a7ef793e9cc5084168c223553bc5efe59f5dd2d98c4f70a89b19ec9cb HTTP/1.1" 200 -
0:0:0:0:0:0:0:1 - - [18/Dec/2017:09:39:23 +0800] "GET /images/1/121-135.png HTTP/1.1" 200 46541
0:0:0:0:0:0:0:1 - - [18/Dec/2017:09:39:23 +0800] "GET /images/1/dowmap.jpg HTTP/1.1" 200 72096
0:0:0:0:0:0:0:1 - - [18/Dec/2017:09:39:23 +0800] "GET /images/1/adup.jpg HTTP/1.1" 200 64767
0:0:0:0:0:0:0:1 - - [18/Dec/2017:09:39:23 +0800] "GET /images/1/home-icon.png HTTP/1.1" 200 5940
0:0:0:0:0:0:0:1 - - [18/Dec/2017:09:39:23 +0800] "GET /images/tab_bar_icon/nav-tab-active.png HTTP/1.1" 200 8521
0:0:0:0:0:0:0:1 - - [18/Dec/2017:09:39:23 +0800] "GET /images/1/indexBg.png HTTP/1.1" 200 78391
0:0:0:0:0:0:0:1 - - [18/Dec/2017:09:39:23 +0800] "GET /images/1/right.png HTTP/1.1" 200 4346
0:0:0:0:0:0:0:1 - - [18/Dec/2017:09:39:23 +0800] "GET /images/tab_bar_icon/nav-tab.png HTTP/1.1" 200 9743
0:0:0:0:0:0:0:1 - - [18/Dec/2017:09:39:25 +0800] "GET /weUserWeightList?_p=f75fd4c26d73dba25f96a1b47f14209d0adfa8e19a3a4d55bfff6e70605954a34d693c83d0a22452c4a8ff207db76bcb51c53a7e37f3faafe5dc5f4e4dd98347d54dff2abb6ae6bc9e87769f9d50cae1e8ab6f0a6a820215984dedbae9cf191db9994159a71fb15c445344670c50c58b7042de4a7ef793e9cc5084168c223553bc5efe59f5dd2d98c4f70a89b19ec9cb&type=1 HTTP/1.1" 200 380
0:0:0:0:0:0:0:1 - - [18/Dec/2017:09:39:28 +0800] "GET /profile.html?_p=f75fd4c26d73dba25f96a1b47f14209d0adfa8e19a3a4d55bfff6e70605954a34d693c83d0a22452c4a8ff207db76bcb51c53a7e37f3faafe5dc5f4e4dd98347d54dff2abb6ae6bc9e87769f9d50cae1e8ab6f0a6a820215984dedbae9cf191db9994159a71fb15c445344670c50c58b7042de4a7ef793e9cc5084168c223553bc5efe59f5dd2d98c4f70a89b19ec9cb HTTP/1.1" 500 318
0:0:0:0:0:0:0:1 - - [18/Dec/2017:09:39:30 +0800] "GET /css/iosSelect.css HTTP/1.1" 200 7851
0:0:0:0:0:0:0:1 - - [18/Dec/2017:09:39:30 +0800] "GET /js/index/style.css HTTP/1.1" 200 20727
0:0:0:0:0:0:0:1 - - [18/Dec/2017:09:39:30 +0800] "GET /css/iconfont.css HTTP/1.1" 200 9580
0:0:0:0:0:0:0:1 - - [18/Dec/2017:09:39:30 +0800] "GET /plugins/flexible.js HTTP/1.1" 200 1883
0:0:0:0:0:0:0:1 - - [18/Dec/2017:09:39:30 +0800] "GET /js/require.js HTTP/1.1" 200 86670
0:0:0:0:0:0:0:1 - - [18/Dec/2017:09:39:30 +0800] "GET /js/config.js HTTP/1.1" 200 1773
0:0:0:0:0:0:0:1 - - [18/Dec/2017:09:39:30 +0800] "GET /js/index/index.js HTTP/1.1" 200 23236
0:0:0:0:0:0:0:1 - - [18/Dec/2017:09:39:30 +0800] "GET /images/1/adup.jpg HTTP/1.1" 200 64767
0:0:0:0:0:0:0:1 - - [18/Dec/2017:09:39:30 +0800] "GET /images/5/title.png HTTP/1.1" 200 791
0:0:0:0:0:0:0:1 - - [18/Dec/2017:09:39:30 +0800] "GET /images/1/121-135.png HTTP/1.1" 200 46541
0:0:0:0:0:0:0:1 - - [18/Dec/2017:09:39:30 +0800] "GET /images/1/dowmap.jpg HTTP/1.1" 200 72096
0:0:0:0:0:0:0:1 - - [18/Dec/2017:09:39:30 +0800] "GET /js/index/style.css.map HTTP/1.1" 200 12467
0:0:0:0:0:0:0:1 - - [18/Dec/2017:09:39:30 +0800] "GET /plugins/lib/jquery.min.js HTTP/1.1" 200 85577
0:0:0:0:0:0:0:1 - - [18/Dec/2017:09:39:30 +0800] "GET /component/FooterBar/footerBar.js HTTP/1.1" 200 2013
0:0:0:0:0:0:0:1 - - [18/Dec/2017:09:39:30 +0800] "GET /plugins/funs/common.js HTTP/1.1" 200 3002
0:0:0:0:0:0:0:1 - - [18/Dec/2017:09:39:30 +0800] "GET /plugins/lib/vue.min.js HTTP/1.1" 200 76004
0:0:0:0:0:0:0:1 - - [18/Dec/2017:09:39:30 +0800] "GET /plugins/funs/count.js HTTP/1.1" 200 399
0:0:0:0:0:0:0:1 - - [18/Dec/2017:09:39:30 +0800] "GET /plugins/lib/html2canvas.js HTTP/1.1" 200 144491
0:0:0:0:0:0:0:1 - - [18/Dec/2017:09:39:30 +0800] "GET /plugins/lib/echarts.min.js HTTP/1.1" 200 664016
0:0:0:0:0:0:0:1 - - [18/Dec/2017:09:39:30 +0800] "POST /getAdvertising?_p=f75fd4c26d73dba25f96a1b47f14209d0adfa8e19a3a4d55bfff6e70605954a34d693c83d0a22452c4a8ff207db76bcb51c53a7e37f3faafe5dc5f4e4dd98347d54dff2abb6ae6bc9e87769f9d50cae1e8ab6f0a6a820215984dedbae9cf191db9994159a71fb15c445344670c50c58b7042de4a7ef793e9cc5084168c223553bc5efe59f5dd2d98c4f70a89b19ec9cb HTTP/1.1" 200 -
0:0:0:0:0:0:0:1 - - [18/Dec/2017:09:39:30 +0800] "GET /images/5/title.png HTTP/1.1" 200 791
0:0:0:0:0:0:0:1 - - [18/Dec/2017:09:39:30 +0800] "GET /images/1/adup.jpg HTTP/1.1" 200 64767
0:0:0:0:0:0:0:1 - - [18/Dec/2017:09:39:30 +0800] "GET /images/1/121-135.png HTTP/1.1" 200 46541
0:0:0:0:0:0:0:1 - - [18/Dec/2017:09:39:30 +0800] "GET /images/1/dowmap.jpg HTTP/1.1" 200 72096
0:0:0:0:0:0:0:1 - - [18/Dec/2017:09:39:30 +0800] "GET /images/1/right.png HTTP/1.1" 200 4346
0:0:0:0:0:0:0:1 - - [18/Dec/2017:09:39:30 +0800] "GET /images/tab_bar_icon/nav-tab.png HTTP/1.1" 200 9743
0:0:0:0:0:0:0:1 - - [18/Dec/2017:09:39:30 +0800] "GET /images/tab_bar_icon/nav-tab-active.png HTTP/1.1" 200 8521
0:0:0:0:0:0:0:1 - - [18/Dec/2017:09:39:30 +0800] "GET /images/1/indexBg.png HTTP/1.1" 200 78391
0:0:0:0:0:0:0:1 - - [18/Dec/2017:09:39:30 +0800] "GET /images/1/home-icon.png HTTP/1.1" 200 5940
0:0:0:0:0:0:0:1 - - [18/Dec/2017:09:39:30 +0800] "GET /weUserWeightList?_p=f75fd4c26d73dba25f96a1b47f14209d0adfa8e19a3a4d55bfff6e70605954a34d693c83d0a22452c4a8ff207db76bcb51c53a7e37f3faafe5dc5f4e4dd98347d54dff2abb6ae6bc9e87769f9d50cae1e8ab6f0a6a820215984dedbae9cf191db9994159a71fb15c445344670c50c58b7042de4a7ef793e9cc5084168c223553bc5efe59f5dd2d98c4f70a89b19ec9cb&type=1 HTTP/1.1" 200 380
0:0:0:0:0:0:0:1 - - [18/Dec/2017:09:39:33 +0800] "GET /health.html?_p=f75fd4c26d73dba25f96a1b47f14209d0adfa8e19a3a4d55bfff6e70605954a34d693c83d0a22452c4a8ff207db76bcb51c53a7e37f3faafe5dc5f4e4dd98347d54dff2abb6ae6bc9e87769f9d50cae1e8ab6f0a6a820215984dedbae9cf191db9994159a71fb15c445344670c50c58b7042de4a7ef793e9cc5084168c223553bc5efe59f5dd2d98c4f70a89b19ec9cb HTTP/1.1" 200 8176
0:0:0:0:0:0:0:1 - - [18/Dec/2017:09:39:33 +0800] "GET /css/iosSelect.css HTTP/1.1" 200 7851
0:0:0:0:0:0:0:1 - - [18/Dec/2017:09:39:33 +0800] "GET /plugins/flexible.js HTTP/1.1" 200 1883
0:0:0:0:0:0:0:1 - - [18/Dec/2017:09:39:33 +0800] "GET /css/normalize.css HTTP/1.1" 200 8052
0:0:0:0:0:0:0:1 - - [18/Dec/2017:09:39:33 +0800] "GET /js/health/health.css HTTP/1.1" 200 16414
0:0:0:0:0:0:0:1 - - [18/Dec/2017:09:39:33 +0800] "GET /js/require.js HTTP/1.1" 200 86670
0:0:0:0:0:0:0:1 - - [18/Dec/2017:09:39:33 +0800] "GET /js/config.js HTTP/1.1" 200 1773
0:0:0:0:0:0:0:1 - - [18/Dec/2017:09:39:33 +0800] "GET /js/health/health.js HTTP/1.1" 200 15099
0:0:0:0:0:0:0:1 - - [18/Dec/2017:09:39:33 +0800] "GET /images/3/BMI.png HTTP/1.1" 200 3531
0:0:0:0:0:0:0:1 - - [18/Dec/2017:09:39:33 +0800] "GET /images/3/right.png HTTP/1.1" 200 1507
0:0:0:0:0:0:0:1 - - [18/Dec/2017:09:39:33 +0800] "GET /images/1/adthin.png HTTP/1.1" 200 183062
0:0:0:0:0:0:0:1 - - [18/Dec/2017:09:39:33 +0800] "GET /js/health/health.css.map HTTP/1.1" 200 9039
0:0:0:0:0:0:0:1 - - [18/Dec/2017:09:39:33 +0800] "GET /plugins/lib/jquery.min.js HTTP/1.1" 200 85577
0:0:0:0:0:0:0:1 - - [18/Dec/2017:09:39:33 +0800] "GET /plugins/funs/common.js HTTP/1.1" 200 3002
0:0:0:0:0:0:0:1 - - [18/Dec/2017:09:39:33 +0800] "GET /plugins/lib/vue.min.js HTTP/1.1" 200 76004
0:0:0:0:0:0:0:1 - - [18/Dec/2017:09:39:33 +0800] "GET /plugins/funs/count.js HTTP/1.1" 200 399
0:0:0:0:0:0:0:1 - - [18/Dec/2017:09:39:33 +0800] "GET /component/FooterBar/footerBar.js HTTP/1.1" 200 2013
0:0:0:0:0:0:0:1 - - [18/Dec/2017:09:39:33 +0800] "GET /plugins/lib/iscroll.js HTTP/1.1" 200 70038
0:0:0:0:0:0:0:1 - - [18/Dec/2017:09:39:33 +0800] "GET /plugins/lib/iosSelect.js HTTP/1.1" 200 44954
0:0:0:0:0:0:0:1 - - [18/Dec/2017:09:39:33 +0800] "GET /weUserWeightList?_p=f75fd4c26d73dba25f96a1b47f14209d0adfa8e19a3a4d55bfff6e70605954a34d693c83d0a22452c4a8ff207db76bcb51c53a7e37f3faafe5dc5f4e4dd98347d54dff2abb6ae6bc9e87769f9d50cae1e8ab6f0a6a820215984dedbae9cf191db9994159a71fb15c445344670c50c58b7042de4a7ef793e9cc5084168c223553bc5efe59f5dd2d98c4f70a89b19ec9cb&type=1 HTTP/1.1" 200 380
0:0:0:0:0:0:0:1 - - [18/Dec/2017:09:39:33 +0800] "GET /images/3/right.png HTTP/1.1" 200 1507
0:0:0:0:0:0:0:1 - - [18/Dec/2017:09:39:33 +0800] "GET /images/3/BMI.png HTTP/1.1" 200 3531
0:0:0:0:0:0:0:1 - - [18/Dec/2017:09:39:33 +0800] "GET /images/1/adthin.png HTTP/1.1" 200 183062
0:0:0:0:0:0:0:1 - - [18/Dec/2017:09:39:33 +0800] "GET /images/3/weight.png HTTP/1.1" 200 112604
0:0:0:0:0:0:0:1 - - [18/Dec/2017:09:39:33 +0800] "GET /images/1/indexBg.png HTTP/1.1" 200 78391
0:0:0:0:0:0:0:1 - - [18/Dec/2017:09:39:33 +0800] "GET /images/women.gif HTTP/1.1" 200 35183
0:0:0:0:0:0:0:1 - - [18/Dec/2017:09:39:33 +0800] "GET /images/1/circle_normal.png HTTP/1.1" 200 653
0:0:0:0:0:0:0:1 - - [18/Dec/2017:09:39:33 +0800] "GET /images/tab_bar_icon/nav-tab.png HTTP/1.1" 200 9743
0:0:0:0:0:0:0:1 - - [18/Dec/2017:09:39:33 +0800] "GET /images/tab_bar_icon/nav-tab-active.png HTTP/1.1" 200 8521
0:0:0:0:0:0:0:1 - - [18/Dec/2017:09:39:33 +0800] "GET /images/3/sportBg.png HTTP/1.1" 200 177445
0:0:0:0:0:0:0:1 - - [18/Dec/2017:09:39:33 +0800] "GET /images/3/foodBg.png HTTP/1.1" 200 182299
0:0:0:0:0:0:0:1 - - [18/Dec/2017:09:39:33 +0800] "POST /getAdvertising?_p=f75fd4c26d73dba25f96a1b47f14209d0adfa8e19a3a4d55bfff6e70605954a34d693c83d0a22452c4a8ff207db76bcb51c53a7e37f3faafe5dc5f4e4dd98347d54dff2abb6ae6bc9e87769f9d50cae1e8ab6f0a6a820215984dedbae9cf191db9994159a71fb15c445344670c50c58b7042de4a7ef793e9cc5084168c223553bc5efe59f5dd2d98c4f70a89b19ec9cb HTTP/1.1" 200 -
0:0:0:0:0:0:0:1 - - [18/Dec/2017:09:39:35 +0800] "GET /css/iconfont.css HTTP/1.1" 200 9580
0:0:0:0:0:0:0:1 - - [18/Dec/2017:09:39:35 +0800] "GET /css/iosSelect.css HTTP/1.1" 200 7851
0:0:0:0:0:0:0:1 - - [18/Dec/2017:09:39:35 +0800] "GET /js/index/style.css HTTP/1.1" 200 20727
0:0:0:0:0:0:0:1 - - [18/Dec/2017:09:39:35 +0800] "GET /plugins/flexible.js HTTP/1.1" 200 1883
0:0:0:0:0:0:0:1 - - [18/Dec/2017:09:39:35 +0800] "GET /js/require.js HTTP/1.1" 200 86670
0:0:0:0:0:0:0:1 - - [18/Dec/2017:09:39:35 +0800] "GET /js/config.js HTTP/1.1" 200 1773
0:0:0:0:0:0:0:1 - - [18/Dec/2017:09:39:35 +0800] "GET /js/index/index.js HTTP/1.1" 200 23236
0:0:0:0:0:0:0:1 - - [18/Dec/2017:09:39:35 +0800] "GET /images/5/title.png HTTP/1.1" 200 791
0:0:0:0:0:0:0:1 - - [18/Dec/2017:09:39:35 +0800] "GET /images/1/dowmap.jpg HTTP/1.1" 200 72096
0:0:0:0:0:0:0:1 - - [18/Dec/2017:09:39:35 +0800] "GET /images/1/121-135.png HTTP/1.1" 200 46541
0:0:0:0:0:0:0:1 - - [18/Dec/2017:09:39:35 +0800] "GET /images/1/adup.jpg HTTP/1.1" 200 64767
0:0:0:0:0:0:0:1 - - [18/Dec/2017:09:39:35 +0800] "GET /js/index/style.css.map HTTP/1.1" 200 12467
0:0:0:0:0:0:0:1 - - [18/Dec/2017:09:39:36 +0800] "GET /component/FooterBar/footerBar.js HTTP/1.1" 200 2013
0:0:0:0:0:0:0:1 - - [18/Dec/2017:09:39:36 +0800] "GET /plugins/funs/common.js HTTP/1.1" 200 3002
0:0:0:0:0:0:0:1 - - [18/Dec/2017:09:39:36 +0800] "GET /plugins/lib/jquery.min.js HTTP/1.1" 200 85577
0:0:0:0:0:0:0:1 - - [18/Dec/2017:09:39:36 +0800] "GET /plugins/lib/vue.min.js HTTP/1.1" 200 76004
0:0:0:0:0:0:0:1 - - [18/Dec/2017:09:39:36 +0800] "GET /plugins/funs/count.js HTTP/1.1" 200 399
0:0:0:0:0:0:0:1 - - [18/Dec/2017:09:39:36 +0800] "GET /plugins/lib/echarts.min.js HTTP/1.1" 200 664016
0:0:0:0:0:0:0:1 - - [18/Dec/2017:09:39:36 +0800] "GET /plugins/lib/html2canvas.js HTTP/1.1" 200 144491
0:0:0:0:0:0:0:1 - - [18/Dec/2017:09:39:36 +0800] "GET /images/1/adup.jpg HTTP/1.1" 200 64767
0:0:0:0:0:0:0:1 - - [18/Dec/2017:09:39:36 +0800] "GET /images/5/title.png HTTP/1.1" 200 791
0:0:0:0:0:0:0:1 - - [18/Dec/2017:09:39:36 +0800] "POST /getAdvertising?_p=f75fd4c26d73dba25f96a1b47f14209d0adfa8e19a3a4d55bfff6e70605954a34d693c83d0a22452c4a8ff207db76bcb51c53a7e37f3faafe5dc5f4e4dd98347d54dff2abb6ae6bc9e87769f9d50cae1e8ab6f0a6a820215984dedbae9cf191db9994159a71fb15c445344670c50c58b7042de4a7ef793e9cc5084168c223553bc5efe59f5dd2d98c4f70a89b19ec9cb HTTP/1.1" 200 -
0:0:0:0:0:0:0:1 - - [18/Dec/2017:09:39:36 +0800] "GET /images/1/121-135.png HTTP/1.1" 200 46541
0:0:0:0:0:0:0:1 - - [18/Dec/2017:09:39:36 +0800] "GET /images/1/dowmap.jpg HTTP/1.1" 200 72096
0:0:0:0:0:0:0:1 - - [18/Dec/2017:09:39:36 +0800] "GET /images/1/right.png HTTP/1.1" 200 4346
0:0:0:0:0:0:0:1 - - [18/Dec/2017:09:39:36 +0800] "GET /images/1/indexBg.png HTTP/1.1" 200 78391
0:0:0:0:0:0:0:1 - - [18/Dec/2017:09:39:36 +0800] "GET /images/1/home-icon.png HTTP/1.1" 200 5940
0:0:0:0:0:0:0:1 - - [18/Dec/2017:09:39:36 +0800] "GET /images/tab_bar_icon/nav-tab-active.png HTTP/1.1" 200 8521
0:0:0:0:0:0:0:1 - - [18/Dec/2017:09:39:36 +0800] "GET /images/tab_bar_icon/nav-tab.png HTTP/1.1" 200 9743
0:0:0:0:0:0:0:1 - - [18/Dec/2017:09:39:37 +0800] "GET /weUserWeightList?_p=f75fd4c26d73dba25f96a1b47f14209d0adfa8e19a3a4d55bfff6e70605954a34d693c83d0a22452c4a8ff207db76bcb51c53a7e37f3faafe5dc5f4e4dd98347d54dff2abb6ae6bc9e87769f9d50cae1e8ab6f0a6a820215984dedbae9cf191db9994159a71fb15c445344670c50c58b7042de4a7ef793e9cc5084168c223553bc5efe59f5dd2d98c4f70a89b19ec9cb&type=1 HTTP/1.1" 200 380
0:0:0:0:0:0:0:1 - - [18/Dec/2017:09:40:03 +0800] "GET /index.html?_p=f75fd4c26d73dba25f96a1b47f14209d0adfa8e19a3a4d55bfff6e70605954a34d693c83d0a22452c4a8ff207db76bcb51c53a7e37f3faafe5dc5f4e4dd98347d54dff2abb6ae6bc9e87769f9d50cae1e8ab6f0a6a820215984dedbae9cf191db9994159a71fb15c445344670c50c58b7042de4a7ef793e9cc5084168c223553bc5efe59f5dd2d98c4f70a89b19ec9cb HTTP/1.1" 200 7091
0:0:0:0:0:0:0:1 - - [18/Dec/2017:09:40:03 +0800] "GET /css/iconfont.css HTTP/1.1" 200 9580
0:0:0:0:0:0:0:1 - - [18/Dec/2017:09:40:03 +0800] "GET /css/iosSelect.css HTTP/1.1" 200 7851
0:0:0:0:0:0:0:1 - - [18/Dec/2017:09:40:03 +0800] "GET /plugins/flexible.js HTTP/1.1" 200 1883
0:0:0:0:0:0:0:1 - - [18/Dec/2017:09:40:03 +0800] "GET /js/index/style.css HTTP/1.1" 200 20727
0:0:0:0:0:0:0:1 - - [18/Dec/2017:09:40:03 +0800] "GET /js/require.js HTTP/1.1" 200 86670
0:0:0:0:0:0:0:1 - - [18/Dec/2017:09:40:03 +0800] "GET /js/config.js HTTP/1.1" 200 1773
0:0:0:0:0:0:0:1 - - [18/Dec/2017:09:40:03 +0800] "GET /js/index/index.js HTTP/1.1" 200 23236
0:0:0:0:0:0:0:1 - - [18/Dec/2017:09:40:03 +0800] "GET /images/1/dowmap.jpg HTTP/1.1" 200 72096
0:0:0:0:0:0:0:1 - - [18/Dec/2017:09:40:03 +0800] "GET /images/1/adup.jpg HTTP/1.1" 200 64767
0:0:0:0:0:0:0:1 - - [18/Dec/2017:09:40:03 +0800] "GET /images/5/title.png HTTP/1.1" 200 791
0:0:0:0:0:0:0:1 - - [18/Dec/2017:09:40:03 +0800] "GET /images/1/121-135.png HTTP/1.1" 200 46541
0:0:0:0:0:0:0:1 - - [18/Dec/2017:09:40:03 +0800] "GET /js/index/style.css.map HTTP/1.1" 200 12467
0:0:0:0:0:0:0:1 - - [18/Dec/2017:09:40:03 +0800] "GET /plugins/funs/common.js HTTP/1.1" 200 3002
0:0:0:0:0:0:0:1 - - [18/Dec/2017:09:40:03 +0800] "GET /component/FooterBar/footerBar.js HTTP/1.1" 200 2013
0:0:0:0:0:0:0:1 - - [18/Dec/2017:09:40:03 +0800] "GET /plugins/lib/jquery.min.js HTTP/1.1" 200 85577
0:0:0:0:0:0:0:1 - - [18/Dec/2017:09:40:03 +0800] "GET /plugins/lib/vue.min.js HTTP/1.1" 200 76004
0:0:0:0:0:0:0:1 - - [18/Dec/2017:09:40:03 +0800] "GET /plugins/funs/count.js HTTP/1.1" 200 399
0:0:0:0:0:0:0:1 - - [18/Dec/2017:09:40:03 +0800] "GET /plugins/lib/echarts.min.js HTTP/1.1" 200 664016
0:0:0:0:0:0:0:1 - - [18/Dec/2017:09:40:03 +0800] "GET /plugins/lib/html2canvas.js HTTP/1.1" 200 144491
0:0:0:0:0:0:0:1 - - [18/Dec/2017:09:40:03 +0800] "POST /getAdvertising?_p=f75fd4c26d73dba25f96a1b47f14209d0adfa8e19a3a4d55bfff6e70605954a34d693c83d0a22452c4a8ff207db76bcb51c53a7e37f3faafe5dc5f4e4dd98347d54dff2abb6ae6bc9e87769f9d50cae1e8ab6f0a6a820215984dedbae9cf191db9994159a71fb15c445344670c50c58b7042de4a7ef793e9cc5084168c223553bc5efe59f5dd2d98c4f70a89b19ec9cb HTTP/1.1" 200 -
0:0:0:0:0:0:0:1 - - [18/Dec/2017:09:40:03 +0800] "GET /images/5/title.png HTTP/1.1" 200 791
0:0:0:0:0:0:0:1 - - [18/Dec/2017:09:40:03 +0800] "GET /images/1/adup.jpg HTTP/1.1" 200 64767
0:0:0:0:0:0:0:1 - - [18/Dec/2017:09:40:03 +0800] "GET /images/1/121-135.png HTTP/1.1" 200 46541
0:0:0:0:0:0:0:1 - - [18/Dec/2017:09:40:03 +0800] "GET /images/1/dowmap.jpg HTTP/1.1" 200 72096
0:0:0:0:0:0:0:1 - - [18/Dec/2017:09:40:03 +0800] "GET /images/1/indexBg.png HTTP/1.1" 200 78391
0:0:0:0:0:0:0:1 - - [18/Dec/2017:09:40:03 +0800] "GET /images/1/home-icon.png HTTP/1.1" 200 5940
0:0:0:0:0:0:0:1 - - [18/Dec/2017:09:40:03 +0800] "GET /images/tab_bar_icon/nav-tab-active.png HTTP/1.1" 200 8521
0:0:0:0:0:0:0:1 - - [18/Dec/2017:09:40:03 +0800] "GET /images/1/right.png HTTP/1.1" 200 4346
0:0:0:0:0:0:0:1 - - [18/Dec/2017:09:40:03 +0800] "GET /images/tab_bar_icon/nav-tab.png HTTP/1.1" 200 9743
0:0:0:0:0:0:0:1 - - [18/Dec/2017:09:40:04 +0800] "GET /health.html?_p=f75fd4c26d73dba25f96a1b47f14209d0adfa8e19a3a4d55bfff6e70605954a34d693c83d0a22452c4a8ff207db76bcb51c53a7e37f3faafe5dc5f4e4dd98347d54dff2abb6ae6bc9e87769f9d50cae1e8ab6f0a6a820215984dedbae9cf191db9994159a71fb15c445344670c50c58b7042de4a7ef793e9cc5084168c223553bc5efe59f5dd2d98c4f70a89b19ec9cb HTTP/1.1" 200 9295
0:0:0:0:0:0:0:1 - - [18/Dec/2017:09:40:04 +0800] "GET /css/iosSelect.css HTTP/1.1" 200 7851
0:0:0:0:0:0:0:1 - - [18/Dec/2017:09:40:04 +0800] "GET /css/normalize.css HTTP/1.1" 200 8052
0:0:0:0:0:0:0:1 - - [18/Dec/2017:09:40:04 +0800] "GET /plugins/flexible.js HTTP/1.1" 200 1883
0:0:0:0:0:0:0:1 - - [18/Dec/2017:09:40:04 +0800] "GET /js/health/health.css HTTP/1.1" 200 16414
0:0:0:0:0:0:0:1 - - [18/Dec/2017:09:40:04 +0800] "GET /js/require.js HTTP/1.1" 200 86670
0:0:0:0:0:0:0:1 - - [18/Dec/2017:09:40:04 +0800] "GET /js/config.js HTTP/1.1" 200 1773
0:0:0:0:0:0:0:1 - - [18/Dec/2017:09:40:04 +0800] "GET /js/health/health.js HTTP/1.1" 200 15099
0:0:0:0:0:0:0:1 - - [18/Dec/2017:09:40:04 +0800] "GET /images/3/right.png HTTP/1.1" 200 1507
0:0:0:0:0:0:0:1 - - [18/Dec/2017:09:40:04 +0800] "GET /images/3/BMI.png HTTP/1.1" 200 3531
0:0:0:0:0:0:0:1 - - [18/Dec/2017:09:40:04 +0800] "GET /js/health/health.css.map HTTP/1.1" 200 9039
0:0:0:0:0:0:0:1 - - [18/Dec/2017:09:40:04 +0800] "GET /images/1/adthin.png HTTP/1.1" 200 183062
0:0:0:0:0:0:0:1 - - [18/Dec/2017:09:40:04 +0800] "GET /plugins/funs/common.js HTTP/1.1" 200 3002
0:0:0:0:0:0:0:1 - - [18/Dec/2017:09:40:04 +0800] "GET /component/FooterBar/footerBar.js HTTP/1.1" 200 2013
0:0:0:0:0:0:0:1 - - [18/Dec/2017:09:40:04 +0800] "GET /plugins/lib/vue.min.js HTTP/1.1" 200 76004
0:0:0:0:0:0:0:1 - - [18/Dec/2017:09:40:04 +0800] "GET /plugins/lib/jquery.min.js HTTP/1.1" 200 85577
0:0:0:0:0:0:0:1 - - [18/Dec/2017:09:40:04 +0800] "GET /plugins/lib/iscroll.js HTTP/1.1" 200 70038
0:0:0:0:0:0:0:1 - - [18/Dec/2017:09:40:04 +0800] "GET /plugins/funs/count.js HTTP/1.1" 200 399
0:0:0:0:0:0:0:1 - - [18/Dec/2017:09:40:04 +0800] "GET /plugins/lib/iosSelect.js HTTP/1.1" 200 44954
0:0:0:0:0:0:0:1 - - [18/Dec/2017:09:40:04 +0800] "GET /weUserWeightList?_p=f75fd4c26d73dba25f96a1b47f14209d0adfa8e19a3a4d55bfff6e70605954a34d693c83d0a22452c4a8ff207db76bcb51c53a7e37f3faafe5dc5f4e4dd98347d54dff2abb6ae6bc9e87769f9d50cae1e8ab6f0a6a820215984dedbae9cf191db9994159a71fb15c445344670c50c58b7042de4a7ef793e9cc5084168c223553bc5efe59f5dd2d98c4f70a89b19ec9cb&type=1 HTTP/1.1" 200 380
0:0:0:0:0:0:0:1 - - [18/Dec/2017:09:40:05 +0800] "GET /images/3/BMI.png HTTP/1.1" 200 3531
0:0:0:0:0:0:0:1 - - [18/Dec/2017:09:40:05 +0800] "GET /images/3/right.png HTTP/1.1" 200 1507
0:0:0:0:0:0:0:1 - - [18/Dec/2017:09:40:05 +0800] "POST /getAdvertising?_p=f75fd4c26d73dba25f96a1b47f14209d0adfa8e19a3a4d55bfff6e70605954a34d693c83d0a22452c4a8ff207db76bcb51c53a7e37f3faafe5dc5f4e4dd98347d54dff2abb6ae6bc9e87769f9d50cae1e8ab6f0a6a820215984dedbae9cf191db9994159a71fb15c445344670c50c58b7042de4a7ef793e9cc5084168c223553bc5efe59f5dd2d98c4f70a89b19ec9cb HTTP/1.1" 200 -
0:0:0:0:0:0:0:1 - - [18/Dec/2017:09:40:05 +0800] "GET /images/3/health-model.png HTTP/1.1" 200 23654
0:0:0:0:0:0:0:1 - - [18/Dec/2017:09:40:05 +0800] "GET /images/3/weight.png HTTP/1.1" 200 112604
0:0:0:0:0:0:0:1 - - [18/Dec/2017:09:40:05 +0800] "GET /images/1/circle_normal.png HTTP/1.1" 200 653
0:0:0:0:0:0:0:1 - - [18/Dec/2017:09:40:05 +0800] "GET /images/tab_bar_icon/nav-tab-active.png HTTP/1.1" 200 8521
0:0:0:0:0:0:0:1 - - [18/Dec/2017:09:40:05 +0800] "GET /images/tab_bar_icon/nav-tab.png HTTP/1.1" 200 9743
0:0:0:0:0:0:0:1 - - [18/Dec/2017:09:40:05 +0800] "GET /images/1/indexBg.png HTTP/1.1" 200 78391
0:0:0:0:0:0:0:1 - - [18/Dec/2017:09:40:05 +0800] "GET /images/women.gif HTTP/1.1" 200 35183
0:0:0:0:0:0:0:1 - - [18/Dec/2017:09:40:05 +0800] "GET /images/3/sportBg.png HTTP/1.1" 200 177445
0:0:0:0:0:0:0:1 - - [18/Dec/2017:09:40:05 +0800] "GET /images/1/adthin.png HTTP/1.1" 200 183062
0:0:0:0:0:0:0:1 - - [18/Dec/2017:09:40:05 +0800] "GET /images/3/foodBg.png HTTP/1.1" 200 182299
0:0:0:0:0:0:0:1 - - [18/Dec/2017:09:40:08 +0800] "GET /images/womenStop.png HTTP/1.1" 200 21577
0:0:0:0:0:0:0:1 - - [18/Dec/2017:09:40:46 +0800] "POST /updateUserInfo HTTP/1.1" 500 424
0:0:0:0:0:0:0:1 - - [18/Dec/2017:09:43:45 +0800] "GET /css/iconfont.css HTTP/1.1" 200 9580
0:0:0:0:0:0:0:1 - - [18/Dec/2017:09:43:45 +0800] "GET /css/iosSelect.css HTTP/1.1" 200 7851
0:0:0:0:0:0:0:1 - - [18/Dec/2017:09:43:45 +0800] "GET /js/index/style.css HTTP/1.1" 200 20727
0:0:0:0:0:0:0:1 - - [18/Dec/2017:09:43:45 +0800] "GET /plugins/flexible.js HTTP/1.1" 200 1883
0:0:0:0:0:0:0:1 - - [18/Dec/2017:09:43:45 +0800] "GET /js/require.js HTTP/1.1" 200 86670
0:0:0:0:0:0:0:1 - - [18/Dec/2017:09:43:45 +0800] "GET /js/config.js HTTP/1.1" 200 1773
0:0:0:0:0:0:0:1 - - [18/Dec/2017:09:43:45 +0800] "GET /images/5/title.png HTTP/1.1" 200 791
0:0:0:0:0:0:0:1 - - [18/Dec/2017:09:43:45 +0800] "GET /js/index/index.js HTTP/1.1" 200 23236
0:0:0:0:0:0:0:1 - - [18/Dec/2017:09:43:45 +0800] "GET /images/1/121-135.png HTTP/1.1" 200 46541
0:0:0:0:0:0:0:1 - - [18/Dec/2017:09:43:45 +0800] "GET /images/1/adup.jpg HTTP/1.1" 200 64767
0:0:0:0:0:0:0:1 - - [18/Dec/2017:09:43:45 +0800] "GET /images/1/dowmap.jpg HTTP/1.1" 200 72096
0:0:0:0:0:0:0:1 - - [18/Dec/2017:09:43:45 +0800] "GET /js/index/style.css.map HTTP/1.1" 200 12467
0:0:0:0:0:0:0:1 - - [18/Dec/2017:09:43:45 +0800] "GET /plugins/lib/vue.min.js HTTP/1.1" 200 76004
0:0:0:0:0:0:0:1 - - [18/Dec/2017:09:43:45 +0800] "GET /component/FooterBar/footerBar.js HTTP/1.1" 200 2013
0:0:0:0:0:0:0:1 - - [18/Dec/2017:09:43:45 +0800] "GET /plugins/lib/jquery.min.js HTTP/1.1" 200 85577
0:0:0:0:0:0:0:1 - - [18/Dec/2017:09:43:45 +0800] "GET /plugins/funs/common.js HTTP/1.1" 200 3002
0:0:0:0:0:0:0:1 - - [18/Dec/2017:09:43:45 +0800] "GET /plugins/funs/count.js HTTP/1.1" 200 399
0:0:0:0:0:0:0:1 - - [18/Dec/2017:09:43:45 +0800] "GET /plugins/lib/echarts.min.js HTTP/1.1" 200 664016
0:0:0:0:0:0:0:1 - - [18/Dec/2017:09:43:45 +0800] "GET /plugins/lib/html2canvas.js HTTP/1.1" 200 144491
0:0:0:0:0:0:0:1 - - [18/Dec/2017:09:43:45 +0800] "POST /getAdvertising?_p=f75fd4c26d73dba25f96a1b47f14209d0adfa8e19a3a4d55bfff6e70605954a34d693c83d0a22452c4a8ff207db76bcb51c53a7e37f3faafe5dc5f4e4dd98347d54dff2abb6ae6bc9e87769f9d50cae1e8ab6f0a6a820215984dedbae9cf191db9994159a71fb15c445344670c50c58b7042de4a7ef793e9cc5084168c223553bc5efe59f5dd2d98c4f70a89b19ec9cb HTTP/1.1" 200 -
0:0:0:0:0:0:0:1 - - [18/Dec/2017:09:43:45 +0800] "GET /images/5/title.png HTTP/1.1" 200 791
0:0:0:0:0:0:0:1 - - [18/Dec/2017:09:43:45 +0800] "GET /images/1/adup.jpg HTTP/1.1" 200 64767
0:0:0:0:0:0:0:1 - - [18/Dec/2017:09:43:45 +0800] "GET /images/1/121-135.png HTTP/1.1" 200 46541
0:0:0:0:0:0:0:1 - - [18/Dec/2017:09:43:45 +0800] "GET /images/1/dowmap.jpg HTTP/1.1" 200 72096
0:0:0:0:0:0:0:1 - - [18/Dec/2017:09:43:45 +0800] "GET /images/1/home-icon.png HTTP/1.1" 200 5940
0:0:0:0:0:0:0:1 - - [18/Dec/2017:09:43:45 +0800] "GET /images/1/right.png HTTP/1.1" 200 4346
0:0:0:0:0:0:0:1 - - [18/Dec/2017:09:43:45 +0800] "GET /images/tab_bar_icon/nav-tab.png HTTP/1.1" 200 9743
0:0:0:0:0:0:0:1 - - [18/Dec/2017:09:43:45 +0800] "GET /images/tab_bar_icon/nav-tab-active.png HTTP/1.1" 200 8521
0:0:0:0:0:0:0:1 - - [18/Dec/2017:09:43:45 +0800] "GET /images/1/indexBg.png HTTP/1.1" 200 78391
0:0:0:0:0:0:0:1 - - [18/Dec/2017:09:43:46 +0800] "GET /weUserWeightList?_p=f75fd4c26d73dba25f96a1b47f14209d0adfa8e19a3a4d55bfff6e70605954a34d693c83d0a22452c4a8ff207db76bcb51c53a7e37f3faafe5dc5f4e4dd98347d54dff2abb6ae6bc9e87769f9d50cae1e8ab6f0a6a820215984dedbae9cf191db9994159a71fb15c445344670c50c58b7042de4a7ef793e9cc5084168c223553bc5efe59f5dd2d98c4f70a89b19ec9cb&type=1 HTTP/1.1" 200 380
0:0:0:0:0:0:0:1 - - [18/Dec/2017:09:43:49 +0800] "GET /mall.html?_p=f75fd4c26d73dba25f96a1b47f14209d0adfa8e19a3a4d55bfff6e70605954a34d693c83d0a22452c4a8ff207db76bcb51c53a7e37f3faafe5dc5f4e4dd98347d54dff2abb6ae6bc9e87769f9d50cae1e8ab6f0a6a820215984dedbae9cf191db9994159a71fb15c445344670c50c58b7042de4a7ef793e9cc5084168c223553bc5efe59f5dd2d98c4f70a89b19ec9cb HTTP/1.1" 200 1780
0:0:0:0:0:0:0:1 - - [18/Dec/2017:09:43:49 +0800] "GET /css/normalize.css HTTP/1.1" 200 8052
0:0:0:0:0:0:0:1 - - [18/Dec/2017:09:43:49 +0800] "GET /plugins/flexible.js HTTP/1.1" 200 1883
0:0:0:0:0:0:0:1 - - [18/Dec/2017:09:43:49 +0800] "GET /js/require.js HTTP/1.1" 200 86670
0:0:0:0:0:0:0:1 - - [18/Dec/2017:09:43:49 +0800] "GET /js/mall/style.css HTTP/1.1" 200 4519
0:0:0:0:0:0:0:1 - - [18/Dec/2017:09:43:49 +0800] "GET /js/config.js HTTP/1.1" 200 1773
0:0:0:0:0:0:0:1 - - [18/Dec/2017:09:43:49 +0800] "GET /js/mall/index.js HTTP/1.1" 200 767
0:0:0:0:0:0:0:1 - - [18/Dec/2017:09:43:49 +0800] "GET /images/1/indexBg.png HTTP/1.1" 200 78391
0:0:0:0:0:0:0:1 - - [18/Dec/2017:09:43:49 +0800] "GET /images/building.png HTTP/1.1" 200 50636
0:0:0:0:0:0:0:1 - - [18/Dec/2017:09:43:49 +0800] "GET /js/mall/style.css.map HTTP/1.1" 200 3404
0:0:0:0:0:0:0:1 - - [18/Dec/2017:09:43:49 +0800] "GET /plugins/funs/common.js HTTP/1.1" 200 3002
0:0:0:0:0:0:0:1 - - [18/Dec/2017:09:43:49 +0800] "GET /component/FooterBar/footerBar.js HTTP/1.1" 200 2013
0:0:0:0:0:0:0:1 - - [18/Dec/2017:09:43:49 +0800] "GET /plugins/lib/jquery.min.js HTTP/1.1" 200 85577
0:0:0:0:0:0:0:1 - - [18/Dec/2017:09:43:49 +0800] "GET /plugins/lib/vue.min.js HTTP/1.1" 200 76004
0:0:0:0:0:0:0:1 - - [18/Dec/2017:09:43:49 +0800] "GET /plugins/funs/count.js HTTP/1.1" 200 399
0:0:0:0:0:0:0:1 - - [18/Dec/2017:09:43:49 +0800] "GET /images/building.png HTTP/1.1" 200 50636
0:0:0:0:0:0:0:1 - - [18/Dec/2017:09:43:49 +0800] "GET /images/tab_bar_icon/nav-tab-active.png HTTP/1.1" 200 8521
0:0:0:0:0:0:0:1 - - [18/Dec/2017:09:43:49 +0800] "GET /images/tab_bar_icon/nav-tab.png HTTP/1.1" 200 9743
0:0:0:0:0:0:0:1 - - [18/Dec/2017:09:43:50 +0800] "GET /index.html?_p=f75fd4c26d73dba25f96a1b47f14209d0adfa8e19a3a4d55bfff6e70605954a34d693c83d0a22452c4a8ff207db76bcb51c53a7e37f3faafe5dc5f4e4dd98347d54dff2abb6ae6bc9e87769f9d50cae1e8ab6f0a6a820215984dedbae9cf191db9994159a71fb15c445344670c50c58b7042de4a7ef793e9cc5084168c223553bc5efe59f5dd2d98c4f70a89b19ec9cb HTTP/1.1" 200 7091
0:0:0:0:0:0:0:1 - - [18/Dec/2017:09:43:50 +0800] "GET /css/iconfont.css HTTP/1.1" 200 9580
0:0:0:0:0:0:0:1 - - [18/Dec/2017:09:43:50 +0800] "GET /css/iosSelect.css HTTP/1.1" 200 7851
0:0:0:0:0:0:0:1 - - [18/Dec/2017:09:43:50 +0800] "GET /plugins/flexible.js HTTP/1.1" 200 1883
0:0:0:0:0:0:0:1 - - [18/Dec/2017:09:43:50 +0800] "GET /js/index/style.css HTTP/1.1" 200 20727
0:0:0:0:0:0:0:1 - - [18/Dec/2017:09:43:50 +0800] "GET /js/require.js HTTP/1.1" 200 86670
0:0:0:0:0:0:0:1 - - [18/Dec/2017:09:43:50 +0800] "GET /js/config.js HTTP/1.1" 200 1773
0:0:0:0:0:0:0:1 - - [18/Dec/2017:09:43:50 +0800] "GET /images/5/title.png HTTP/1.1" 200 791
0:0:0:0:0:0:0:1 - - [18/Dec/2017:09:43:50 +0800] "GET /images/1/121-135.png HTTP/1.1" 200 46541
0:0:0:0:0:0:0:1 - - [18/Dec/2017:09:43:50 +0800] "GET /js/index/index.js HTTP/1.1" 200 23236
0:0:0:0:0:0:0:1 - - [18/Dec/2017:09:43:50 +0800] "GET /images/1/adup.jpg HTTP/1.1" 200 64767
0:0:0:0:0:0:0:1 - - [18/Dec/2017:09:43:50 +0800] "GET /images/1/dowmap.jpg HTTP/1.1" 200 72096
0:0:0:0:0:0:0:1 - - [18/Dec/2017:09:43:50 +0800] "GET /js/index/style.css.map HTTP/1.1" 200 12467
0:0:0:0:0:0:0:1 - - [18/Dec/2017:09:43:50 +0800] "GET /plugins/funs/common.js HTTP/1.1" 200 3002
0:0:0:0:0:0:0:1 - - [18/Dec/2017:09:43:50 +0800] "GET /component/FooterBar/footerBar.js HTTP/1.1" 200 2013
0:0:0:0:0:0:0:1 - - [18/Dec/2017:09:43:50 +0800] "GET /plugins/lib/vue.min.js HTTP/1.1" 200 76004
0:0:0:0:0:0:0:1 - - [18/Dec/2017:09:43:50 +0800] "GET /plugins/lib/jquery.min.js HTTP/1.1" 200 85577
0:0:0:0:0:0:0:1 - - [18/Dec/2017:09:43:50 +0800] "GET /plugins/funs/count.js HTTP/1.1" 200 399
0:0:0:0:0:0:0:1 - - [18/Dec/2017:09:43:50 +0800] "GET /plugins/lib/echarts.min.js HTTP/1.1" 200 664016
0:0:0:0:0:0:0:1 - - [18/Dec/2017:09:43:50 +0800] "GET /plugins/lib/html2canvas.js HTTP/1.1" 200 144491
0:0:0:0:0:0:0:1 - - [18/Dec/2017:09:43:51 +0800] "POST /getAdvertising?_p=f75fd4c26d73dba25f96a1b47f14209d0adfa8e19a3a4d55bfff6e70605954a34d693c83d0a22452c4a8ff207db76bcb51c53a7e37f3faafe5dc5f4e4dd98347d54dff2abb6ae6bc9e87769f9d50cae1e8ab6f0a6a820215984dedbae9cf191db9994159a71fb15c445344670c50c58b7042de4a7ef793e9cc5084168c223553bc5efe59f5dd2d98c4f70a89b19ec9cb HTTP/1.1" 200 -
0:0:0:0:0:0:0:1 - - [18/Dec/2017:09:43:51 +0800] "GET /images/5/title.png HTTP/1.1" 200 791
0:0:0:0:0:0:0:1 - - [18/Dec/2017:09:43:51 +0800] "GET /images/1/adup.jpg HTTP/1.1" 200 64767
0:0:0:0:0:0:0:1 - - [18/Dec/2017:09:43:51 +0800] "GET /images/1/dowmap.jpg HTTP/1.1" 200 72096
0:0:0:0:0:0:0:1 - - [18/Dec/2017:09:43:51 +0800] "GET /images/1/121-135.png HTTP/1.1" 200 46541
0:0:0:0:0:0:0:1 - - [18/Dec/2017:09:43:51 +0800] "GET /images/1/right.png HTTP/1.1" 200 4346
0:0:0:0:0:0:0:1 - - [18/Dec/2017:09:43:51 +0800] "GET /images/tab_bar_icon/nav-tab.png HTTP/1.1" 200 9743
0:0:0:0:0:0:0:1 - - [18/Dec/2017:09:43:51 +0800] "GET /images/1/home-icon.png HTTP/1.1" 200 5940
0:0:0:0:0:0:0:1 - - [18/Dec/2017:09:43:51 +0800] "GET /images/tab_bar_icon/nav-tab-active.png HTTP/1.1" 200 8521
0:0:0:0:0:0:0:1 - - [18/Dec/2017:09:43:51 +0800] "GET /images/1/indexBg.png HTTP/1.1" 200 78391
0:0:0:0:0:0:0:1 - - [18/Dec/2017:09:43:51 +0800] "GET /weUserWeightList?_p=f75fd4c26d73dba25f96a1b47f14209d0adfa8e19a3a4d55bfff6e70605954a34d693c83d0a22452c4a8ff207db76bcb51c53a7e37f3faafe5dc5f4e4dd98347d54dff2abb6ae6bc9e87769f9d50cae1e8ab6f0a6a820215984dedbae9cf191db9994159a71fb15c445344670c50c58b7042de4a7ef793e9cc5084168c223553bc5efe59f5dd2d98c4f70a89b19ec9cb&type=1 HTTP/1.1" 200 380
0:0:0:0:0:0:0:1 - - [18/Dec/2017:09:43:54 +0800] "GET /about.html?_p=f75fd4c26d73dba25f96a1b47f14209d0adfa8e19a3a4d55bfff6e70605954a34d693c83d0a22452c4a8ff207db76bcb51c53a7e37f3faafe5dc5f4e4dd98347d54dff2abb6ae6bc9e87769f9d50cae1e8ab6f0a6a820215984dedbae9cf191db9994159a71fb15c445344670c50c58b7042de4a7ef793e9cc5084168c223553bc5efe59f5dd2d98c4f70a89b19ec9cb HTTP/1.1" 200 3603
0:0:0:0:0:0:0:1 - - [18/Dec/2017:09:43:54 +0800] "GET /css/normalize.css HTTP/1.1" 200 8052
0:0:0:0:0:0:0:1 - - [18/Dec/2017:09:43:54 +0800] "GET /plugins/flexible.js HTTP/1.1" 200 1883
0:0:0:0:0:0:0:1 - - [18/Dec/2017:09:43:54 +0800] "GET /js/comment/about.css HTTP/1.1" 200 3473
0:0:0:0:0:0:0:1 - - [18/Dec/2017:09:43:54 +0800] "GET /js/require.js HTTP/1.1" 200 86670
0:0:0:0:0:0:0:1 - - [18/Dec/2017:09:43:54 +0800] "GET /js/config.js HTTP/1.1" 200 1773
0:0:0:0:0:0:0:1 - - [18/Dec/2017:09:43:54 +0800] "GET /js/comment/about.js HTTP/1.1" 200 121
0:0:0:0:0:0:0:1 - - [18/Dec/2017:09:43:54 +0800] "GET /images/9/about_05.jpg HTTP/1.1" 200 96491
0:0:0:0:0:0:0:1 - - [18/Dec/2017:09:43:54 +0800] "GET /js/comment/about.css.map HTTP/1.1" 200 2750
0:0:0:0:0:0:0:1 - - [18/Dec/2017:09:43:54 +0800] "GET /images/9/about_03.jpg HTTP/1.1" 200 58107
0:0:0:0:0:0:0:1 - - [18/Dec/2017:09:43:54 +0800] "GET /images/9/about_08.jpg HTTP/1.1" 200 78461
0:0:0:0:0:0:0:1 - - [18/Dec/2017:09:43:54 +0800] "GET /plugins/funs/common.js HTTP/1.1" 200 3002
0:0:0:0:0:0:0:1 - - [18/Dec/2017:09:43:54 +0800] "GET /plugins/lib/jquery.min.js HTTP/1.1" 200 85577
0:0:0:0:0:0:0:1 - - [18/Dec/2017:09:43:54 +0800] "GET /plugins/funs/count.js HTTP/1.1" 200 399
0:0:0:0:0:0:0:1 - - [18/Dec/2017:09:43:54 +0800] "GET /images/9/about_10.jpg HTTP/1.1" 200 48377
0:0:0:0:0:0:0:1 - - [18/Dec/2017:09:43:54 +0800] "GET /images/9/about_06.jpg HTTP/1.1" 200 87586
0:0:0:0:0:0:0:1 - - [18/Dec/2017:09:43:54 +0800] "GET /images/9/about_07.jpg HTTP/1.1" 200 49089
0:0:0:0:0:0:0:1 - - [18/Dec/2017:09:43:59 +0800] "GET /css/iconfont.css HTTP/1.1" 200 9580
0:0:0:0:0:0:0:1 - - [18/Dec/2017:09:43:59 +0800] "GET /css/iosSelect.css HTTP/1.1" 200 7851
0:0:0:0:0:0:0:1 - - [18/Dec/2017:09:43:59 +0800] "GET /js/index/style.css HTTP/1.1" 200 20727
0:0:0:0:0:0:0:1 - - [18/Dec/2017:09:43:59 +0800] "GET /plugins/flexible.js HTTP/1.1" 200 1883
0:0:0:0:0:0:0:1 - - [18/Dec/2017:09:43:59 +0800] "GET /js/require.js HTTP/1.1" 200 86670
0:0:0:0:0:0:0:1 - - [18/Dec/2017:09:43:59 +0800] "GET /js/config.js HTTP/1.1" 200 1773
0:0:0:0:0:0:0:1 - - [18/Dec/2017:09:43:59 +0800] "GET /js/index/index.js HTTP/1.1" 200 23236
0:0:0:0:0:0:0:1 - - [18/Dec/2017:09:43:59 +0800] "GET /images/1/adup.jpg HTTP/1.1" 200 64767
0:0:0:0:0:0:0:1 - - [18/Dec/2017:09:43:59 +0800] "GET /images/5/title.png HTTP/1.1" 200 791
0:0:0:0:0:0:0:1 - - [18/Dec/2017:09:43:59 +0800] "GET /images/1/121-135.png HTTP/1.1" 200 46541
0:0:0:0:0:0:0:1 - - [18/Dec/2017:09:43:59 +0800] "GET /images/1/dowmap.jpg HTTP/1.1" 200 72096
0:0:0:0:0:0:0:1 - - [18/Dec/2017:09:43:59 +0800] "GET /js/index/style.css.map HTTP/1.1" 200 12467
0:0:0:0:0:0:0:1 - - [18/Dec/2017:09:43:59 +0800] "GET /plugins/funs/common.js HTTP/1.1" 200 3002
0:0:0:0:0:0:0:1 - - [18/Dec/2017:09:43:59 +0800] "GET /component/FooterBar/footerBar.js HTTP/1.1" 200 2013
0:0:0:0:0:0:0:1 - - [18/Dec/2017:09:43:59 +0800] "GET /plugins/lib/jquery.min.js HTTP/1.1" 200 85577
0:0:0:0:0:0:0:1 - - [18/Dec/2017:09:43:59 +0800] "GET /plugins/lib/vue.min.js HTTP/1.1" 200 76004
0:0:0:0:0:0:0:1 - - [18/Dec/2017:09:43:59 +0800] "GET /plugins/funs/count.js HTTP/1.1" 200 399
0:0:0:0:0:0:0:1 - - [18/Dec/2017:09:43:59 +0800] "GET /plugins/lib/echarts.min.js HTTP/1.1" 200 664016
0:0:0:0:0:0:0:1 - - [18/Dec/2017:09:43:59 +0800] "GET /plugins/lib/html2canvas.js HTTP/1.1" 200 144491
0:0:0:0:0:0:0:1 - - [18/Dec/2017:09:43:59 +0800] "POST /getAdvertising?_p=f75fd4c26d73dba25f96a1b47f14209d0adfa8e19a3a4d55bfff6e70605954a34d693c83d0a22452c4a8ff207db76bcb51c53a7e37f3faafe5dc5f4e4dd98347d54dff2abb6ae6bc9e87769f9d50cae1e8ab6f0a6a820215984dedbae9cf191db9994159a71fb15c445344670c50c58b7042de4a7ef793e9cc5084168c223553bc5efe59f5dd2d98c4f70a89b19ec9cb HTTP/1.1" 200 -
0:0:0:0:0:0:0:1 - - [18/Dec/2017:09:43:59 +0800] "GET /images/5/title.png HTTP/1.1" 200 791
0:0:0:0:0:0:0:1 - - [18/Dec/2017:09:43:59 +0800] "GET /images/1/dowmap.jpg HTTP/1.1" 200 72096
0:0:0:0:0:0:0:1 - - [18/Dec/2017:09:43:59 +0800] "GET /images/1/adup.jpg HTTP/1.1" 200 64767
0:0:0:0:0:0:0:1 - - [18/Dec/2017:09:43:59 +0800] "GET /images/1/121-135.png HTTP/1.1" 200 46541
0:0:0:0:0:0:0:1 - - [18/Dec/2017:09:43:59 +0800] "GET /images/tab_bar_icon/nav-tab.png HTTP/1.1" 200 9743
0:0:0:0:0:0:0:1 - - [18/Dec/2017:09:43:59 +0800] "GET /images/1/right.png HTTP/1.1" 200 4346
0:0:0:0:0:0:0:1 - - [18/Dec/2017:09:43:59 +0800] "GET /images/1/home-icon.png HTTP/1.1" 200 5940
0:0:0:0:0:0:0:1 - - [18/Dec/2017:09:43:59 +0800] "GET /images/tab_bar_icon/nav-tab-active.png HTTP/1.1" 200 8521
0:0:0:0:0:0:0:1 - - [18/Dec/2017:09:43:59 +0800] "GET /images/1/indexBg.png HTTP/1.1" 200 78391
0:0:0:0:0:0:0:1 - - [18/Dec/2017:09:44:00 +0800] "GET /weUserWeightList?_p=f75fd4c26d73dba25f96a1b47f14209d0adfa8e19a3a4d55bfff6e70605954a34d693c83d0a22452c4a8ff207db76bcb51c53a7e37f3faafe5dc5f4e4dd98347d54dff2abb6ae6bc9e87769f9d50cae1e8ab6f0a6a820215984dedbae9cf191db9994159a71fb15c445344670c50c58b7042de4a7ef793e9cc5084168c223553bc5efe59f5dd2d98c4f70a89b19ec9cb&type=1 HTTP/1.1" 200 380
0:0:0:0:0:0:0:1 - - [18/Dec/2017:09:44:01 +0800] "GET /profile.html?_p=f75fd4c26d73dba25f96a1b47f14209d0adfa8e19a3a4d55bfff6e70605954a34d693c83d0a22452c4a8ff207db76bcb51c53a7e37f3faafe5dc5f4e4dd98347d54dff2abb6ae6bc9e87769f9d50cae1e8ab6f0a6a820215984dedbae9cf191db9994159a71fb15c445344670c50c58b7042de4a7ef793e9cc5084168c223553bc5efe59f5dd2d98c4f70a89b19ec9cb HTTP/1.1" 500 318
192.168.2.168 - - [18/Dec/2017:09:47:13 +0800] "GET /profile.html?_p=f75fd4c26d73dba25f96a1b47f14209d0adfa8e19a3a4d55bfff6e70605954a34d693c83d0a22452c4a8ff207db76bcb51c53a7e37f3faafe5dc5f4e4dd98347d54dff2abb6ae6bc9e87769f9d50cae1e8ab6f0a6a820215984dedbae9cf191db9994159a71fb15c445344670c50c58b7042de4a7ef793e9cc5084168c223553bc5efe59f5dd2d98c4f70a89b19ec9cb HTTP/1.1" 500 318
192.168.2.168 - - [18/Dec/2017:09:47:16 +0800] "GET /favicon.ico HTTP/1.1" 404 126
192.168.2.168 - - [18/Dec/2017:09:47:22 +0800] "GET /index.html?_p=f75fd4c26d73dba25f96a1b47f14209d0adfa8e19a3a4d55bfff6e70605954a34d693c83d0a22452c4a8ff207db76bcb51c53a7e37f3faafe5dc5f4e4dd98347d54dff2abb6ae6bc9e87769f9d50cae1e8ab6f0a6a820215984dedbae9cf191db9994159a71fb15c445344670c50c58b7042de4a7ef793e9cc5084168c223553bc5efe59f5dd2d98c4f70a89b19ec9cb HTTP/1.1" 200 7091
192.168.2.168 - - [18/Dec/2017:09:47:24 +0800] "GET /images/5/title.png HTTP/1.1" 200 791
192.168.2.168 - - [18/Dec/2017:09:47:24 +0800] "GET /images/1/adup.jpg HTTP/1.1" 200 64767
192.168.2.168 - - [18/Dec/2017:09:47:24 +0800] "GET /images/1/dowmap.jpg HTTP/1.1" 200 72096
192.168.2.168 - - [18/Dec/2017:09:47:24 +0800] "GET /images/1/121-135.png HTTP/1.1" 200 46541
192.168.2.168 - - [18/Dec/2017:09:47:31 +0800] "GET /index.html?_p=f75fd4c26d73dba25f96a1b47f14209d0adfa8e19a3a4d55bfff6e70605954a34d693c83d0a22452c4a8ff207db76bcb51c53a7e37f3faafe5dc5f4e4dd98347d54dff2abb6ae6bc9e87769f9d50cae1e8ab6f0a6a820215984dedbae9cf191db9994159a71fb15c445344670c50c58b7042de4a7ef793e9cc5084168c223553bc5efe59f5dd2d98c4f70a89b19ec9cb HTTP/1.1" 200 7091
192.168.2.168 - - [18/Dec/2017:09:47:33 +0800] "GET /images/5/title.png HTTP/1.1" 200 791
192.168.2.168 - - [18/Dec/2017:09:47:33 +0800] "GET /images/1/adup.jpg HTTP/1.1" 200 64767
192.168.2.168 - - [18/Dec/2017:09:47:33 +0800] "GET /images/1/121-135.png HTTP/1.1" 200 46541
192.168.2.168 - - [18/Dec/2017:09:47:33 +0800] "GET /images/1/dowmap.jpg HTTP/1.1" 200 72096
192.168.2.168 - - [18/Dec/2017:09:47:58 +0800] "GET /index.html?_p=f75fd4c26d73dba25f96a1b47f14209d0adfa8e19a3a4d55bfff6e70605954a34d693c83d0a22452c4a8ff207db76bcb51c53a7e37f3faafe5dc5f4e4dd98347d54dff2abb6ae6bc9e87769f9d50cae1e8ab6f0a6a820215984dedbae9cf191db9994159a71fb15c445344670c50c58b7042de4a7ef793e9cc5084168c223553bc5efe59f5dd2d98c4f70a89b19ec9cb HTTP/1.1" 200 7091
192.168.2.168 - - [18/Dec/2017:09:48:00 +0800] "GET /images/5/title.png HTTP/1.1" 200 791
192.168.2.168 - - [18/Dec/2017:09:48:00 +0800] "GET /images/1/121-135.png HTTP/1.1" 200 46541
192.168.2.168 - - [18/Dec/2017:09:48:00 +0800] "GET /images/1/adup.jpg HTTP/1.1" 200 64767
192.168.2.168 - - [18/Dec/2017:09:48:00 +0800] "GET /images/1/dowmap.jpg HTTP/1.1" 200 72096
0:0:0:0:0:0:0:1 - - [18/Dec/2017:09:48:25 +0800] "GET /css/iosSelect.css HTTP/1.1" 200 7851
0:0:0:0:0:0:0:1 - - [18/Dec/2017:09:48:25 +0800] "GET /js/index/style.css HTTP/1.1" 200 20727
0:0:0:0:0:0:0:1 - - [18/Dec/2017:09:48:25 +0800] "GET /css/iconfont.css HTTP/1.1" 200 9580
0:0:0:0:0:0:0:1 - - [18/Dec/2017:09:48:25 +0800] "GET /plugins/flexible.js HTTP/1.1" 200 1883
0:0:0:0:0:0:0:1 - - [18/Dec/2017:09:48:25 +0800] "GET /js/index/index.js HTTP/1.1" 200 23236
0:0:0:0:0:0:0:1 - - [18/Dec/2017:09:48:25 +0800] "GET /js/config.js HTTP/1.1" 200 1773
0:0:0:0:0:0:0:1 - - [18/Dec/2017:09:48:25 +0800] "GET /images/5/title.png HTTP/1.1" 200 791
0:0:0:0:0:0:0:1 - - [18/Dec/2017:09:48:25 +0800] "GET /images/1/121-135.png HTTP/1.1" 200 46541
0:0:0:0:0:0:0:1 - - [18/Dec/2017:09:48:25 +0800] "GET /images/1/dowmap.jpg HTTP/1.1" 200 72096
0:0:0:0:0:0:0:1 - - [18/Dec/2017:09:48:25 +0800] "GET /images/1/adup.jpg HTTP/1.1" 200 64767
0:0:0:0:0:0:0:1 - - [18/Dec/2017:09:48:25 +0800] "GET /js/require.js HTTP/1.1" 200 86670
0:0:0:0:0:0:0:1 - - [18/Dec/2017:09:48:25 +0800] "GET /js/index/style.css.map HTTP/1.1" 200 12467
0:0:0:0:0:0:0:1 - - [18/Dec/2017:09:48:25 +0800] "GET /plugins/lib/vue.min.js HTTP/1.1" 200 76004
0:0:0:0:0:0:0:1 - - [18/Dec/2017:09:48:25 +0800] "GET /plugins/lib/jquery.min.js HTTP/1.1" 200 85577
0:0:0:0:0:0:0:1 - - [18/Dec/2017:09:48:25 +0800] "GET /component/FooterBar/footerBar.js HTTP/1.1" 200 2013
0:0:0:0:0:0:0:1 - - [18/Dec/2017:09:48:25 +0800] "GET /plugins/funs/common.js HTTP/1.1" 200 3002
0:0:0:0:0:0:0:1 - - [18/Dec/2017:09:48:25 +0800] "GET /plugins/funs/count.js HTTP/1.1" 200 399
0:0:0:0:0:0:0:1 - - [18/Dec/2017:09:48:25 +0800] "GET /plugins/lib/echarts.min.js HTTP/1.1" 200 664016
0:0:0:0:0:0:0:1 - - [18/Dec/2017:09:48:25 +0800] "GET /plugins/lib/html2canvas.js HTTP/1.1" 200 144491
0:0:0:0:0:0:0:1 - - [18/Dec/2017:09:48:25 +0800] "POST /getAdvertising?_p=f75fd4c26d73dba25f96a1b47f14209d0adfa8e19a3a4d55bfff6e70605954a34d693c83d0a22452c4a8ff207db76bcb51c53a7e37f3faafe5dc5f4e4dd98347d54dff2abb6ae6bc9e87769f9d50cae1e8ab6f0a6a820215984dedbae9cf191db9994159a71fb15c445344670c50c58b7042de4a7ef793e9cc5084168c223553bc5efe59f5dd2d98c4f70a89b19ec9cb HTTP/1.1" 200 -
0:0:0:0:0:0:0:1 - - [18/Dec/2017:09:48:25 +0800] "GET /images/5/title.png HTTP/1.1" 200 791
0:0:0:0:0:0:0:1 - - [18/Dec/2017:09:48:25 +0800] "GET /images/1/121-135.png HTTP/1.1" 200 46541
0:0:0:0:0:0:0:1 - - [18/Dec/2017:09:48:25 +0800] "GET /images/1/adup.jpg HTTP/1.1" 200 64767
0:0:0:0:0:0:0:1 - - [18/Dec/2017:09:48:25 +0800] "GET /images/1/dowmap.jpg HTTP/1.1" 200 72096
0:0:0:0:0:0:0:1 - - [18/Dec/2017:09:48:25 +0800] "GET /images/1/home-icon.png HTTP/1.1" 200 5940
0:0:0:0:0:0:0:1 - - [18/Dec/2017:09:48:25 +0800] "GET /images/tab_bar_icon/nav-tab.png HTTP/1.1" 200 9743
0:0:0:0:0:0:0:1 - - [18/Dec/2017:09:48:25 +0800] "GET /images/1/right.png HTTP/1.1" 200 4346
0:0:0:0:0:0:0:1 - - [18/Dec/2017:09:48:25 +0800] "GET /images/1/indexBg.png HTTP/1.1" 200 78391
0:0:0:0:0:0:0:1 - - [18/Dec/2017:09:48:25 +0800] "GET /images/tab_bar_icon/nav-tab-active.png HTTP/1.1" 200 8521
0:0:0:0:0:0:0:1 - - [18/Dec/2017:09:48:26 +0800] "GET /weUserWeightList?_p=f75fd4c26d73dba25f96a1b47f14209d0adfa8e19a3a4d55bfff6e70605954a34d693c83d0a22452c4a8ff207db76bcb51c53a7e37f3faafe5dc5f4e4dd98347d54dff2abb6ae6bc9e87769f9d50cae1e8ab6f0a6a820215984dedbae9cf191db9994159a71fb15c445344670c50c58b7042de4a7ef793e9cc5084168c223553bc5efe59f5dd2d98c4f70a89b19ec9cb&type=1 HTTP/1.1" 200 380
0:0:0:0:0:0:0:1 - - [18/Dec/2017:09:49:24 +0800] "GET /profile.html?_p=f75fd4c26d73dba25f96a1b47f14209d0adfa8e19a3a4d55bfff6e70605954a34d693c83d0a22452c4a8ff207db76bcb51c53a7e37f3faafe5dc5f4e4dd98347d54dff2abb6ae6bc9e87769f9d50cae1e8ab6f0a6a820215984dedbae9cf191db9994159a71fb15c445344670c50c58b7042de4a7ef793e9cc5084168c223553bc5efe59f5dd2d98c4f70a89b19ec9cb HTTP/1.1" 500 318
0:0:0:0:0:0:0:1 - - [18/Dec/2017:14:27:26 +0800] "GET /css/iconfont.css HTTP/1.1" 200 9580
0:0:0:0:0:0:0:1 - - [18/Dec/2017:14:27:26 +0800] "GET /css/iosSelect.css HTTP/1.1" 200 7851
0:0:0:0:0:0:0:1 - - [18/Dec/2017:14:27:26 +0800] "GET /plugins/flexible.js HTTP/1.1" 200 1883
0:0:0:0:0:0:0:1 - - [18/Dec/2017:14:27:26 +0800] "GET /js/index/style.css HTTP/1.1" 200 20727
0:0:0:0:0:0:0:1 - - [18/Dec/2017:14:27:26 +0800] "GET /js/require.js HTTP/1.1" 200 86670
0:0:0:0:0:0:0:1 - - [18/Dec/2017:14:27:26 +0800] "GET /js/config.js HTTP/1.1" 200 1773
0:0:0:0:0:0:0:1 - - [18/Dec/2017:14:27:26 +0800] "GET /js/index/index.js HTTP/1.1" 200 23236
0:0:0:0:0:0:0:1 - - [18/Dec/2017:14:27:26 +0800] "GET /images/1/adup.jpg HTTP/1.1" 200 64767
0:0:0:0:0:0:0:1 - - [18/Dec/2017:14:27:26 +0800] "GET /images/5/title.png HTTP/1.1" 200 791
0:0:0:0:0:0:0:1 - - [18/Dec/2017:14:27:26 +0800] "GET /images/1/121-135.png HTTP/1.1" 200 46541
0:0:0:0:0:0:0:1 - - [18/Dec/2017:14:27:27 +0800] "GET /images/1/dowmap.jpg HTTP/1.1" 200 72096
0:0:0:0:0:0:0:1 - - [18/Dec/2017:14:27:27 +0800] "GET /js/index/style.css.map HTTP/1.1" 200 12467
0:0:0:0:0:0:0:1 - - [18/Dec/2017:14:27:27 +0800] "GET /plugins/funs/common.js HTTP/1.1" 200 3002
0:0:0:0:0:0:0:1 - - [18/Dec/2017:14:27:27 +0800] "GET /component/FooterBar/footerBar.js HTTP/1.1" 200 2013
0:0:0:0:0:0:0:1 - - [18/Dec/2017:14:27:27 +0800] "GET /plugins/lib/jquery.min.js HTTP/1.1" 200 85577
0:0:0:0:0:0:0:1 - - [18/Dec/2017:14:27:27 +0800] "GET /plugins/lib/vue.min.js HTTP/1.1" 200 76004
0:0:0:0:0:0:0:1 - - [18/Dec/2017:14:27:27 +0800] "GET /plugins/funs/count.js HTTP/1.1" 200 399
0:0:0:0:0:0:0:1 - - [18/Dec/2017:14:27:27 +0800] "GET /plugins/lib/echarts.min.js HTTP/1.1" 200 664016
0:0:0:0:0:0:0:1 - - [18/Dec/2017:14:27:27 +0800] "GET /plugins/lib/html2canvas.js HTTP/1.1" 200 144491
0:0:0:0:0:0:0:1 - - [18/Dec/2017:14:27:27 +0800] "POST /getAdvertising?_p=f75fd4c26d73dba25f96a1b47f14209d0adfa8e19a3a4d55bfff6e70605954a34d693c83d0a22452c4a8ff207db76bcb51c53a7e37f3faafe5dc5f4e4dd98347d54dff2abb6ae6bc9e87769f9d50cae1e8ab6f0a6a820215984dedbae9cf191db9994159a71fb15c445344670c50c58b7042de4a7ef793e9cc5084168c223553bc5efe59f5dd2d98c4f70a89b19ec9cb HTTP/1.1" 200 -
0:0:0:0:0:0:0:1 - - [18/Dec/2017:14:27:27 +0800] "GET /images/5/title.png HTTP/1.1" 200 791
0:0:0:0:0:0:0:1 - - [18/Dec/2017:14:27:27 +0800] "GET /images/1/adup.jpg HTTP/1.1" 200 64767
0:0:0:0:0:0:0:1 - - [18/Dec/2017:14:27:27 +0800] "GET /images/1/dowmap.jpg HTTP/1.1" 200 72096
0:0:0:0:0:0:0:1 - - [18/Dec/2017:14:27:27 +0800] "GET /images/1/121-135.png HTTP/1.1" 200 46541
0:0:0:0:0:0:0:1 - - [18/Dec/2017:14:27:27 +0800] "GET /images/1/right.png HTTP/1.1" 200 4346
0:0:0:0:0:0:0:1 - - [18/Dec/2017:14:27:27 +0800] "GET /images/tab_bar_icon/nav-tab.png HTTP/1.1" 200 9743
0:0:0:0:0:0:0:1 - - [18/Dec/2017:14:27:27 +0800] "GET /images/1/indexBg.png HTTP/1.1" 200 78391
0:0:0:0:0:0:0:1 - - [18/Dec/2017:14:27:27 +0800] "GET /images/tab_bar_icon/nav-tab-active.png HTTP/1.1" 200 8521
0:0:0:0:0:0:0:1 - - [18/Dec/2017:14:27:27 +0800] "GET /images/1/home-icon.png HTTP/1.1" 200 5940
